18:32:55 - TestReport - INFO - pending- test_tip_text_1___phone_num_None_tip____请输手机号__
18:32:58 - TestReport - INFO - pending- test_tip_text_1___phone_num_None_tip____请输手机号__
18:33:02 - TestReport - INFO - pending- test_tip_text_2___v_code_None____请输入验证码__
18:33:04 - TestReport - INFO - pending- test_tip_text_2___v_code_None____请输入验证码__
18:33:08 - TestReport - INFO - pending- test_ydy_test
18:33:09 - TestReport - INFO - pending- test_ydy_test
18:33:13 - TestReport - INFO - pending- test_ydy_test
18:33:13 - TestReport - INFO - pending- test_ydy_test
18:33:17 - TestReport - INFO - pending- test_ydy_test
18:33:17 - TestReport - INFO - pending- test_ydy_test
18:34:30 - TestReport - DEBUG - pending- test_tip_text_1___phone_num_None_tip____请输手机号__
18:34:33 - TestReport - DEBUG - end- test_tip_text_1___phone_num_None_tip____请输手机号__
18:34:38 - TestReport - DEBUG - pending- test_tip_text_2___v_code_None____请输入验证码__
18:34:41 - TestReport - DEBUG - end- test_tip_text_2___v_code_None____请输入验证码__
18:34:44 - TestReport - DEBUG - pending- test_ydy_test
18:34:46 - TestReport - DEBUG - end- test_ydy_test
18:34:50 - TestReport - DEBUG - pending- test_ydy_test
18:34:50 - TestReport - DEBUG - end- test_ydy_test
18:34:54 - TestReport - DEBUG - pending- test_ydy_test
18:34:54 - TestReport - DEBUG - end- test_ydy_test
21:25:01 - TestReport - DEBUG - FAILED reason:None is not true : 用例'test_tip_text'检验失败- method_nametest_tip_text - args:(<data_driven_test_case.DataDrivenTestCase testMethod=test_tip_text_1___phone_num_None_tip____请输手机号__>, ['phone_num_None_tip', '请输手机号']) - kwargs:{}
21:25:01 - TestReport - DEBUG - PASS- method_nametest_tip_text - args:(<data_driven_test_case.DataDrivenTestCase testMethod=test_tip_text_1___phone_num_None_tip____请输手机号__>, ['phone_num_None_tip', '请输手机号']) - kwargs:{}
21:25:09 - TestReport - DEBUG - PASS- method_nametest_tip_text - args:(<data_driven_test_case.DataDrivenTestCase testMethod=test_tip_text_2___v_code_None____请输入验证码__>, ['v_code_None', '请输入验证码']) - kwargs:{}
09:45:10 - TestReport - ERROR - FAILED reason:None is not true : 用例'test_tip_text'检验失败- method_nametest_tip_text - args:(<data_driven_test_case.DataDrivenTestCase testMethod=test_tip_text_1___phone_num_None_tip____请输手机号__>, ['phone_num_None_tip', '请输手机号']) - kwargs:{}
Traceback (most recent call last):
  File "/Users/bytedance/Desktop/test_framework/util/decorector.py", line 58, in inner_func
    func(*args, **kwargs)
  File "/Users/bytedance/Desktop/test_framework/test_case/data_driven_test_case.py", line 33, in test_tip_text
    self.assertTrue(expr=self.rb.assert_tip_text(key=key, text=assert_text),
  File "/Library/Frameworks/Python.framework/Versions/3.9/lib/python3.9/unittest/case.py", line 682, in assertTrue
    raise self.failureException(msg)
AssertionError: None is not true : 用例'test_tip_text'检验失败
09:45:10 - TestReport - DEBUG - PASS- method_nametest_tip_text - args:(<data_driven_test_case.DataDrivenTestCase testMethod=test_tip_text_1___phone_num_None_tip____请输手机号__>, ['phone_num_None_tip', '请输手机号']) - kwargs:{}
09:45:16 - TestReport - DEBUG - PASS- method_nametest_tip_text - args:(<data_driven_test_case.DataDrivenTestCase testMethod=test_tip_text_2___v_code_None____请输入验证码__>, ['v_code_None', '请输入验证码']) - kwargs:{}
22:54:24 - TestReport - DEBUG - PASS- method_namesend - args:(<__main__.Email object at 0x000001CF885AC490>,) - kwargs:{}
23:01:17 - TestReport - DEBUG - PASS- method_nametest122 - args:(('1', '2'),) - kwargs:{}
23:02:13 - TestReport - DEBUG - PASS- method_nametest122 - args:(1,) - kwargs:{}
17:40:17 - TestReport - DEBUG - PASS- method_name_command - args:(<async_webdriver.AsyncBrowser object at 0x7fb72855acd0>, 'POST', 'http://localhost:64888/session/c2da39e8c24b819d9e14e786f7943b1a/url', <aiohttp.client.ClientSession object at 0x7fb72855a700>) - kwargs:{'json': {'url': 'http://www.zhixuetong.com.cn/'}}
17:40:17 - TestReport - DEBUG - PASS- method_name_command - args:(<async_webdriver.AsyncBrowser object at 0x7fb72855acd0>, 'DELETE', 'http://localhost:64888/session/c2da39e8c24b819d9e14e786f7943b1a', <aiohttp.client.ClientSession object at 0x7fb72855a700>) - kwargs:{}
17:43:18 - TestReport - DEBUG - PASS- method_name_command - args:(<async_webdriver.AsyncBrowser object at 0x7fc6e0583be0>, 'POST', 'http://localhost:64989/session/10b88ec7eebbed80244373621e92e2e8/url', <aiohttp.client.ClientSession object at 0x7fc6e0583610>) - kwargs:{'json': {'url': 'http://www.zhixuetong.com.cn/'}}
17:43:18 - TestReport - DEBUG - PASS- method_name_command - args:(<async_webdriver.AsyncBrowser object at 0x7fc6e0583be0>, 'POST', 'http://localhost:64989/session/10b88ec7eebbed80244373621e92e2e8/element', <aiohttp.client.ClientSession object at 0x7fc6e0583610>) - kwargs:{'json': {'using': 'xpath', 'value': '//*[@id="frame_box"]/header/header/div/span/span[3]'}}
17:43:18 - TestReport - DEBUG - PASS- method_name_command - args:(<async_webdriver.AsyncBrowser object at 0x7fc6e0583be0>, 'DELETE', 'http://localhost:64989/session/10b88ec7eebbed80244373621e92e2e8', <aiohttp.client.ClientSession object at 0x7fc6e0583610>) - kwargs:{}
12:57:19 - TestReport - ERROR - FAILED reason:'classmethod' object has no attribute '__name__'- method_namemain: - args:([<class 'async_test.HomePage'>], 'http://localhost:51384', {'capabilities': {'firstMatch:': [{}], 'anywaysMatch': {'browserName': 'chrome', 'platformName': 'any', 'timeouts': {'implicit': 3000, 'pageLoad': 30000, 'script': 30000}, 'goog:chromeOptions': {'excludeSwitches': ['enable-automation'], 'args': ['--start-maximized'], 'prefs': {'credentials_enable_service': False, 'profile.password_manager_enabled': False}}}}}) - kwargs:{}
Traceback (most recent call last):
  File "/Users/bytedance/Desktop/test_framework/util/decorector.py", line 74, in inner_func
    await func(*args, **kwargs)
TypeError: 'classmethod' object is not callable

During handling of the above exception, another exception occurred:

Traceback (most recent call last):
  File "/Users/bytedance/Desktop/test_framework/util/decorector.py", line 74, in inner_func
    await func(*args, **kwargs)
  File "/Users/bytedance/Desktop/test_framework/async_selenium/async_main.py", line 17, in main
    driver = await AsyncBrowser.start(remote_server_driver=url, capabilities=caps, http_session=session)
  File "/Users/bytedance/Desktop/test_framework/util/decorector.py", line 77, in inner_func
    f'method_name{func.__name__}: - args:{args} - kwargs:{kwargs}',
AttributeError: 'classmethod' object has no attribute '__name__'
12:58:41 - TestReport - DEBUG - PASS- method_name_command: - args:(<async_webdriver.AsyncBrowser object at 0x7fcbb06bbc10>, 'POST', 'http://localhost:51398/session/557cf868b1b3e027b3770727419ef446/url', <aiohttp.client.ClientSession object at 0x7fcbb06bbf70>) - kwargs:{'json': {'url': 'http://www.zhixuetong.com.cn/'}}
12:58:41 - TestReport - DEBUG - PASS- method_name_command: - args:(<async_webdriver.AsyncBrowser object at 0x7fcbb06bbc10>, 'POST', 'http://localhost:51398/session/557cf868b1b3e027b3770727419ef446/element', <aiohttp.client.ClientSession object at 0x7fcbb06bbf70>) - kwargs:{'json': {'using': 'xpath', 'value': '//*[@id="frame_box"]/header/header/div/span/span[3]'}}
12:58:42 - TestReport - DEBUG - PASS- method_name_command: - args:(<async_webdriver.AsyncBrowser object at 0x7fcbb06bbc10>, 'DELETE', 'http://localhost:51398/session/557cf868b1b3e027b3770727419ef446', <aiohttp.client.ClientSession object at 0x7fcbb06bbf70>) - kwargs:{}
12:58:42 - TestReport - ERROR - FAILED reason:'NoneType' object has no attribute 'values'- method_namemain: - args:([<class 'async_test.HomePage'>], 'http://localhost:51398', {'capabilities': {'firstMatch:': [{}], 'anywaysMatch': {'browserName': 'chrome', 'platformName': 'any', 'timeouts': {'implicit': 3000, 'pageLoad': 30000, 'script': 30000}, 'goog:chromeOptions': {'excludeSwitches': ['enable-automation'], 'args': ['--start-maximized'], 'prefs': {'credentials_enable_service': False, 'profile.password_manager_enabled': False}}}}}) - kwargs:{}
Traceback (most recent call last):
  File "/Users/bytedance/Desktop/test_framework/util/decorector.py", line 74, in inner_func
    await func(*args, **kwargs)
  File "/Users/bytedance/Desktop/test_framework/async_selenium/async_main.py", line 25, in main
    await eval(f'instance.{attr}()')
  File "/Users/bytedance/Desktop/test_framework/async_selenium/async_test.py", line 18, in test
    await self.async_driver.click('xpath', '//*[@id="frame_box"]/header/header/div/span/span[3]')
  File "/Users/bytedance/Desktop/test_framework/async_selenium/async_webdriver.py", line 79, in click
    element = await self.find_element(*location)
  File "/Users/bytedance/Desktop/test_framework/async_selenium/async_webdriver.py", line 76, in find_element
    return AsyncElement(element_info, self._url, self._session)
  File "/Users/bytedance/Desktop/test_framework/async_selenium/async_element.py", line 13, in __init__
    self.element_id = element.values()[0]
AttributeError: 'NoneType' object has no attribute 'values'
14:14:01 - TestReport - DEBUG - PASS- method_name_command: - args:(<async_webdriver.AsyncBrowser object at 0x7f77b8414ac0>, 'POST', 'http://localhost:49672/session/7b5d108b0e6ca8bb073e1d7beb165fd0/url', <aiohttp.client.ClientSession object at 0x7f77b8414e20>) - kwargs:{'json': {'url': 'http://www.zhixuetong.com.cn/'}}
14:14:01 - TestReport - DEBUG - PASS- method_name_command: - args:(<async_webdriver.AsyncBrowser object at 0x7f77b8414ac0>, 'POST', 'http://localhost:49672/session/7b5d108b0e6ca8bb073e1d7beb165fd0/element', <aiohttp.client.ClientSession object at 0x7f77b8414e20>) - kwargs:{'json': {'using': 'xpath', 'value': '//*[@id="frame_box"]/header/header/div/span/span[3]'}}
14:14:01 - TestReport - DEBUG - PASS- method_name_command: - args:(<async_webdriver.AsyncBrowser object at 0x7f77b8414ac0>, 'DELETE', 'http://localhost:49672/session/7b5d108b0e6ca8bb073e1d7beb165fd0', <aiohttp.client.ClientSession object at 0x7f77b8414e20>) - kwargs:{}
14:14:01 - TestReport - ERROR - FAILED reason:'NoneType' object has no attribute 'values'- method_namemain: - args:([<class 'async_test.HomePage'>], 'http://localhost:49672', {'capabilities': {'firstMatch:': [{}], 'anywaysMatch': {'browserName': 'chrome', 'platformName': 'any', 'timeouts': {'implicit': 3000, 'pageLoad': 30000, 'script': 30000}, 'goog:chromeOptions': {'excludeSwitches': ['enable-automation'], 'args': ['--start-maximized'], 'prefs': {'credentials_enable_service': False, 'profile.password_manager_enabled': False}}}}}) - kwargs:{}
Traceback (most recent call last):
  File "/Users/bytedance/Desktop/test_framework/util/decorector.py", line 74, in inner_func
    await func(*args, **kwargs)
  File "/Users/bytedance/Desktop/test_framework/async_selenium/async_main.py", line 25, in main
    await eval(f'instance.{attr}()')
  File "/Users/bytedance/Desktop/test_framework/async_selenium/async_test.py", line 18, in test
    await self.async_driver.click('xpath', '//*[@id="frame_box"]/header/header/div/span/span[3]')
  File "/Users/bytedance/Desktop/test_framework/async_selenium/async_webdriver.py", line 79, in click
    element = await self.find_element(*location)
  File "/Users/bytedance/Desktop/test_framework/async_selenium/async_webdriver.py", line 76, in find_element
    return AsyncElement(element_info, self._url, self._session)
  File "/Users/bytedance/Desktop/test_framework/async_selenium/async_element.py", line 13, in __init__
    self.element_id = element.values()[0]
AttributeError: 'NoneType' object has no attribute 'values'
14:18:05 - TestReport - DEBUG - PASS- method_name_command: - args:(<async_webdriver.AsyncBrowser object at 0x7fce0806bbe0>, 'POST', 'http://localhost:49715/session/de3b15252961a63f67a921e3d199b37f/url', <aiohttp.client.ClientSession object at 0x7fce0806bf40>) - kwargs:{'json': {'url': 'http://www.zhixuetong.com.cn/'}}
14:18:05 - TestReport - DEBUG - PASS- method_name_command: - args:(<async_webdriver.AsyncBrowser object at 0x7fce0806bbe0>, 'POST', 'http://localhost:49715/session/de3b15252961a63f67a921e3d199b37f/element', <aiohttp.client.ClientSession object at 0x7fce0806bf40>) - kwargs:{'json': {'using': 'xpath', 'value': '//*[@id="frame_box"]/header/header/div/span/span[3]'}}
14:18:05 - TestReport - ERROR - FAILED reason:'NoneType' object has no attribute 'values'- method_name__init__: - args:(<async_selenium.async_element.AsyncElement object at 0x7fce080747c0>, None, 'http://localhost:49715/session/de3b15252961a63f67a921e3d199b37f', <aiohttp.client.ClientSession object at 0x7fce0806bf40>) - kwargs:{}
Traceback (most recent call last):
  File "/Users/bytedance/Desktop/test_framework/util/decorector.py", line 54, in inner_func
    func(*args, **kwargs)
  File "/Users/bytedance/Desktop/test_framework/async_selenium/async_element.py", line 15, in __init__
    self.element_id = element.values()[0]
AttributeError: 'NoneType' object has no attribute 'values'
14:18:05 - TestReport - DEBUG - PASS- method_name_command: - args:(<async_webdriver.AsyncBrowser object at 0x7fce0806bbe0>, 'DELETE', 'http://localhost:49715/session/de3b15252961a63f67a921e3d199b37f', <aiohttp.client.ClientSession object at 0x7fce0806bf40>) - kwargs:{}
14:18:05 - TestReport - ERROR - FAILED reason:'NoneType' object has no attribute 'values'- method_namemain: - args:([<class 'async_test.HomePage'>], 'http://localhost:49715', {'capabilities': {'firstMatch:': [{}], 'anywaysMatch': {'browserName': 'chrome', 'platformName': 'any', 'timeouts': {'implicit': 3000, 'pageLoad': 30000, 'script': 30000}, 'goog:chromeOptions': {'excludeSwitches': ['enable-automation'], 'args': ['--start-maximized'], 'prefs': {'credentials_enable_service': False, 'profile.password_manager_enabled': False}}}}}) - kwargs:{}
Traceback (most recent call last):
  File "/Users/bytedance/Desktop/test_framework/util/decorector.py", line 74, in inner_func
    await func(*args, **kwargs)
  File "/Users/bytedance/Desktop/test_framework/async_selenium/async_main.py", line 25, in main
    await eval(f'instance.{attr}()')
  File "/Users/bytedance/Desktop/test_framework/async_selenium/async_test.py", line 18, in test
    await self.async_driver.click('xpath', '//*[@id="frame_box"]/header/header/div/span/span[3]')
  File "/Users/bytedance/Desktop/test_framework/async_selenium/async_webdriver.py", line 79, in click
    element = await self.find_element(*location)
  File "/Users/bytedance/Desktop/test_framework/async_selenium/async_webdriver.py", line 76, in find_element
    return AsyncElement(element_info, self._url, self._session)
  File "/Users/bytedance/Desktop/test_framework/util/decorector.py", line 54, in inner_func
    func(*args, **kwargs)
  File "/Users/bytedance/Desktop/test_framework/async_selenium/async_element.py", line 15, in __init__
    self.element_id = element.values()[0]
AttributeError: 'NoneType' object has no attribute 'values'
14:21:01 - TestReport - DEBUG - PASS- method_name:_command: - args:(<async_webdriver.AsyncBrowser object at 0x7fa7602dcb80>, 'POST', 'http://localhost:49757/session/6f7e8d1538809fc1589ef68af50b0cc0/url', <aiohttp.client.ClientSession object at 0x7fa7602dcee0>) - kwargs:{'json': {'url': 'http://www.zhixuetong.com.cn/'}}
14:21:01 - TestReport - DEBUG - PASS- method_name:_command: - args:(<async_webdriver.AsyncBrowser object at 0x7fa7602dcb80>, 'POST', 'http://localhost:49757/session/6f7e8d1538809fc1589ef68af50b0cc0/element', <aiohttp.client.ClientSession object at 0x7fa7602dcee0>) - kwargs:{'json': {'using': 'xpath', 'value': '//*[@id="frame_box"]/header/header/div/span/span[3]'}}
14:21:01 - TestReport - ERROR - FAILED reason:'NoneType' object has no attribute 'values'- method_name:__init__: - args:(<async_selenium.async_element.AsyncElement object at 0x7fa7602e4760>, None, 'http://localhost:49757/session/6f7e8d1538809fc1589ef68af50b0cc0', <aiohttp.client.ClientSession object at 0x7fa7602dcee0>) - kwargs:{}
Traceback (most recent call last):
  File "/Users/bytedance/Desktop/test_framework/util/decorector.py", line 54, in inner_func
    func(*args, **kwargs)
  File "/Users/bytedance/Desktop/test_framework/async_selenium/async_element.py", line 15, in __init__
    self.element_id = element.values()[0]
AttributeError: 'NoneType' object has no attribute 'values'
14:21:01 - TestReport - DEBUG - PASS- method_name:_command: - args:(<async_webdriver.AsyncBrowser object at 0x7fa7602dcb80>, 'DELETE', 'http://localhost:49757/session/6f7e8d1538809fc1589ef68af50b0cc0', <aiohttp.client.ClientSession object at 0x7fa7602dcee0>) - kwargs:{}
14:21:01 - TestReport - ERROR - FAILED reason:'NoneType' object has no attribute 'values'- method_name:main - args:([<class 'async_test.HomePage'>], 'http://localhost:49757', {'capabilities': {'firstMatch:': [{}], 'anywaysMatch': {'browserName': 'chrome', 'platformName': 'any', 'timeouts': {'implicit': 3000, 'pageLoad': 30000, 'script': 30000}, 'goog:chromeOptions': {'excludeSwitches': ['enable-automation'], 'args': ['--start-maximized'], 'prefs': {'credentials_enable_service': False, 'profile.password_manager_enabled': False}}}}}) - kwargs:{}
Traceback (most recent call last):
  File "/Users/bytedance/Desktop/test_framework/util/decorector.py", line 74, in inner_func
    await func(*args, **kwargs)
  File "/Users/bytedance/Desktop/test_framework/async_selenium/async_main.py", line 25, in main
    await eval(f'instance.{attr}()')
  File "/Users/bytedance/Desktop/test_framework/async_selenium/async_test.py", line 18, in test
    await self.async_driver.click('xpath', '//*[@id="frame_box"]/header/header/div/span/span[3]')
  File "/Users/bytedance/Desktop/test_framework/async_selenium/async_webdriver.py", line 79, in click
    element = await self.find_element(*location)
  File "/Users/bytedance/Desktop/test_framework/async_selenium/async_webdriver.py", line 76, in find_element
    return AsyncElement(element_info, self._url, self._session)
  File "/Users/bytedance/Desktop/test_framework/util/decorector.py", line 54, in inner_func
    func(*args, **kwargs)
  File "/Users/bytedance/Desktop/test_framework/async_selenium/async_element.py", line 15, in __init__
    self.element_id = element.values()[0]
AttributeError: 'NoneType' object has no attribute 'values'
14:23:39 - TestReport - DEBUG - PASS- method_name:_command: - args:(<async_webdriver.AsyncBrowser object at 0x7fc6d046cb50>, 'POST', 'http://localhost:49798/session/685ffb403963e866159fd3c441dae7e7/url', <aiohttp.client.ClientSession object at 0x7fc6d046ceb0>) - kwargs:{'json': {'url': 'http://www.zhixuetong.com.cn/'}}
14:23:39 - TestReport - DEBUG - PASS- method_name:_command: - args:(<async_webdriver.AsyncBrowser object at 0x7fc6d046cb50>, 'DELETE', 'http://localhost:49798/session/685ffb403963e866159fd3c441dae7e7', <aiohttp.client.ClientSession object at 0x7fc6d046ceb0>) - kwargs:{}
14:23:39 - TestReport - DEBUG - PASS- method_name:main: - args:([<class 'async_test.HomePage'>], 'http://localhost:49798', {'capabilities': {'firstMatch:': [{}], 'anywaysMatch': {'browserName': 'chrome', 'platformName': 'any', 'timeouts': {'implicit': 3000, 'pageLoad': 30000, 'script': 30000}, 'goog:chromeOptions': {'excludeSwitches': ['enable-automation'], 'args': ['--start-maximized'], 'prefs': {'credentials_enable_service': False, 'profile.password_manager_enabled': False}}}}}) - kwargs:{}
14:32:23 - TestReport - DEBUG - PASS- method_name:_command: - args:(<async_webdriver.AsyncBrowser object at 0x7f8c683c3b80>, 'POST', 'http://localhost:49995/session/aa9f7fccc59a0684e66657f027c6a158/url', <aiohttp.client.ClientSession object at 0x7f8c683c3ee0>) - kwargs:{'json': {'url': 'http://www.zhixuetong.com.cn/'}}
14:32:23 - TestReport - DEBUG - PASS- method_name:_command: - args:(<async_webdriver.AsyncBrowser object at 0x7f8c683c3b80>, 'DELETE', 'http://localhost:49995/session/aa9f7fccc59a0684e66657f027c6a158', <aiohttp.client.ClientSession object at 0x7f8c683c3ee0>) - kwargs:{}
14:32:23 - TestReport - DEBUG - PASS- method_name:main: - args:([<class 'async_test.HomePage'>], 'http://localhost:49995', {'capabilities': {'firstMatch:': [{}], 'anywaysMatch': {'browserName': 'chrome', 'platformName': 'any', 'timeouts': {'implicit': 3000, 'pageLoad': 30000, 'script': 30000}, 'goog:chromeOptions': {'excludeSwitches': ['enable-automation']}}}}) - kwargs:{}
14:35:51 - TestReport - ERROR - FAILED reason:test() missing 1 required positional argument: 'PROJECT_URL'- method_name:test - args:(<async_test.HomePage object at 0x7fccf8250760>,) - kwargs:{}
Traceback (most recent call last):
  File "/Users/bytedance/Desktop/test_framework/util/decorector.py", line 74, in inner_func
    await func(*args, **kwargs)
TypeError: test() missing 1 required positional argument: 'PROJECT_URL'
14:35:51 - TestReport - DEBUG - PASS- method_name:_command: - args:(<async_webdriver.AsyncBrowser object at 0x7fcd082bbd60>, 'DELETE', 'http://localhost:50047/session/ca202dbcd3813c894ff5b0c134ee814b', <aiohttp.client.ClientSession object at 0x7fcd082bbfd0>) - kwargs:{}
14:35:51 - TestReport - ERROR - FAILED reason:test() missing 1 required positional argument: 'PROJECT_URL'- method_name:main - args:([<class 'async_test.HomePage'>], 'http://localhost:50047', {'capabilities': {'firstMatch:': [{}], 'anywaysMatch': {'browserName': 'chrome', 'platformName': 'any', 'timeouts': {'implicit': 3000, 'pageLoad': 30000, 'script': 30000}, 'goog:chromeOptions': {'excludeSwitches': ['enable-automation']}}}}) - kwargs:{}
Traceback (most recent call last):
  File "/Users/bytedance/Desktop/test_framework/util/decorector.py", line 74, in inner_func
    await func(*args, **kwargs)
  File "/Users/bytedance/Desktop/test_framework/async_selenium/async_main.py", line 25, in main
    await eval(f'instance.{attr}()')
  File "/Users/bytedance/Desktop/test_framework/util/decorector.py", line 74, in inner_func
    await func(*args, **kwargs)
TypeError: test() missing 1 required positional argument: 'PROJECT_URL'
14:36:50 - TestReport - ERROR - FAILED reason:test() missing 1 required positional argument: 'PROJECT_URL'- method_name:test - args:(<async_test.HomePage object at 0x7fcd802e8520>,) - kwargs:{}
Traceback (most recent call last):
  File "/Users/bytedance/Desktop/test_framework/util/decorector.py", line 74, in inner_func
    await func(*args, **kwargs)
TypeError: test() missing 1 required positional argument: 'PROJECT_URL'
14:36:50 - TestReport - DEBUG - PASS- method_name:_command: - args:(<async_webdriver.AsyncBrowser object at 0x7fcd901c4cd0>, 'DELETE', 'http://localhost:50057/session/None', <aiohttp.client.ClientSession object at 0x7fcd901c4fd0>) - kwargs:{}
14:36:50 - TestReport - ERROR - FAILED reason:test() missing 1 required positional argument: 'PROJECT_URL'- method_name:main - args:([<class 'async_test.HomePage'>], 'http://localhost:50057', {'capabilities': {'firstMatch:': [{}], 'anywaysMatch': {'browserName': 'chrome', 'platformName': 'any', 'timeouts': {'implicit': 3000, 'pageLoad': 30000, 'script': 30000}, 'goog:chromeOptions': {'excludeSwitches': ['enable-automation']}}}}) - kwargs:{}
Traceback (most recent call last):
  File "/Users/bytedance/Desktop/test_framework/util/decorector.py", line 74, in inner_func
    await func(*args, **kwargs)
  File "/Users/bytedance/Desktop/test_framework/async_selenium/async_main.py", line 25, in main
    await eval(f'instance.{attr}()')
  File "/Users/bytedance/Desktop/test_framework/util/decorector.py", line 74, in inner_func
    await func(*args, **kwargs)
TypeError: test() missing 1 required positional argument: 'PROJECT_URL'
14:37:08 - TestReport - ERROR - FAILED reason:test() missing 1 required positional argument: 'PROJECT_URL'- method_name:test - args:(<async_test.HomePage object at 0x7f8260281520>,) - kwargs:{}
Traceback (most recent call last):
  File "/Users/bytedance/Desktop/test_framework/util/decorector.py", line 74, in inner_func
    await func(*args, **kwargs)
TypeError: test() missing 1 required positional argument: 'PROJECT_URL'
14:37:08 - TestReport - DEBUG - PASS- method_name:_command: - args:(<async_webdriver.AsyncBrowser object at 0x7f8248284c70>, 'DELETE', 'http://localhost:50063/session/None', <aiohttp.client.ClientSession object at 0x7f8248284fa0>) - kwargs:{}
14:37:08 - TestReport - ERROR - FAILED reason:test() missing 1 required positional argument: 'PROJECT_URL'- method_name:main - args:([<class 'async_test.HomePage'>], 'http://localhost:50063', {'capabilities': {'firstMatch:': [{}], 'anywaysMatch': {'browserName': 'chrome', 'platformName': 'any', 'timeouts': {'implicit': 3000, 'pageLoad': 30000, 'script': 30000}, 'goog:chromeOptions': {'excludeSwitches': ['enable-automation']}}}}) - kwargs:{}
Traceback (most recent call last):
  File "/Users/bytedance/Desktop/test_framework/util/decorector.py", line 74, in inner_func
    await func(*args, **kwargs)
  File "/Users/bytedance/Desktop/test_framework/async_selenium/async_main.py", line 25, in main
    await eval(f'instance.{attr}()')
  File "/Users/bytedance/Desktop/test_framework/util/decorector.py", line 74, in inner_func
    await func(*args, **kwargs)
TypeError: test() missing 1 required positional argument: 'PROJECT_URL'
14:37:54 - TestReport - ERROR - FAILED reason:Message: invalid session id
- method_name:_command - args:(<async_webdriver.AsyncBrowser object at 0x7f89d87bcbe0>, 'POST', 'http://localhost:50073/session/None/url', <aiohttp.client.ClientSession object at 0x7f89d87bcf40>) - kwargs:{'json': {'url': 'http://www.zhixuetong.com.cn/'}}
Traceback (most recent call last):
  File "/Users/bytedance/Desktop/test_framework/util/decorector.py", line 74, in inner_func
    await func(*args, **kwargs)
  File "/Users/bytedance/Desktop/test_framework/async_selenium/async_http_client.py", line 27, in _command
    self._error_handler.check_response(json_res)
  File "/Library/Frameworks/Python.framework/Versions/3.9/lib/python3.9/site-packages/selenium/webdriver/remote/errorhandler.py", line 242, in check_response
    raise exception_class(message, screen, stacktrace)
selenium.common.exceptions.WebDriverException: Message: invalid session id

14:37:54 - TestReport - ERROR - FAILED reason:Message: invalid session id
- method_name:test - args:(<async_test.HomePage object at 0x7f89b8063f40>,) - kwargs:{}
Traceback (most recent call last):
  File "/Users/bytedance/Desktop/test_framework/util/decorector.py", line 74, in inner_func
    await func(*args, **kwargs)
  File "/Users/bytedance/Desktop/test_framework/async_selenium/async_test.py", line 19, in test
    await self.get(url=PROJECT_URL)
  File "/Users/bytedance/Desktop/test_framework/async_selenium/async_test.py", line 13, in get
    await self.async_driver.get(url)
  File "/Users/bytedance/Desktop/test_framework/async_selenium/async_webdriver.py", line 57, in get
    return await self._command("POST", "/url", json=json)
  File "/Users/bytedance/Desktop/test_framework/async_selenium/async_webdriver.py", line 51, in _command
    await super(AsyncBrowser, self)._command(method, self._url + endpoint, self._session, **kwargs)
  File "/Users/bytedance/Desktop/test_framework/util/decorector.py", line 74, in inner_func
    await func(*args, **kwargs)
  File "/Users/bytedance/Desktop/test_framework/async_selenium/async_http_client.py", line 27, in _command
    self._error_handler.check_response(json_res)
  File "/Library/Frameworks/Python.framework/Versions/3.9/lib/python3.9/site-packages/selenium/webdriver/remote/errorhandler.py", line 242, in check_response
    raise exception_class(message, screen, stacktrace)
selenium.common.exceptions.WebDriverException: Message: invalid session id

14:37:54 - TestReport - DEBUG - PASS- method_name:_command: - args:(<async_webdriver.AsyncBrowser object at 0x7f89d87bcbe0>, 'DELETE', 'http://localhost:50073/session/None', <aiohttp.client.ClientSession object at 0x7f89d87bcf40>) - kwargs:{}
14:37:54 - TestReport - ERROR - FAILED reason:Message: invalid session id
- method_name:main - args:([<class 'async_test.HomePage'>], 'http://localhost:50073', {'capabilities': {'firstMatch:': [{}], 'anywaysMatch': {'browserName': 'chrome', 'platformName': 'any', 'timeouts': {'implicit': 3000, 'pageLoad': 30000, 'script': 30000}, 'goog:chromeOptions': {'excludeSwitches': ['enable-automation']}}}}) - kwargs:{}
Traceback (most recent call last):
  File "/Users/bytedance/Desktop/test_framework/util/decorector.py", line 74, in inner_func
    await func(*args, **kwargs)
  File "/Users/bytedance/Desktop/test_framework/async_selenium/async_main.py", line 25, in main
    await eval(f'instance.{attr}()')
  File "/Users/bytedance/Desktop/test_framework/util/decorector.py", line 74, in inner_func
    await func(*args, **kwargs)
  File "/Users/bytedance/Desktop/test_framework/async_selenium/async_test.py", line 19, in test
    await self.get(url=PROJECT_URL)
  File "/Users/bytedance/Desktop/test_framework/async_selenium/async_test.py", line 13, in get
    await self.async_driver.get(url)
  File "/Users/bytedance/Desktop/test_framework/async_selenium/async_webdriver.py", line 57, in get
    return await self._command("POST", "/url", json=json)
  File "/Users/bytedance/Desktop/test_framework/async_selenium/async_webdriver.py", line 51, in _command
    await super(AsyncBrowser, self)._command(method, self._url + endpoint, self._session, **kwargs)
  File "/Users/bytedance/Desktop/test_framework/util/decorector.py", line 74, in inner_func
    await func(*args, **kwargs)
  File "/Users/bytedance/Desktop/test_framework/async_selenium/async_http_client.py", line 27, in _command
    self._error_handler.check_response(json_res)
  File "/Library/Frameworks/Python.framework/Versions/3.9/lib/python3.9/site-packages/selenium/webdriver/remote/errorhandler.py", line 242, in check_response
    raise exception_class(message, screen, stacktrace)
selenium.common.exceptions.WebDriverException: Message: invalid session id

14:38:21 - TestReport - DEBUG - PASS- method_name:_command: - args:(<async_webdriver.AsyncBrowser object at 0x7fec3055ccd0>, 'POST', 'http://localhost:50080/session/cc1188082cf800dbd565763d5a739525/url', <aiohttp.client.ClientSession object at 0x7fec3055cfd0>) - kwargs:{'json': {'url': 'http://www.zhixuetong.com.cn/'}}
14:38:21 - TestReport - DEBUG - PASS- method_name:test: - args:(<async_test.HomePage object at 0x7fec40111550>,) - kwargs:{}
14:38:21 - TestReport - DEBUG - PASS- method_name:_command: - args:(<async_webdriver.AsyncBrowser object at 0x7fec3055ccd0>, 'DELETE', 'http://localhost:50080/session/cc1188082cf800dbd565763d5a739525', <aiohttp.client.ClientSession object at 0x7fec3055cfd0>) - kwargs:{}
14:38:21 - TestReport - DEBUG - PASS- method_name:main: - args:([<class 'async_test.HomePage'>], 'http://localhost:50080', {'capabilities': {'firstMatch:': [{}], 'anywaysMatch': {'browserName': 'chrome', 'platformName': 'any', 'timeouts': {'implicit': 3000, 'pageLoad': 30000, 'script': 30000}, 'goog:chromeOptions': {'excludeSwitches': ['enable-automation']}}}}) - kwargs:{}
14:40:17 - TestReport - DEBUG - PASS- method_name:_command: - args:(<async_webdriver.AsyncBrowser object at 0x7fddf81c4d60>, 'POST', 'http://localhost:50120/session/b6fe94361cd2fc81f62e547d83b8e9de/url', <aiohttp.client.ClientSession object at 0x7fddf81c4e50>) - kwargs:{'json': {'url': 'http://www.zhixuetong.com.cn/'}}
14:40:17 - TestReport - DEBUG - PASS- method_name:test: - args:(<async_test.HomePage object at 0x7fde002d1730>,) - kwargs:{}
14:40:18 - TestReport - DEBUG - PASS- method_name:_command: - args:(<async_webdriver.AsyncBrowser object at 0x7fddf81c4d60>, 'DELETE', 'http://localhost:50120/session/b6fe94361cd2fc81f62e547d83b8e9de', <aiohttp.client.ClientSession object at 0x7fddf81c4e50>) - kwargs:{}
14:40:18 - TestReport - DEBUG - PASS- method_name:main: - args:([<class 'async_test.HomePage'>], 'http://localhost:50120', {'capabilities': {'firstMatch:': [{}], 'anywaysMatch': {'browserName': 'chrome', 'platformName': 'any', 'timeouts': {'implicit': 3000, 'pageLoad': 30000, 'script': 30000}, 'goog:chromeOptions': {'excludeSwitches': ['disable-automation'], 'mobileEmulation': {'deviceName': 'iPhone 6'}}}}}) - kwargs:{}
14:41:06 - TestReport - DEBUG - PASS- method_name:_command: - args:(<async_webdriver.AsyncBrowser object at 0x7fe3f01f4c70>, 'POST', 'http://localhost:50155/session/4f4b141b902367167f4eca39c7ac0b71/url', <aiohttp.client.ClientSession object at 0x7fe3f01f4fa0>) - kwargs:{'json': {'url': 'http://www.zhixuetong.com.cn/'}}
14:41:06 - TestReport - DEBUG - PASS- method_name:test: - args:(<async_test.HomePage object at 0x7fe4202014c0>,) - kwargs:{}
14:41:06 - TestReport - DEBUG - PASS- method_name:_command: - args:(<async_webdriver.AsyncBrowser object at 0x7fe3f01f4c70>, 'DELETE', 'http://localhost:50155/session/4f4b141b902367167f4eca39c7ac0b71', <aiohttp.client.ClientSession object at 0x7fe3f01f4fa0>) - kwargs:{}
14:41:06 - TestReport - DEBUG - PASS- method_name:main: - args:([<class 'async_test.HomePage'>], 'http://localhost:50155', {'capabilities': {'firstMatch:': [{}], 'anywaysMatch': {'browserName': 'chrome', 'platformName': 'linux', 'timeouts': {'implicit': 3000, 'pageLoad': 30000, 'script': 30000}, 'goog:chromeOptions': {'excludeSwitches': ['enable-automation'], 'mobileEmulation': {'deviceName': 'iPhone 6'}}}}}) - kwargs:{}
14:41:25 - TestReport - DEBUG - PASS- method_name:_command: - args:(<async_webdriver.AsyncBrowser object at 0x7fc968703b80>, 'POST', 'http://localhost:50189/session/2bf91a61ac91093d438ecf0a9def5230/url', <aiohttp.client.ClientSession object at 0x7fc968703ee0>) - kwargs:{'json': {'url': 'http://www.zhixuetong.com.cn/'}}
14:41:25 - TestReport - DEBUG - PASS- method_name:test: - args:(<async_test.HomePage object at 0x7fc95810a640>,) - kwargs:{}
14:41:25 - TestReport - DEBUG - PASS- method_name:_command: - args:(<async_webdriver.AsyncBrowser object at 0x7fc968703b80>, 'DELETE', 'http://localhost:50189/session/2bf91a61ac91093d438ecf0a9def5230', <aiohttp.client.ClientSession object at 0x7fc968703ee0>) - kwargs:{}
14:41:25 - TestReport - DEBUG - PASS- method_name:main: - args:([<class 'async_test.HomePage'>], 'http://localhost:50189', {'capabilities': {'firstMatch:': [{}], 'anywaysMatch': {'browserName': 'chrome', 'platformName': 'linux', 'timeouts': {'implicit': 3000, 'pageLoad': 30000, 'script': 30000}, 'goog:chromeOptions': {'excludeSwitches': ['enable-automation'], 'mobileEmulation': {'deviceName': 'iPhone 6'}, 'args': ['--start-maximized', '--headless']}}}}) - kwargs:{}
14:43:32 - TestReport - ERROR - FAILED reason:Message: invalid session id
- method_name:_command - args:(<async_webdriver.AsyncBrowser object at 0x7fda205c4c10>, 'POST', 'http://localhost:50317/session/None/url', <aiohttp.client.ClientSession object at 0x7fda205c4f70>) - kwargs:{'json': {'url': 'http://www.zhixuetong.com.cn/'}}
Traceback (most recent call last):
  File "/Users/bytedance/Desktop/test_framework/util/decorector.py", line 74, in inner_func
    await func(*args, **kwargs)
  File "/Users/bytedance/Desktop/test_framework/async_selenium/async_http_client.py", line 27, in _command
    self._error_handler.check_response(json_res)
  File "/Library/Frameworks/Python.framework/Versions/3.9/lib/python3.9/site-packages/selenium/webdriver/remote/errorhandler.py", line 242, in check_response
    raise exception_class(message, screen, stacktrace)
selenium.common.exceptions.WebDriverException: Message: invalid session id

14:43:32 - TestReport - ERROR - FAILED reason:Message: invalid session id
- method_name:test - args:(<async_test.HomePage object at 0x7fda000d1670>,) - kwargs:{}
Traceback (most recent call last):
  File "/Users/bytedance/Desktop/test_framework/util/decorector.py", line 74, in inner_func
    await func(*args, **kwargs)
  File "/Users/bytedance/Desktop/test_framework/async_selenium/async_test.py", line 19, in test
    await self.get(url=PROJECT_URL)
  File "/Users/bytedance/Desktop/test_framework/async_selenium/async_test.py", line 13, in get
    await self.async_driver.get(url)
  File "/Users/bytedance/Desktop/test_framework/async_selenium/async_webdriver.py", line 57, in get
    return await self._command("POST", "/url", json=json)
  File "/Users/bytedance/Desktop/test_framework/async_selenium/async_webdriver.py", line 51, in _command
    await super(AsyncBrowser, self)._command(method, self._url + endpoint, self._session, **kwargs)
  File "/Users/bytedance/Desktop/test_framework/util/decorector.py", line 74, in inner_func
    await func(*args, **kwargs)
  File "/Users/bytedance/Desktop/test_framework/async_selenium/async_http_client.py", line 27, in _command
    self._error_handler.check_response(json_res)
  File "/Library/Frameworks/Python.framework/Versions/3.9/lib/python3.9/site-packages/selenium/webdriver/remote/errorhandler.py", line 242, in check_response
    raise exception_class(message, screen, stacktrace)
selenium.common.exceptions.WebDriverException: Message: invalid session id

14:43:32 - TestReport - DEBUG - PASS- method_name:_command: - args:(<async_webdriver.AsyncBrowser object at 0x7fda205c4c10>, 'DELETE', 'http://localhost:50317/session/None', <aiohttp.client.ClientSession object at 0x7fda205c4f70>) - kwargs:{}
14:43:32 - TestReport - ERROR - FAILED reason:Message: invalid session id
- method_name:main - args:([<class 'async_test.HomePage'>], 'http://localhost:50317', {}) - kwargs:{}
Traceback (most recent call last):
  File "/Users/bytedance/Desktop/test_framework/util/decorector.py", line 74, in inner_func
    await func(*args, **kwargs)
  File "/Users/bytedance/Desktop/test_framework/async_selenium/async_main.py", line 25, in main
    await eval(f'instance.{attr}()')
  File "/Users/bytedance/Desktop/test_framework/util/decorector.py", line 74, in inner_func
    await func(*args, **kwargs)
  File "/Users/bytedance/Desktop/test_framework/async_selenium/async_test.py", line 19, in test
    await self.get(url=PROJECT_URL)
  File "/Users/bytedance/Desktop/test_framework/async_selenium/async_test.py", line 13, in get
    await self.async_driver.get(url)
  File "/Users/bytedance/Desktop/test_framework/async_selenium/async_webdriver.py", line 57, in get
    return await self._command("POST", "/url", json=json)
  File "/Users/bytedance/Desktop/test_framework/async_selenium/async_webdriver.py", line 51, in _command
    await super(AsyncBrowser, self)._command(method, self._url + endpoint, self._session, **kwargs)
  File "/Users/bytedance/Desktop/test_framework/util/decorector.py", line 74, in inner_func
    await func(*args, **kwargs)
  File "/Users/bytedance/Desktop/test_framework/async_selenium/async_http_client.py", line 27, in _command
    self._error_handler.check_response(json_res)
  File "/Library/Frameworks/Python.framework/Versions/3.9/lib/python3.9/site-packages/selenium/webdriver/remote/errorhandler.py", line 242, in check_response
    raise exception_class(message, screen, stacktrace)
selenium.common.exceptions.WebDriverException: Message: invalid session id

14:43:52 - TestReport - DEBUG - PASS- method_name:_command: - args:(<async_webdriver.AsyncBrowser object at 0x7fc3f80acbb0>, 'POST', 'http://localhost:50327/session/3156e715cb2ec2f41e2168e84d4891bf/url', <aiohttp.client.ClientSession object at 0x7fc3f80acf10>) - kwargs:{'json': {'url': 'http://www.zhixuetong.com.cn/'}}
14:43:52 - TestReport - DEBUG - PASS- method_name:test: - args:(<async_test.HomePage object at 0x7fc3c8301610>,) - kwargs:{}
14:43:52 - TestReport - DEBUG - PASS- method_name:_command: - args:(<async_webdriver.AsyncBrowser object at 0x7fc3f80acbb0>, 'DELETE', 'http://localhost:50327/session/3156e715cb2ec2f41e2168e84d4891bf', <aiohttp.client.ClientSession object at 0x7fc3f80acf10>) - kwargs:{}
14:43:52 - TestReport - DEBUG - PASS- method_name:main: - args:([<class 'async_test.HomePage'>], 'http://localhost:50327', {'capabilities': {}}) - kwargs:{}
14:53:17 - TestReport - ERROR - FAILED reason:Message: invalid session id
- method_name:_command - args:(<async_webdriver.AsyncBrowser object at 0x7fdf1029cc70>, 'POST', 'http://localhost:50659/session/None/url', <aiohttp.client.ClientSession object at 0x7fdf1029cfa0>) - kwargs:{'json': {'url': 'http://www.zhixuetong.com.cn/'}}
Traceback (most recent call last):
  File "/Users/bytedance/Desktop/test_framework/util/decorector.py", line 74, in inner_func
    await func(*args, **kwargs)
  File "/Users/bytedance/Desktop/test_framework/async_selenium/async_http_client.py", line 27, in _command
    self._error_handler.check_response(json_res)
  File "/Library/Frameworks/Python.framework/Versions/3.9/lib/python3.9/site-packages/selenium/webdriver/remote/errorhandler.py", line 242, in check_response
    raise exception_class(message, screen, stacktrace)
selenium.common.exceptions.WebDriverException: Message: invalid session id

14:53:17 - TestReport - ERROR - FAILED reason:Message: invalid session id
- method_name:test - args:(<async_test.HomePage object at 0x7fdf1032a4c0>,) - kwargs:{}
Traceback (most recent call last):
  File "/Users/bytedance/Desktop/test_framework/util/decorector.py", line 74, in inner_func
    await func(*args, **kwargs)
  File "/Users/bytedance/Desktop/test_framework/async_selenium/async_test.py", line 19, in test
    await self.get(url=PROJECT_URL)
  File "/Users/bytedance/Desktop/test_framework/async_selenium/async_test.py", line 13, in get
    await self.async_driver.get(url)
  File "/Users/bytedance/Desktop/test_framework/async_selenium/async_webdriver.py", line 57, in get
    return await self._command("POST", "/url", json=json)
  File "/Users/bytedance/Desktop/test_framework/async_selenium/async_webdriver.py", line 51, in _command
    await super(AsyncBrowser, self)._command(method, self._url + endpoint, self._session, **kwargs)
  File "/Users/bytedance/Desktop/test_framework/util/decorector.py", line 74, in inner_func
    await func(*args, **kwargs)
  File "/Users/bytedance/Desktop/test_framework/async_selenium/async_http_client.py", line 27, in _command
    self._error_handler.check_response(json_res)
  File "/Library/Frameworks/Python.framework/Versions/3.9/lib/python3.9/site-packages/selenium/webdriver/remote/errorhandler.py", line 242, in check_response
    raise exception_class(message, screen, stacktrace)
selenium.common.exceptions.WebDriverException: Message: invalid session id

14:53:17 - TestReport - DEBUG - PASS- method_name:_command: - args:(<async_webdriver.AsyncBrowser object at 0x7fdf1029cc70>, 'DELETE', 'http://localhost:50659/session/None', <aiohttp.client.ClientSession object at 0x7fdf1029cfa0>) - kwargs:{}
14:53:17 - TestReport - ERROR - FAILED reason:Message: invalid session id
- method_name:main - args:([<class 'async_test.HomePage'>], 'http://localhost:50659', {'capabilities': {'firstMatch:': [{}], 'alwaysMatch': {'browserName': 'chrome', 'platformName': 'linux', 'timeouts': {'implicit': 3000, 'pageLoad': 30000, 'script': 30000}, 'goog:chromeOptions': {'excludeSwitches': ['enable-automation'], 'mobileEmulation': {'deviceName': 'iPhone 6'}, 'args': ['--start-maximized', '--headless']}}}}) - kwargs:{}
Traceback (most recent call last):
  File "/Users/bytedance/Desktop/test_framework/util/decorector.py", line 74, in inner_func
    await func(*args, **kwargs)
  File "/Users/bytedance/Desktop/test_framework/async_selenium/async_main.py", line 25, in main
    await eval(f'instance.{attr}()')
  File "/Users/bytedance/Desktop/test_framework/util/decorector.py", line 74, in inner_func
    await func(*args, **kwargs)
  File "/Users/bytedance/Desktop/test_framework/async_selenium/async_test.py", line 19, in test
    await self.get(url=PROJECT_URL)
  File "/Users/bytedance/Desktop/test_framework/async_selenium/async_test.py", line 13, in get
    await self.async_driver.get(url)
  File "/Users/bytedance/Desktop/test_framework/async_selenium/async_webdriver.py", line 57, in get
    return await self._command("POST", "/url", json=json)
  File "/Users/bytedance/Desktop/test_framework/async_selenium/async_webdriver.py", line 51, in _command
    await super(AsyncBrowser, self)._command(method, self._url + endpoint, self._session, **kwargs)
  File "/Users/bytedance/Desktop/test_framework/util/decorector.py", line 74, in inner_func
    await func(*args, **kwargs)
  File "/Users/bytedance/Desktop/test_framework/async_selenium/async_http_client.py", line 27, in _command
    self._error_handler.check_response(json_res)
  File "/Library/Frameworks/Python.framework/Versions/3.9/lib/python3.9/site-packages/selenium/webdriver/remote/errorhandler.py", line 242, in check_response
    raise exception_class(message, screen, stacktrace)
selenium.common.exceptions.WebDriverException: Message: invalid session id

14:53:57 - TestReport - DEBUG - PASS- method_name:_command: - args:(<async_webdriver.AsyncBrowser object at 0x7faa80173040>, 'POST', 'http://localhost:50672/session/11d3a94dcf03af4f063add5278dfcd9d/url', <aiohttp.client.ClientSession object at 0x7faa8016bf70>) - kwargs:{'json': {'url': 'http://www.zhixuetong.com.cn/'}}
14:53:57 - TestReport - DEBUG - PASS- method_name:test: - args:(<async_test.HomePage object at 0x7faa80186fd0>,) - kwargs:{}
14:53:57 - TestReport - DEBUG - PASS- method_name:_command: - args:(<async_webdriver.AsyncBrowser object at 0x7faa80173040>, 'DELETE', 'http://localhost:50672/session/11d3a94dcf03af4f063add5278dfcd9d', <aiohttp.client.ClientSession object at 0x7faa8016bf70>) - kwargs:{}
14:53:57 - TestReport - DEBUG - PASS- method_name:main: - args:([<class 'async_test.HomePage'>], 'http://localhost:50672', {'capabilities': {}}) - kwargs:{}
14:54:11 - TestReport - DEBUG - PASS- method_name:_command: - args:(<async_webdriver.AsyncBrowser object at 0x7fa038774cd0>, 'POST', 'http://localhost:50707/session/62f71ab17c39d7b323a928fd3178d0e0/url', <aiohttp.client.ClientSession object at 0x7fa038774fd0>) - kwargs:{'json': {'url': 'http://www.zhixuetong.com.cn/'}}
14:54:11 - TestReport - DEBUG - PASS- method_name:test: - args:(<async_test.HomePage object at 0x7fa0282f95e0>,) - kwargs:{}
14:54:12 - TestReport - DEBUG - PASS- method_name:_command: - args:(<async_webdriver.AsyncBrowser object at 0x7fa038774cd0>, 'DELETE', 'http://localhost:50707/session/62f71ab17c39d7b323a928fd3178d0e0', <aiohttp.client.ClientSession object at 0x7fa038774fd0>) - kwargs:{}
14:54:12 - TestReport - DEBUG - PASS- method_name:main: - args:([<class 'async_test.HomePage'>], 'http://localhost:50707', {'capabilities': {'firstMatch:': [{}]}}) - kwargs:{}
14:55:27 - TestReport - DEBUG - PASS- method_name:_command: - args:(<async_webdriver.AsyncBrowser object at 0x7ff478834d60>, 'POST', 'http://localhost:50744/session/e0fb9aca346162f684f7e568aadc8ac1/url', <aiohttp.client.ClientSession object at 0x7ff478834fd0>) - kwargs:{'json': {'url': 'http://www.zhixuetong.com.cn/'}}
14:55:27 - TestReport - DEBUG - PASS- method_name:test: - args:(<async_test.HomePage object at 0x7ff4582ca6a0>,) - kwargs:{}
14:55:28 - TestReport - DEBUG - PASS- method_name:_command: - args:(<async_webdriver.AsyncBrowser object at 0x7ff478834d60>, 'DELETE', 'http://localhost:50744/session/e0fb9aca346162f684f7e568aadc8ac1', <aiohttp.client.ClientSession object at 0x7ff478834fd0>) - kwargs:{}
14:55:28 - TestReport - DEBUG - PASS- method_name:main: - args:([<class 'async_test.HomePage'>], 'http://localhost:50744', {'capabilities': {'firstMatch:': [{}], 'alwaysMatch': {'browserName': 'chrome', 'platformName': 'any', 'timeouts': {'implicit': 30000, 'pageLoad': 300000, 'script': 30000}, 'goog:chromeOptions': {'excludeSwitches': ['enable-automation'], 'mobileEmulation': {'deviceName': 'iPhone 6'}, 'args': ['--start-maximized', '--headless']}}}}) - kwargs:{}
14:55:36 - TestReport - DEBUG - PASS- method_name:_command: - args:(<async_webdriver.AsyncBrowser object at 0x7fe2a825cc70>, 'POST', 'http://localhost:50778/session/0ce4fc1bce7cf3bda12177d86e5b14af/url', <aiohttp.client.ClientSession object at 0x7fe2a825cfa0>) - kwargs:{'json': {'url': 'http://www.zhixuetong.com.cn/'}}
14:55:36 - TestReport - DEBUG - PASS- method_name:test: - args:(<async_test.HomePage object at 0x7fe2b03b1700>,) - kwargs:{}
14:55:36 - TestReport - DEBUG - PASS- method_name:_command: - args:(<async_webdriver.AsyncBrowser object at 0x7fe2a825cc70>, 'DELETE', 'http://localhost:50778/session/0ce4fc1bce7cf3bda12177d86e5b14af', <aiohttp.client.ClientSession object at 0x7fe2a825cfa0>) - kwargs:{}
14:55:36 - TestReport - DEBUG - PASS- method_name:main: - args:([<class 'async_test.HomePage'>], 'http://localhost:50778', {'capabilities': {'firstMatch:': [{}], 'alwaysMatch': {'browserName': 'chrome', 'platformName': 'any', 'timeouts': {'implicit': 30000, 'pageLoad': 300000, 'script': 30000}, 'goog:chromeOptions': {'excludeSwitches': ['enable-automation'], 'mobileEmulation': {'deviceName': 'iPhone 6'}, 'args': ['--start-maximized', '--headless']}}}}) - kwargs:{}
14:55:47 - TestReport - DEBUG - PASS- method_name:_command: - args:(<async_webdriver.AsyncBrowser object at 0x7fbd50874c70>, 'POST', 'http://localhost:50813/session/0d1b41f8024954dd4c3fb84bf9e5a810/url', <aiohttp.client.ClientSession object at 0x7fbd50874fa0>) - kwargs:{'json': {'url': 'http://www.zhixuetong.com.cn/'}}
14:55:47 - TestReport - DEBUG - PASS- method_name:test: - args:(<async_test.HomePage object at 0x7fbd900fa4c0>,) - kwargs:{}
14:55:48 - TestReport - DEBUG - PASS- method_name:_command: - args:(<async_webdriver.AsyncBrowser object at 0x7fbd50874c70>, 'DELETE', 'http://localhost:50813/session/0d1b41f8024954dd4c3fb84bf9e5a810', <aiohttp.client.ClientSession object at 0x7fbd50874fa0>) - kwargs:{}
14:55:48 - TestReport - DEBUG - PASS- method_name:main: - args:([<class 'async_test.HomePage'>], 'http://localhost:50813', {'capabilities': {'firstMatch:': [{}], 'alwaysMatch': {'browserName': 'chrome', 'platformName': 'any', 'timeouts': {'implicit': 30000, 'pageLoad': 300000, 'script': 30000}, 'goog:chromeOptions': {'excludeSwitches': ['enable-automation'], 'mobileEmulation': {'deviceName': 'iPhone 6'}, 'args': ['--start-maximized']}}}}) - kwargs:{}
15:16:28 - TestReport - DEBUG - PASS- method_name:_command: - args:(<async_webdriver.AsyncBrowser object at 0x7fc2906e4be0>, 'POST', 'http://localhost:50884/session/8fc80626fa8f3e5b970f93ba95ee7353/url', <aiohttp.client.ClientSession object at 0x7fc2906e4f40>) - kwargs:{'json': {'url': 'http://www.zhixuetong.com.cn/'}}
15:16:28 - TestReport - DEBUG - PASS- method_name:test: - args:(<async_test.HomePage object at 0x7fc2e03d16d0>,) - kwargs:{}
15:16:28 - TestReport - DEBUG - PASS- method_name:_command: - args:(<async_webdriver.AsyncBrowser object at 0x7fc2906e4be0>, 'DELETE', 'http://localhost:50884/session/8fc80626fa8f3e5b970f93ba95ee7353', <aiohttp.client.ClientSession object at 0x7fc2906e4f40>) - kwargs:{}
15:16:28 - TestReport - DEBUG - PASS- method_name:main: - args:([<class 'async_test.HomePage'>], 'http://localhost:50884', {'capabilities': {'firstMatch:': [{}], 'alwaysMatch': {'browserName': 'chrome', 'platformName': 'any', 'timeouts': {'implicit': 30000, 'pageLoad': 300000, 'script': 30000}, 'goog:chromeOptions': {'excludeSwitches': ['enable-automation'], 'mobileEmulation': {'deviceName': 'iPhone 6'}, 'args': ['--start-maximized']}}}}) - kwargs:{}
15:16:51 - TestReport - DEBUG - PASS- method_name:_command: - args:(<async_webdriver.AsyncBrowser object at 0x7fbf78494cd0>, 'POST', 'http://localhost:50925/session/c096e3ad92a1ab0d60da74e3359b9afa/url', <aiohttp.client.ClientSession object at 0x7fbf78494fd0>) - kwargs:{'json': {'url': 'http://www.zhixuetong.com.cn/'}}
15:16:51 - TestReport - DEBUG - PASS- method_name:test: - args:(<async_test.HomePage object at 0x7fbf784e26a0>,) - kwargs:{}
15:16:51 - TestReport - DEBUG - PASS- method_name:_command: - args:(<async_webdriver.AsyncBrowser object at 0x7fbf78494cd0>, 'DELETE', 'http://localhost:50925/session/c096e3ad92a1ab0d60da74e3359b9afa', <aiohttp.client.ClientSession object at 0x7fbf78494fd0>) - kwargs:{}
15:16:51 - TestReport - DEBUG - PASS- method_name:main: - args:([<class 'async_test.HomePage'>], 'http://localhost:50925', {'capabilities': {'firstMatch:': [{}], 'alwaysMatch': {'browserName': 'chrome', 'platformName': 'any', 'timeouts': {'implicit': 30000, 'pageLoad': 300000, 'script': 30000}, 'goog:chromeOptions': {'excludeSwitches': ['enable-automation'], 'mobileEmulation': {'deviceName': 'iPhone 6'}, 'args': ['--kiosk']}}}}) - kwargs:{}
15:17:19 - TestReport - DEBUG - PASS- method_name:_command: - args:(<async_webdriver.AsyncBrowser object at 0x7f81203ccc10>, 'POST', 'http://localhost:50965/session/a92572711982797d54d69c31dc5bcc55/url', <aiohttp.client.ClientSession object at 0x7f81203ccf70>) - kwargs:{'json': {'url': 'http://www.zhixuetong.com.cn/'}}
15:17:19 - TestReport - DEBUG - PASS- method_name:test: - args:(<async_test.HomePage object at 0x7f814074a550>,) - kwargs:{}
15:17:19 - TestReport - DEBUG - PASS- method_name:_command: - args:(<async_webdriver.AsyncBrowser object at 0x7f81203ccc10>, 'DELETE', 'http://localhost:50965/session/a92572711982797d54d69c31dc5bcc55', <aiohttp.client.ClientSession object at 0x7f81203ccf70>) - kwargs:{}
15:17:19 - TestReport - DEBUG - PASS- method_name:main: - args:([<class 'async_test.HomePage'>], 'http://localhost:50965', {'capabilities': {'firstMatch:': [{}], 'alwaysMatch': {'browserName': 'chrome', 'platformName': 'any', 'timeouts': {'implicit': 30000, 'pageLoad': 300000, 'script': 30000}, 'goog:chromeOptions': {'excludeSwitches': ['enable-automation'], 'args': ['--kiosk'], 'prefs': {'credentials_enable_service': False, 'profile.password_manager_enabled': False}}}}}) - kwargs:{}
16:24:28 - TestReport - DEBUG - PASS- method_name:_command: - args:(<async_webdriver.AsyncBrowser object at 0x7fdb2020cd60>, 'POST', 'http://localhost:51945/session/d13b1d0d6b085f5f21d5f37d535c3cd1/url', <aiohttp.client.ClientSession object at 0x7fdb2020cfd0>) - kwargs:{'json': {'url': 'http://www.zhixuetong.com.cn/'}}
16:24:28 - TestReport - DEBUG - PASS- method_name:_command: - args:(<async_webdriver.AsyncBrowser object at 0x7fdb2020cd60>, 'POST', 'http://localhost:51945/session/d13b1d0d6b085f5f21d5f37d535c3cd1/element', <aiohttp.client.ClientSession object at 0x7fdb2020cfd0>) - kwargs:{'json': {'using': 'xpath', 'value': '//*[@id="frame_box"]/header/header/div/ul/li[2]/a'}}
16:24:28 - TestReport - ERROR - FAILED reason:'NoneType' object has no attribute 'values'- method_name:__init__: - args:(<async_selenium.async_element.AsyncElement object at 0x7fdb50496fa0>, None, 'http://localhost:51945/session/d13b1d0d6b085f5f21d5f37d535c3cd1', <aiohttp.client.ClientSession object at 0x7fdb2020cfd0>) - kwargs:{}
Traceback (most recent call last):
  File "/Users/bytedance/Desktop/test_framework/util/decorector.py", line 54, in inner_func
    func(*args, **kwargs)
  File "/Users/bytedance/Desktop/test_framework/async_selenium/async_element.py", line 15, in __init__
    self.element_id = element.values()[0]
AttributeError: 'NoneType' object has no attribute 'values'
16:24:28 - TestReport - ERROR - FAILED reason:'NoneType' object has no attribute 'values'- method_name:test - args:(<async_test.HomePage object at 0x7fdb504d25e0>,) - kwargs:{}
Traceback (most recent call last):
  File "/Users/bytedance/Desktop/test_framework/util/decorector.py", line 74, in inner_func
    await func(*args, **kwargs)
  File "/Users/bytedance/Desktop/test_framework/async_selenium/async_test.py", line 20, in test
    await self.async_driver.click('xpath','//*[@id="frame_box"]/header/header/div/ul/li[2]/a')
  File "/Users/bytedance/Desktop/test_framework/async_selenium/async_webdriver.py", line 79, in click
    element = await self.find_element(*location)
  File "/Users/bytedance/Desktop/test_framework/async_selenium/async_webdriver.py", line 76, in find_element
    return AsyncElement(element_info, self._url, self._session)
  File "/Users/bytedance/Desktop/test_framework/util/decorector.py", line 54, in inner_func
    func(*args, **kwargs)
  File "/Users/bytedance/Desktop/test_framework/async_selenium/async_element.py", line 15, in __init__
    self.element_id = element.values()[0]
AttributeError: 'NoneType' object has no attribute 'values'
16:24:28 - TestReport - DEBUG - PASS- method_name:_command: - args:(<async_webdriver.AsyncBrowser object at 0x7fdb2020cd60>, 'DELETE', 'http://localhost:51945/session/d13b1d0d6b085f5f21d5f37d535c3cd1', <aiohttp.client.ClientSession object at 0x7fdb2020cfd0>) - kwargs:{}
16:24:28 - TestReport - ERROR - FAILED reason:'NoneType' object has no attribute 'values'- method_name:main - args:([<class 'async_test.HomePage'>], 'http://localhost:51945', {'capabilities': {'firstMatch:': [{}], 'alwaysMatch': {'browserName': 'chrome', 'platformName': 'any', 'timeouts': {'implicit': 30000, 'pageLoad': 300000, 'script': 30000}, 'goog:chromeOptions': {'excludeSwitches': ['enable-automation'], 'args': ['--kiosk'], 'prefs': {'credentials_enable_service': False, 'profile.password_manager_enabled': False}}}}}) - kwargs:{}
Traceback (most recent call last):
  File "/Users/bytedance/Desktop/test_framework/util/decorector.py", line 74, in inner_func
    await func(*args, **kwargs)
  File "/Users/bytedance/Desktop/test_framework/async_selenium/async_main.py", line 25, in main
    await eval(f'instance.{attr}()')
  File "/Users/bytedance/Desktop/test_framework/util/decorector.py", line 74, in inner_func
    await func(*args, **kwargs)
  File "/Users/bytedance/Desktop/test_framework/async_selenium/async_test.py", line 20, in test
    await self.async_driver.click('xpath','//*[@id="frame_box"]/header/header/div/ul/li[2]/a')
  File "/Users/bytedance/Desktop/test_framework/async_selenium/async_webdriver.py", line 79, in click
    element = await self.find_element(*location)
  File "/Users/bytedance/Desktop/test_framework/async_selenium/async_webdriver.py", line 76, in find_element
    return AsyncElement(element_info, self._url, self._session)
  File "/Users/bytedance/Desktop/test_framework/util/decorector.py", line 54, in inner_func
    func(*args, **kwargs)
  File "/Users/bytedance/Desktop/test_framework/async_selenium/async_element.py", line 15, in __init__
    self.element_id = element.values()[0]
AttributeError: 'NoneType' object has no attribute 'values'
16:26:51 - TestReport - DEBUG - PASS- method_name:_command: - args:(<async_webdriver.AsyncBrowser object at 0x7face83acdc0>, 'POST', 'http://localhost:52558/session/07f15ceec9560d094a8d366b67c8aeb4/url', <aiohttp.client.ClientSession object at 0x7face83ac7f0>) - kwargs:{'json': {'url': 'http://www.zhixuetong.com.cn/'}}
16:26:51 - TestReport - DEBUG - PASS- method_name:_command: - args:(<async_webdriver.AsyncBrowser object at 0x7face83acdc0>, 'POST', 'http://localhost:52558/session/07f15ceec9560d094a8d366b67c8aeb4/element', <aiohttp.client.ClientSession object at 0x7face83ac7f0>) - kwargs:{'json': {'using': 'xpath', 'value': '//*[@id="frame_box"]/header/header/div/ul/li[2]/a'}}
16:26:51 - TestReport - ERROR - FAILED reason:'NoneType' object has no attribute 'values'- method_name:__init__: - args:(<async_selenium.async_element.AsyncElement object at 0x7face83b50a0>, None, 'http://localhost:52558/session/07f15ceec9560d094a8d366b67c8aeb4', <aiohttp.client.ClientSession object at 0x7face83ac7f0>) - kwargs:{}
Traceback (most recent call last):
  File "/Users/bytedance/Desktop/test_framework/util/decorector.py", line 54, in inner_func
    func(*args, **kwargs)
  File "/Users/bytedance/Desktop/test_framework/async_selenium/async_element.py", line 15, in __init__
    self.element_id = element.values()[0]
AttributeError: 'NoneType' object has no attribute 'values'
16:26:51 - TestReport - ERROR - FAILED reason:'NoneType' object has no attribute 'values'- method_name:test - args:(<async_test.HomePage object at 0x7facf84a16d0>,) - kwargs:{}
Traceback (most recent call last):
  File "/Users/bytedance/Desktop/test_framework/util/decorector.py", line 74, in inner_func
    await func(*args, **kwargs)
  File "/Users/bytedance/Desktop/test_framework/async_selenium/async_test.py", line 20, in test
    await self.async_driver.click('xpath','//*[@id="frame_box"]/header/header/div/ul/li[2]/a')
  File "/Users/bytedance/Desktop/test_framework/async_selenium/async_webdriver.py", line 79, in click
    element = await self.find_element(*location)
  File "/Users/bytedance/Desktop/test_framework/async_selenium/async_webdriver.py", line 76, in find_element
    return AsyncElement(element_info, self._url, self._session)
  File "/Users/bytedance/Desktop/test_framework/util/decorector.py", line 54, in inner_func
    func(*args, **kwargs)
  File "/Users/bytedance/Desktop/test_framework/async_selenium/async_element.py", line 15, in __init__
    self.element_id = element.values()[0]
AttributeError: 'NoneType' object has no attribute 'values'
16:26:51 - TestReport - DEBUG - PASS- method_name:_command: - args:(<async_webdriver.AsyncBrowser object at 0x7face83acdc0>, 'DELETE', 'http://localhost:52558/session/07f15ceec9560d094a8d366b67c8aeb4', <aiohttp.client.ClientSession object at 0x7face83ac7f0>) - kwargs:{}
16:28:09 - TestReport - DEBUG - PASS- method_name:_command: - args:(<async_webdriver.AsyncBrowser object at 0x7fbe181ccd00>, 'POST', 'http://localhost:52912/session/3bf5d9f9911faa29dec358cefe77c630/url', <aiohttp.client.ClientSession object at 0x7fbe181cc910>) - kwargs:{'json': {'url': 'http://www.zhixuetong.com.cn/'}}
16:28:09 - TestReport - DEBUG - PASS- method_name:_command: - args:(<async_webdriver.AsyncBrowser object at 0x7fbe181ccd00>, 'POST', 'http://localhost:52912/session/3bf5d9f9911faa29dec358cefe77c630/element', <aiohttp.client.ClientSession object at 0x7fbe181cc910>) - kwargs:{'json': {'using': 'xpath', 'value': '//*[@id="frame_box"]/header/header/div/ul/li[2]/a'}}
16:28:09 - TestReport - ERROR - FAILED reason:'NoneType' object has no attribute 'values'- method_name:__init__: - args:(<async_selenium.async_element.AsyncElement object at 0x7fbe182a6940>, None, 'http://localhost:52912/session/3bf5d9f9911faa29dec358cefe77c630', <aiohttp.client.ClientSession object at 0x7fbe181cc910>) - kwargs:{}
Traceback (most recent call last):
  File "/Users/bytedance/Desktop/test_framework/util/decorector.py", line 54, in inner_func
    func(*args, **kwargs)
  File "/Users/bytedance/Desktop/test_framework/async_selenium/async_element.py", line 15, in __init__
    self.element_id = element.values()[0]
AttributeError: 'NoneType' object has no attribute 'values'
16:28:09 - TestReport - ERROR - FAILED reason:'NoneType' object has no attribute 'values'- method_name:test - args:(<async_test.HomePage object at 0x7fbe18243f40>,) - kwargs:{}
Traceback (most recent call last):
  File "/Users/bytedance/Desktop/test_framework/util/decorector.py", line 74, in inner_func
    await func(*args, **kwargs)
  File "/Users/bytedance/Desktop/test_framework/async_selenium/async_test.py", line 20, in test
    await self.async_driver.click('xpath','//*[@id="frame_box"]/header/header/div/ul/li[2]/a')
  File "/Users/bytedance/Desktop/test_framework/async_selenium/async_webdriver.py", line 80, in click
    element = await self.find_element(*location)
  File "/Users/bytedance/Desktop/test_framework/async_selenium/async_webdriver.py", line 76, in find_element
    return AsyncElement(element_info, self._url, self._session)
  File "/Users/bytedance/Desktop/test_framework/util/decorector.py", line 54, in inner_func
    func(*args, **kwargs)
  File "/Users/bytedance/Desktop/test_framework/async_selenium/async_element.py", line 15, in __init__
    self.element_id = element.values()[0]
AttributeError: 'NoneType' object has no attribute 'values'
16:28:09 - TestReport - DEBUG - PASS- method_name:_command: - args:(<async_webdriver.AsyncBrowser object at 0x7fbe181ccd00>, 'DELETE', 'http://localhost:52912/session/3bf5d9f9911faa29dec358cefe77c630', <aiohttp.client.ClientSession object at 0x7fbe181cc910>) - kwargs:{}
16:28:59 - TestReport - DEBUG - PASS- method_name:_command: - args:(<async_webdriver.AsyncBrowser object at 0x7fea101bce50>, 'POST', 'http://localhost:53146/session/403a77f46c73a34457608eb8515019b0/url', <aiohttp.client.ClientSession object at 0x7fea101bc880>) - kwargs:{'json': {'url': 'http://www.zhixuetong.com.cn/'}}
16:28:59 - TestReport - DEBUG - PASS- method_name:_command: - args:(<async_webdriver.AsyncBrowser object at 0x7fea101bce50>, 'POST', 'http://localhost:53146/session/403a77f46c73a34457608eb8515019b0/element', <aiohttp.client.ClientSession object at 0x7fea101bc880>) - kwargs:{'json': {'using': 'xpath', 'value': '//*[@id="frame_box"]/header/header/div/ul/li[2]/a'}}
16:28:59 - TestReport - ERROR - FAILED reason:'NoneType' object has no attribute 'values'- method_name:__init__: - args:(<async_selenium.async_element.AsyncElement object at 0x7fea101bc190>, None, 'http://localhost:53146/session/403a77f46c73a34457608eb8515019b0', <aiohttp.client.ClientSession object at 0x7fea101bc880>) - kwargs:{}
Traceback (most recent call last):
  File "/Users/bytedance/Desktop/test_framework/util/decorector.py", line 54, in inner_func
    func(*args, **kwargs)
  File "/Users/bytedance/Desktop/test_framework/async_selenium/async_element.py", line 15, in __init__
    self.element_id = element.values()[0]
AttributeError: 'NoneType' object has no attribute 'values'
16:28:59 - TestReport - ERROR - FAILED reason:'NoneType' object has no attribute 'values'- method_name:test - args:(<async_test.HomePage object at 0x7fea200b9760>,) - kwargs:{}
Traceback (most recent call last):
  File "/Users/bytedance/Desktop/test_framework/util/decorector.py", line 74, in inner_func
    await func(*args, **kwargs)
  File "/Users/bytedance/Desktop/test_framework/async_selenium/async_test.py", line 20, in test
    await self.async_driver.click('xpath','//*[@id="frame_box"]/header/header/div/ul/li[2]/a')
  File "/Users/bytedance/Desktop/test_framework/async_selenium/async_webdriver.py", line 80, in click
    element = await self.find_element(*location)
  File "/Users/bytedance/Desktop/test_framework/async_selenium/async_webdriver.py", line 77, in find_element
    return AsyncElement(element_info, self._url, self._session)
  File "/Users/bytedance/Desktop/test_framework/util/decorector.py", line 54, in inner_func
    func(*args, **kwargs)
  File "/Users/bytedance/Desktop/test_framework/async_selenium/async_element.py", line 15, in __init__
    self.element_id = element.values()[0]
AttributeError: 'NoneType' object has no attribute 'values'
16:28:59 - TestReport - DEBUG - PASS- method_name:_command: - args:(<async_webdriver.AsyncBrowser object at 0x7fea101bce50>, 'DELETE', 'http://localhost:53146/session/403a77f46c73a34457608eb8515019b0', <aiohttp.client.ClientSession object at 0x7fea101bc880>) - kwargs:{}
16:29:47 - TestReport - ERROR - FAILED reason:__call__() got an unexpected keyword argument 'json'- method_name:test - args:(<async_test.HomePage object at 0x7fcec86ea790>,) - kwargs:{}
Traceback (most recent call last):
  File "/Users/bytedance/Desktop/test_framework/util/decorector.py", line 74, in inner_func
    await func(*args, **kwargs)
  File "/Users/bytedance/Desktop/test_framework/async_selenium/async_test.py", line 19, in test
    await self.get(url=PROJECT_URL)
  File "/Users/bytedance/Desktop/test_framework/async_selenium/async_test.py", line 13, in get
    await self.async_driver.get(url)
  File "/Users/bytedance/Desktop/test_framework/async_selenium/async_webdriver.py", line 57, in get
    return await self._command("POST", "/url", json=json)
  File "/Users/bytedance/Desktop/test_framework/async_selenium/async_webdriver.py", line 50, in _command
    ic(**kwargs)
TypeError: __call__() got an unexpected keyword argument 'json'
16:29:47 - TestReport - DEBUG - PASS- method_name:_command: - args:(<async_webdriver.AsyncBrowser object at 0x7fcec869dc40>, 'DELETE', 'http://localhost:53380/session/5957882fbcb935b7209e7c740f58c784', <aiohttp.client.ClientSession object at 0x7fcec869d8b0>) - kwargs:{}
16:30:18 - TestReport - DEBUG - PASS- method_name:_command: - args:(<async_webdriver.AsyncBrowser object at 0x7f8f80185d00>, 'POST', 'http://localhost:53527/session/5bc4153707b6ade96509ee9225a9406f/url', <aiohttp.client.ClientSession object at 0x7f8f80185910>) - kwargs:{'json': {'url': 'http://www.zhixuetong.com.cn/'}}
16:30:18 - TestReport - DEBUG - PASS- method_name:_command: - args:(<async_webdriver.AsyncBrowser object at 0x7f8f80185d00>, 'POST', 'http://localhost:53527/session/5bc4153707b6ade96509ee9225a9406f/element', <aiohttp.client.ClientSession object at 0x7f8f80185910>) - kwargs:{'json': {'using': 'xpath', 'value': '//*[@id="frame_box"]/header/header/div/ul/li[2]/a'}}
16:30:18 - TestReport - ERROR - FAILED reason:'NoneType' object has no attribute 'values'- method_name:__init__: - args:(<async_selenium.async_element.AsyncElement object at 0x7f8f80185220>, None, 'http://localhost:53527/session/5bc4153707b6ade96509ee9225a9406f', <aiohttp.client.ClientSession object at 0x7f8f80185910>) - kwargs:{}
Traceback (most recent call last):
  File "/Users/bytedance/Desktop/test_framework/util/decorector.py", line 54, in inner_func
    func(*args, **kwargs)
  File "/Users/bytedance/Desktop/test_framework/async_selenium/async_element.py", line 15, in __init__
    self.element_id = element.values()[0]
AttributeError: 'NoneType' object has no attribute 'values'
16:30:18 - TestReport - ERROR - FAILED reason:'NoneType' object has no attribute 'values'- method_name:test - args:(<async_test.HomePage object at 0x7f8fb0264f40>,) - kwargs:{}
Traceback (most recent call last):
  File "/Users/bytedance/Desktop/test_framework/util/decorector.py", line 74, in inner_func
    await func(*args, **kwargs)
  File "/Users/bytedance/Desktop/test_framework/async_selenium/async_test.py", line 20, in test
    await self.async_driver.click('xpath','//*[@id="frame_box"]/header/header/div/ul/li[2]/a')
  File "/Users/bytedance/Desktop/test_framework/async_selenium/async_webdriver.py", line 79, in click
    element = await self.find_element(*location)
  File "/Users/bytedance/Desktop/test_framework/async_selenium/async_webdriver.py", line 76, in find_element
    return AsyncElement(element_info, self._url, self._session)
  File "/Users/bytedance/Desktop/test_framework/util/decorector.py", line 54, in inner_func
    func(*args, **kwargs)
  File "/Users/bytedance/Desktop/test_framework/async_selenium/async_element.py", line 15, in __init__
    self.element_id = element.values()[0]
AttributeError: 'NoneType' object has no attribute 'values'
16:30:18 - TestReport - DEBUG - PASS- method_name:_command: - args:(<async_webdriver.AsyncBrowser object at 0x7f8f80185d00>, 'DELETE', 'http://localhost:53527/session/5bc4153707b6ade96509ee9225a9406f', <aiohttp.client.ClientSession object at 0x7f8f80185910>) - kwargs:{}
16:34:10 - TestReport - DEBUG - PASS- method_name:_command: - args:(<async_webdriver.AsyncBrowser object at 0x7f877835bc40>, 'POST', 'http://localhost:54501/session/0c1ff0f908248c0008908e86b9a934df/url', <aiohttp.client.ClientSession object at 0x7f877835b8b0>) - kwargs:{'json': {'url': 'http://www.zhixuetong.com.cn/'}}
16:34:10 - TestReport - DEBUG - PASS- method_name:_command: - args:(<async_webdriver.AsyncBrowser object at 0x7f877835bc40>, 'POST', 'http://localhost:54501/session/0c1ff0f908248c0008908e86b9a934df/element', <aiohttp.client.ClientSession object at 0x7f877835b8b0>) - kwargs:{'json': {'using': 'xpath', 'value': '//*[@id="frame_box"]/header/header/div/ul/li[2]/a'}}
16:34:10 - TestReport - ERROR - FAILED reason:'NoneType' object has no attribute 'values'- method_name:__init__: - args:(<async_selenium.async_element.AsyncElement object at 0x7f877835b1c0>, None, 'http://localhost:54501/session/0c1ff0f908248c0008908e86b9a934df', <aiohttp.client.ClientSession object at 0x7f877835b8b0>) - kwargs:{}
Traceback (most recent call last):
  File "/Users/bytedance/Desktop/test_framework/util/decorector.py", line 54, in inner_func
    func(*args, **kwargs)
  File "/Users/bytedance/Desktop/test_framework/async_selenium/async_element.py", line 17, in __init__
    icecream.ic(element.values()[0])
AttributeError: 'NoneType' object has no attribute 'values'
16:34:10 - TestReport - ERROR - FAILED reason:'NoneType' object has no attribute 'values'- method_name:test - args:(<async_test.HomePage object at 0x7f87783a9790>,) - kwargs:{}
Traceback (most recent call last):
  File "/Users/bytedance/Desktop/test_framework/util/decorector.py", line 74, in inner_func
    await func(*args, **kwargs)
  File "/Users/bytedance/Desktop/test_framework/async_selenium/async_test.py", line 20, in test
    await self.async_driver.click('xpath','//*[@id="frame_box"]/header/header/div/ul/li[2]/a')
  File "/Users/bytedance/Desktop/test_framework/async_selenium/async_webdriver.py", line 79, in click
    element = await self.find_element(*location)
  File "/Users/bytedance/Desktop/test_framework/async_selenium/async_webdriver.py", line 76, in find_element
    return AsyncElement(element_info, self._url, self._session)
  File "/Users/bytedance/Desktop/test_framework/util/decorector.py", line 54, in inner_func
    func(*args, **kwargs)
  File "/Users/bytedance/Desktop/test_framework/async_selenium/async_element.py", line 17, in __init__
    icecream.ic(element.values()[0])
AttributeError: 'NoneType' object has no attribute 'values'
16:34:10 - TestReport - DEBUG - PASS- method_name:_command: - args:(<async_webdriver.AsyncBrowser object at 0x7f877835bc40>, 'DELETE', 'http://localhost:54501/session/0c1ff0f908248c0008908e86b9a934df', <aiohttp.client.ClientSession object at 0x7f877835b8b0>) - kwargs:{}
16:36:53 - TestReport - DEBUG - PASS- method_name:_command: - args:(<async_webdriver.AsyncBrowser object at 0x7f9ff8255e50>, 'POST', 'http://localhost:55206/session/831b2bd6e4d13c3ed6f8698fe2decd3f/url', <aiohttp.client.ClientSession object at 0x7f9ff8255880>) - kwargs:{'json': {'url': 'http://www.zhixuetong.com.cn/'}}
16:36:53 - TestReport - DEBUG - PASS- method_name:_command: - args:(<async_webdriver.AsyncBrowser object at 0x7f9ff8255e50>, 'POST', 'http://localhost:55206/session/831b2bd6e4d13c3ed6f8698fe2decd3f/element', <aiohttp.client.ClientSession object at 0x7f9ff8255880>) - kwargs:{'json': {'using': 'xpath', 'value': '//*[@id="frame_box"]/header/header/div/ul/li[2]/a'}}
16:36:53 - TestReport - ERROR - FAILED reason:'NoneType' object has no attribute 'values'- method_name:__init__: - args:(<async_selenium.async_element.AsyncElement object at 0x7f9ff8255c70>, None, 'http://localhost:55206/session/831b2bd6e4d13c3ed6f8698fe2decd3f', <aiohttp.client.ClientSession object at 0x7f9ff8255880>) - kwargs:{}
Traceback (most recent call last):
  File "/Users/bytedance/Desktop/test_framework/util/decorector.py", line 54, in inner_func
    func(*args, **kwargs)
  File "/Users/bytedance/Desktop/test_framework/async_selenium/async_element.py", line 17, in __init__
    icecream.ic(element.values()[0])
AttributeError: 'NoneType' object has no attribute 'values'
16:36:53 - TestReport - ERROR - FAILED reason:'NoneType' object has no attribute 'values'- method_name:test - args:(<async_test.HomePage object at 0x7fa00827a550>,) - kwargs:{}
Traceback (most recent call last):
  File "/Users/bytedance/Desktop/test_framework/util/decorector.py", line 74, in inner_func
    await func(*args, **kwargs)
  File "/Users/bytedance/Desktop/test_framework/async_selenium/async_test.py", line 20, in test
    element = await self.async_driver.find_element('xpath', '//*[@id="frame_box"]/header/header/div/ul/li[2]/a')
  File "/Users/bytedance/Desktop/test_framework/async_selenium/async_webdriver.py", line 75, in find_element
    return AsyncElement(element_info, self._url, self._session)
  File "/Users/bytedance/Desktop/test_framework/util/decorector.py", line 54, in inner_func
    func(*args, **kwargs)
  File "/Users/bytedance/Desktop/test_framework/async_selenium/async_element.py", line 17, in __init__
    icecream.ic(element.values()[0])
AttributeError: 'NoneType' object has no attribute 'values'
16:36:53 - TestReport - DEBUG - PASS- method_name:_command: - args:(<async_webdriver.AsyncBrowser object at 0x7f9ff8255e50>, 'DELETE', 'http://localhost:55206/session/831b2bd6e4d13c3ed6f8698fe2decd3f', <aiohttp.client.ClientSession object at 0x7f9ff8255880>) - kwargs:{}
16:37:11 - TestReport - DEBUG - PASS- method_name:_command: - args:(<async_webdriver.AsyncBrowser object at 0x7fabf02c3df0>, 'POST', 'http://localhost:55314/session/b6b4a5034c739802e1f042467ea38fde/url', <aiohttp.client.ClientSession object at 0x7fabf02c3820>) - kwargs:{'json': {'url': 'http://www.zhixuetong.com.cn/'}}
16:37:11 - TestReport - DEBUG - PASS- method_name:_command: - args:(<async_webdriver.AsyncBrowser object at 0x7fabf02c3df0>, 'POST', 'http://localhost:55314/session/b6b4a5034c739802e1f042467ea38fde/element', <aiohttp.client.ClientSession object at 0x7fabf02c3820>) - kwargs:{'json': {'using': 'xpath', 'value': '//*[@id="frame_box"]/header/header/div/ul/li[2]/a'}}
16:37:11 - TestReport - ERROR - FAILED reason:'NoneType' object has no attribute 'values'- method_name:__init__: - args:(<async_selenium.async_element.AsyncElement object at 0x7fabf02c3130>, None, 'http://localhost:55314/session/b6b4a5034c739802e1f042467ea38fde', <aiohttp.client.ClientSession object at 0x7fabf02c3820>) - kwargs:{}
Traceback (most recent call last):
  File "/Users/bytedance/Desktop/test_framework/util/decorector.py", line 54, in inner_func
    func(*args, **kwargs)
  File "/Users/bytedance/Desktop/test_framework/async_selenium/async_element.py", line 17, in __init__
    icecream.ic(element.values()[0])
AttributeError: 'NoneType' object has no attribute 'values'
16:37:11 - TestReport - ERROR - FAILED reason:'NoneType' object has no attribute 'values'- method_name:test - args:(<async_test.HomePage object at 0x7fabe054a790>,) - kwargs:{}
Traceback (most recent call last):
  File "/Users/bytedance/Desktop/test_framework/util/decorector.py", line 74, in inner_func
    await func(*args, **kwargs)
  File "/Users/bytedance/Desktop/test_framework/async_selenium/async_test.py", line 20, in test
    element = await self.async_driver.find_element('xpath', '//*[@id="frame_box"]/header/header/div/ul/li[2]/a')
  File "/Users/bytedance/Desktop/test_framework/async_selenium/async_webdriver.py", line 75, in find_element
    return AsyncElement(element_info, self._url, self._session)
  File "/Users/bytedance/Desktop/test_framework/util/decorector.py", line 54, in inner_func
    func(*args, **kwargs)
  File "/Users/bytedance/Desktop/test_framework/async_selenium/async_element.py", line 17, in __init__
    icecream.ic(element.values()[0])
AttributeError: 'NoneType' object has no attribute 'values'
16:37:11 - TestReport - DEBUG - PASS- method_name:_command: - args:(<async_webdriver.AsyncBrowser object at 0x7fabf02c3df0>, 'DELETE', 'http://localhost:55314/session/b6b4a5034c739802e1f042467ea38fde', <aiohttp.client.ClientSession object at 0x7fabf02c3820>) - kwargs:{}
16:39:55 - TestReport - DEBUG - PASS- method_name:_command: - args:(<async_webdriver.AsyncBrowser object at 0x7f8378515c40>, 'POST', 'http://localhost:56031/session/8a1351acf93a65eede69bae253b32d98/url', <aiohttp.client.ClientSession object at 0x7f83785158b0>) - kwargs:{'json': {'url': 'http://www.zhixuetong.com.cn/'}}
16:39:55 - TestReport - DEBUG - PASS- method_name:_command: - args:(<async_webdriver.AsyncBrowser object at 0x7f8378515c40>, 'POST', 'http://localhost:56031/session/8a1351acf93a65eede69bae253b32d98/element', <aiohttp.client.ClientSession object at 0x7f83785158b0>) - kwargs:{'json': {'using': 'xpath', 'value': '//*[@id="frame_box"]/header/header/div/ul/li[2]/a'}}
16:39:55 - TestReport - ERROR - FAILED reason:'NoneType' object has no attribute 'values'- method_name:__init__: - args:(<async_selenium.async_element.AsyncElement object at 0x7f837851b310>, None, 'http://localhost:56031/session/8a1351acf93a65eede69bae253b32d98', <aiohttp.client.ClientSession object at 0x7f83785158b0>) - kwargs:{}
Traceback (most recent call last):
  File "/Users/bytedance/Desktop/test_framework/util/decorector.py", line 54, in inner_func
    func(*args, **kwargs)
  File "/Users/bytedance/Desktop/test_framework/async_selenium/async_element.py", line 17, in __init__
    icecream.ic(element.values()[0])
AttributeError: 'NoneType' object has no attribute 'values'
16:39:55 - TestReport - ERROR - FAILED reason:'NoneType' object has no attribute 'values'- method_name:test - args:(<async_test.HomePage object at 0x7f8378515cd0>,) - kwargs:{}
Traceback (most recent call last):
  File "/Users/bytedance/Desktop/test_framework/util/decorector.py", line 74, in inner_func
    await func(*args, **kwargs)
  File "/Users/bytedance/Desktop/test_framework/async_selenium/async_test.py", line 20, in test
    element = await self.async_driver.find_element('xpath', '//*[@id="frame_box"]/header/header/div/ul/li[2]/a')
  File "/Users/bytedance/Desktop/test_framework/async_selenium/async_webdriver.py", line 75, in find_element
    return AsyncElement(element_info, self._url, self._session)
  File "/Users/bytedance/Desktop/test_framework/util/decorector.py", line 54, in inner_func
    func(*args, **kwargs)
  File "/Users/bytedance/Desktop/test_framework/async_selenium/async_element.py", line 17, in __init__
    icecream.ic(element.values()[0])
AttributeError: 'NoneType' object has no attribute 'values'
16:39:55 - TestReport - DEBUG - PASS- method_name:_command: - args:(<async_webdriver.AsyncBrowser object at 0x7f8378515c40>, 'DELETE', 'http://localhost:56031/session/8a1351acf93a65eede69bae253b32d98', <aiohttp.client.ClientSession object at 0x7f83785158b0>) - kwargs:{}
16:41:45 - TestReport - ERROR - FAILED reason:__call__() got an unexpected keyword argument 'json'- method_name:test - args:(<async_test.HomePage object at 0x7fc0883abca0>,) - kwargs:{}
Traceback (most recent call last):
  File "/Users/bytedance/Desktop/test_framework/util/decorector.py", line 74, in inner_func
    await func(*args, **kwargs)
  File "/Users/bytedance/Desktop/test_framework/async_selenium/async_test.py", line 19, in test
    await self.get(url=PROJECT_URL)
  File "/Users/bytedance/Desktop/test_framework/async_selenium/async_test.py", line 13, in get
    await self.async_driver.get(url)
  File "/Users/bytedance/Desktop/test_framework/async_selenium/async_webdriver.py", line 56, in get
    return await self._command("POST", "/url", json=json)
  File "/Users/bytedance/Desktop/test_framework/async_selenium/async_webdriver.py", line 49, in _command
    ic(**kwargs)
TypeError: __call__() got an unexpected keyword argument 'json'
16:41:46 - TestReport - DEBUG - PASS- method_name:_command: - args:(<async_webdriver.AsyncBrowser object at 0x7fc0883a5ca0>, 'DELETE', 'http://localhost:56518/session/930aabf854459e0b1b09c4d99efab531', <aiohttp.client.ClientSession object at 0x7fc0883a58e0>) - kwargs:{}
16:42:37 - TestReport - ERROR - FAILED reason:'json' is an invalid keyword argument for print()- method_name:test - args:(<async_test.HomePage object at 0x7f7798223ca0>,) - kwargs:{}
Traceback (most recent call last):
  File "/Users/bytedance/Desktop/test_framework/util/decorector.py", line 74, in inner_func
    await func(*args, **kwargs)
  File "/Users/bytedance/Desktop/test_framework/async_selenium/async_test.py", line 19, in test
    await self.get(url=PROJECT_URL)
  File "/Users/bytedance/Desktop/test_framework/async_selenium/async_test.py", line 13, in get
    await self.async_driver.get(url)
  File "/Users/bytedance/Desktop/test_framework/async_selenium/async_webdriver.py", line 56, in get
    return await self._command("POST", "/url", json=json)
  File "/Users/bytedance/Desktop/test_framework/async_selenium/async_webdriver.py", line 49, in _command
    print("123123",**kwargs)
TypeError: 'json' is an invalid keyword argument for print()
16:42:37 - TestReport - DEBUG - PASS- method_name:_command: - args:(<async_webdriver.AsyncBrowser object at 0x7f779821cca0>, 'DELETE', 'http://localhost:56738/session/644f51e6ffb244748c8429516ecdb73a', <aiohttp.client.ClientSession object at 0x7f779821c8e0>) - kwargs:{}
16:43:06 - TestReport - ERROR - FAILED reason:'json' is an invalid keyword argument for str()- method_name:test - args:(<async_test.HomePage object at 0x7f96682344f0>,) - kwargs:{}
Traceback (most recent call last):
  File "/Users/bytedance/Desktop/test_framework/util/decorector.py", line 74, in inner_func
    await func(*args, **kwargs)
  File "/Users/bytedance/Desktop/test_framework/async_selenium/async_test.py", line 19, in test
    await self.get(url=PROJECT_URL)
  File "/Users/bytedance/Desktop/test_framework/async_selenium/async_test.py", line 13, in get
    await self.async_driver.get(url)
  File "/Users/bytedance/Desktop/test_framework/async_selenium/async_webdriver.py", line 56, in get
    return await self._command("POST", "/url", json=json)
  File "/Users/bytedance/Desktop/test_framework/async_selenium/async_webdriver.py", line 49, in _command
    print(str(**kwargs))
TypeError: 'json' is an invalid keyword argument for str()
16:43:07 - TestReport - DEBUG - PASS- method_name:_command: - args:(<async_webdriver.AsyncBrowser object at 0x7f966822cd90>, 'DELETE', 'http://localhost:56866/session/f8d64214de1fb00c689eac5f9cef6499', <aiohttp.client.ClientSession object at 0x7f966822c970>) - kwargs:{}
16:43:30 - TestReport - ERROR - FAILED reason:the JSON object must be str, bytes or bytearray, not dict- method_name:test - args:(<async_test.HomePage object at 0x7f9bc8304cd0>,) - kwargs:{}
Traceback (most recent call last):
  File "/Users/bytedance/Desktop/test_framework/util/decorector.py", line 74, in inner_func
    await func(*args, **kwargs)
  File "/Users/bytedance/Desktop/test_framework/async_selenium/async_test.py", line 19, in test
    await self.get(url=PROJECT_URL)
  File "/Users/bytedance/Desktop/test_framework/async_selenium/async_test.py", line 13, in get
    await self.async_driver.get(url)
  File "/Users/bytedance/Desktop/test_framework/async_selenium/async_webdriver.py", line 58, in get
    return await self._command("POST", "/url", json=json)
  File "/Users/bytedance/Desktop/test_framework/async_selenium/async_webdriver.py", line 51, in _command
    print(json.loads(kwargs))
  File "/Library/Frameworks/Python.framework/Versions/3.9/lib/python3.9/json/__init__.py", line 339, in loads
    raise TypeError(f'the JSON object must be str, bytes or bytearray, '
TypeError: the JSON object must be str, bytes or bytearray, not dict
16:44:04 - TestReport - ERROR - FAILED reason:loads() missing 1 required positional argument: 's'- method_name:test - args:(<async_test.HomePage object at 0x7f98900accd0>,) - kwargs:{}
Traceback (most recent call last):
  File "/Users/bytedance/Desktop/test_framework/util/decorector.py", line 74, in inner_func
    await func(*args, **kwargs)
  File "/Users/bytedance/Desktop/test_framework/async_selenium/async_test.py", line 19, in test
    await self.get(url=PROJECT_URL)
  File "/Users/bytedance/Desktop/test_framework/async_selenium/async_test.py", line 13, in get
    await self.async_driver.get(url)
  File "/Users/bytedance/Desktop/test_framework/async_selenium/async_webdriver.py", line 58, in get
    return await self._command("POST", "/url", json=json)
  File "/Users/bytedance/Desktop/test_framework/async_selenium/async_webdriver.py", line 51, in _command
    print(json.loads(**kwargs))
TypeError: loads() missing 1 required positional argument: 's'
16:44:50 - TestReport - ERROR - FAILED reason:the JSON object must be str, bytes or bytearray, not dict- method_name:test - args:(<async_test.HomePage object at 0x7fefb039cca0>,) - kwargs:{}
Traceback (most recent call last):
  File "/Users/bytedance/Desktop/test_framework/util/decorector.py", line 74, in inner_func
    await func(*args, **kwargs)
  File "/Users/bytedance/Desktop/test_framework/async_selenium/async_test.py", line 19, in test
    await self.get(url=PROJECT_URL)
  File "/Users/bytedance/Desktop/test_framework/async_selenium/async_test.py", line 13, in get
    await self.async_driver.get(url)
  File "/Users/bytedance/Desktop/test_framework/async_selenium/async_webdriver.py", line 58, in get
    return await self._command("POST", "/url", json=json)
  File "/Users/bytedance/Desktop/test_framework/async_selenium/async_webdriver.py", line 51, in _command
    print(json.loads(kwargs))
  File "/Library/Frameworks/Python.framework/Versions/3.9/lib/python3.9/json/__init__.py", line 339, in loads
    raise TypeError(f'the JSON object must be str, bytes or bytearray, '
TypeError: the JSON object must be str, bytes or bytearray, not dict
16:45:57 - TestReport - ERROR - FAILED reason:__call__() got an unexpected keyword argument 'json'- method_name:_command - args:(<async_webdriver.AsyncBrowser object at 0x7fbf5034dc40>, 'POST', 'http://localhost:57615/session/421c18626ada5ccc755e7ebf569c9626/url', <aiohttp.client.ClientSession object at 0x7fbf5034d8b0>) - kwargs:{'json': {'url': 'http://www.zhixuetong.com.cn/'}}
Traceback (most recent call last):
  File "/Users/bytedance/Desktop/test_framework/util/decorector.py", line 74, in inner_func
    await func(*args, **kwargs)
  File "/Users/bytedance/Desktop/test_framework/async_selenium/async_http_client.py", line 12, in _command
    icecream.ic(**kwargs)
TypeError: __call__() got an unexpected keyword argument 'json'
16:45:57 - TestReport - ERROR - FAILED reason:__call__() got an unexpected keyword argument 'json'- method_name:test - args:(<async_test.HomePage object at 0x7fbf5034dcd0>,) - kwargs:{}
Traceback (most recent call last):
  File "/Users/bytedance/Desktop/test_framework/util/decorector.py", line 74, in inner_func
    await func(*args, **kwargs)
  File "/Users/bytedance/Desktop/test_framework/async_selenium/async_test.py", line 19, in test
    await self.get(url=PROJECT_URL)
  File "/Users/bytedance/Desktop/test_framework/async_selenium/async_test.py", line 13, in get
    await self.async_driver.get(url)
  File "/Users/bytedance/Desktop/test_framework/async_selenium/async_webdriver.py", line 57, in get
    return await self._command("POST", "/url", json=json)
  File "/Users/bytedance/Desktop/test_framework/async_selenium/async_webdriver.py", line 51, in _command
    await super(AsyncBrowser, self)._command(method, self._url + endpoint, self._session, **kwargs)
  File "/Users/bytedance/Desktop/test_framework/util/decorector.py", line 74, in inner_func
    await func(*args, **kwargs)
  File "/Users/bytedance/Desktop/test_framework/async_selenium/async_http_client.py", line 12, in _command
    icecream.ic(**kwargs)
TypeError: __call__() got an unexpected keyword argument 'json'
16:45:57 - TestReport - DEBUG - PASS- method_name:_command: - args:(<async_webdriver.AsyncBrowser object at 0x7fbf5034dc40>, 'DELETE', 'http://localhost:57615/session/421c18626ada5ccc755e7ebf569c9626', <aiohttp.client.ClientSession object at 0x7fbf5034d8b0>) - kwargs:{}
16:47:47 - TestReport - ERROR - FAILED reason:__call__() got an unexpected keyword argument 'json'- method_name:test - args:(<async_test.HomePage object at 0x7fdf20235130>,) - kwargs:{}
Traceback (most recent call last):
  File "/Users/bytedance/Desktop/test_framework/util/decorector.py", line 74, in inner_func
    await func(*args, **kwargs)
  File "/Users/bytedance/Desktop/test_framework/async_selenium/async_test.py", line 19, in test
    await self.get(url=PROJECT_URL)
  File "/Users/bytedance/Desktop/test_framework/async_selenium/async_test.py", line 13, in get
    await self.async_driver.get(url)
  File "/Users/bytedance/Desktop/test_framework/async_selenium/async_webdriver.py", line 58, in get
    return await self._command("POST", "/url", json=json)
  File "/Users/bytedance/Desktop/test_framework/async_selenium/async_webdriver.py", line 51, in _command
    ic(**kwargs)
TypeError: __call__() got an unexpected keyword argument 'json'
16:48:19 - TestReport - ERROR - FAILED reason:'json' is an invalid keyword argument for str()- method_name:test - args:(<async_test.HomePage object at 0x7fb8c032db50>,) - kwargs:{}
Traceback (most recent call last):
  File "/Users/bytedance/Desktop/test_framework/util/decorector.py", line 74, in inner_func
    await func(*args, **kwargs)
  File "/Users/bytedance/Desktop/test_framework/async_selenium/async_test.py", line 19, in test
    await self.get(url=PROJECT_URL)
  File "/Users/bytedance/Desktop/test_framework/async_selenium/async_test.py", line 13, in get
    await self.async_driver.get(url)
  File "/Users/bytedance/Desktop/test_framework/async_selenium/async_webdriver.py", line 58, in get
    return await self._command("POST", "/url", json=json)
  File "/Users/bytedance/Desktop/test_framework/async_selenium/async_webdriver.py", line 51, in _command
    ic(str(**kwargs))
TypeError: 'json' is an invalid keyword argument for str()
16:49:22 - TestReport - ERROR - FAILED reason:__call__() got an unexpected keyword argument 'json'- method_name:test - args:(<async_test.HomePage object at 0x7f8a8854cca0>,) - kwargs:{}
Traceback (most recent call last):
  File "/Users/bytedance/Desktop/test_framework/util/decorector.py", line 74, in inner_func
    await func(*args, **kwargs)
  File "/Users/bytedance/Desktop/test_framework/async_selenium/async_test.py", line 19, in test
    await self.get(url=PROJECT_URL)
  File "/Users/bytedance/Desktop/test_framework/async_selenium/async_test.py", line 13, in get
    await self.async_driver.get(url)
  File "/Users/bytedance/Desktop/test_framework/async_selenium/async_webdriver.py", line 59, in get
    return await self._command("POST", "/url", json=json)
  File "/Users/bytedance/Desktop/test_framework/async_selenium/async_webdriver.py", line 52, in _command
    icecream.ic(**kwargs)
TypeError: __call__() got an unexpected keyword argument 'json'
16:50:16 - TestReport - ERROR - FAILED reason:name 'kwargs' is not defined- method_name:test - args:(<async_test.HomePage object at 0x7f927026c130>,) - kwargs:{}
Traceback (most recent call last):
  File "/Users/bytedance/Desktop/test_framework/util/decorector.py", line 74, in inner_func
    await func(*args, **kwargs)
  File "/Users/bytedance/Desktop/test_framework/async_selenium/async_test.py", line 19, in test
    await self.get(url=PROJECT_URL)
  File "/Users/bytedance/Desktop/test_framework/async_selenium/async_test.py", line 13, in get
    await self.async_driver.get(url)
  File "/Users/bytedance/Desktop/test_framework/async_selenium/async_webdriver.py", line 59, in get
    return await self._command("POST", "/url", json=json)
  File "/Users/bytedance/Desktop/test_framework/async_selenium/async_webdriver.py", line 52, in _command
    icecream.ic(**kwargs)
NameError: name 'kwargs' is not defined
16:50:33 - TestReport - ERROR - FAILED reason:_command() takes 4 positional arguments but 5 were given- method_name:test - args:(<async_test.HomePage object at 0x7f957060c100>,) - kwargs:{}
Traceback (most recent call last):
  File "/Users/bytedance/Desktop/test_framework/util/decorector.py", line 74, in inner_func
    await func(*args, **kwargs)
  File "/Users/bytedance/Desktop/test_framework/async_selenium/async_test.py", line 19, in test
    await self.get(url=PROJECT_URL)
  File "/Users/bytedance/Desktop/test_framework/async_selenium/async_test.py", line 13, in get
    await self.async_driver.get(url)
  File "/Users/bytedance/Desktop/test_framework/async_selenium/async_webdriver.py", line 59, in get
    return await self._command("POST", "/url", json=json)
  File "/Users/bytedance/Desktop/test_framework/async_selenium/async_webdriver.py", line 53, in _command
    await super(AsyncBrowser, self)._command(method, self._url + endpoint, self._session, json)
TypeError: _command() takes 4 positional arguments but 5 were given
16:51:40 - TestReport - ERROR - FAILED reason:'NoneType' object has no attribute 'values'- method_name:__init__: - args:(<async_selenium.async_element.AsyncElement object at 0x7fba783cdfa0>, None, 'http://localhost:59088/session/694aa7c03a653b3011f51d0b67578f28', <aiohttp.client.ClientSession object at 0x7fba783cd730>) - kwargs:{}
Traceback (most recent call last):
  File "/Users/bytedance/Desktop/test_framework/util/decorector.py", line 54, in inner_func
    func(*args, **kwargs)
  File "/Users/bytedance/Desktop/test_framework/async_selenium/async_element.py", line 17, in __init__
    icecream.ic(element.values()[0])
AttributeError: 'NoneType' object has no attribute 'values'
16:51:40 - TestReport - ERROR - FAILED reason:'NoneType' object has no attribute 'values'- method_name:test - args:(<async_test.HomePage object at 0x7fba783cdb20>,) - kwargs:{}
Traceback (most recent call last):
  File "/Users/bytedance/Desktop/test_framework/util/decorector.py", line 74, in inner_func
    await func(*args, **kwargs)
  File "/Users/bytedance/Desktop/test_framework/async_selenium/async_test.py", line 20, in test
    element = await self.async_driver.find_element('xpath', '//*[@id="frame_box"]/header/header/div/ul/li[2]/a')
  File "/Users/bytedance/Desktop/test_framework/async_selenium/async_webdriver.py", line 73, in find_element
    return AsyncElement(element_info, self._url, self._session)
  File "/Users/bytedance/Desktop/test_framework/util/decorector.py", line 54, in inner_func
    func(*args, **kwargs)
  File "/Users/bytedance/Desktop/test_framework/async_selenium/async_element.py", line 17, in __init__
    icecream.ic(element.values()[0])
AttributeError: 'NoneType' object has no attribute 'values'
16:52:23 - TestReport - ERROR - FAILED reason:'NoneType' object has no attribute 'values'- method_name:__init__: - args:(<async_selenium.async_element.AsyncElement object at 0x7f7ed80604c0>, None, 'http://localhost:59298/session/1654506d3ea4c6e05342100df0ee71a6', <aiohttp.client.ClientSession object at 0x7f7ef86057f0>) - kwargs:{}
Traceback (most recent call last):
  File "/Users/bytedance/Desktop/test_framework/util/decorector.py", line 54, in inner_func
    func(*args, **kwargs)
  File "/Users/bytedance/Desktop/test_framework/async_selenium/async_element.py", line 17, in __init__
    icecream.ic(element.values()[0])
AttributeError: 'NoneType' object has no attribute 'values'
16:52:23 - TestReport - ERROR - FAILED reason:'NoneType' object has no attribute 'values'- method_name:test - args:(<async_test.HomePage object at 0x7f7ef8605100>,) - kwargs:{}
Traceback (most recent call last):
  File "/Users/bytedance/Desktop/test_framework/util/decorector.py", line 74, in inner_func
    await func(*args, **kwargs)
  File "/Users/bytedance/Desktop/test_framework/async_selenium/async_test.py", line 20, in test
    element = await self.async_driver.find_element('xpath', '//*[@id="frame_box"]/header/header/div/ul/li[2]/a')
  File "/Users/bytedance/Desktop/test_framework/async_selenium/async_webdriver.py", line 74, in find_element
    return AsyncElement(element_info, self._url, self._session)
  File "/Users/bytedance/Desktop/test_framework/util/decorector.py", line 54, in inner_func
    func(*args, **kwargs)
  File "/Users/bytedance/Desktop/test_framework/async_selenium/async_element.py", line 17, in __init__
    icecream.ic(element.values()[0])
AttributeError: 'NoneType' object has no attribute 'values'
16:53:10 - TestReport - DEBUG - PASS- method_name:_command: - args:(<async_webdriver.AsyncBrowser object at 0x7fcc00244df0>, 'POST', '/url') - kwargs:{'json': {'url': 'http://www.zhixuetong.com.cn/'}}
16:53:10 - TestReport - DEBUG - PASS- method_name:_command: - args:(<async_webdriver.AsyncBrowser object at 0x7fcc00244df0>, 'POST', '/element') - kwargs:{'json': {'using': 'xpath', 'value': '//*[@id="frame_box"]/header/header/div/ul/li[2]/a'}}
16:53:10 - TestReport - ERROR - FAILED reason:'NoneType' object has no attribute 'values'- method_name:__init__: - args:(<async_selenium.async_element.AsyncElement object at 0x7fcc0024c760>, None, 'http://localhost:59529/session/d6ff08620cbbf85a065a9771021fa372', <aiohttp.client.ClientSession object at 0x7fcc00244820>) - kwargs:{}
Traceback (most recent call last):
  File "/Users/bytedance/Desktop/test_framework/util/decorector.py", line 54, in inner_func
    func(*args, **kwargs)
  File "/Users/bytedance/Desktop/test_framework/async_selenium/async_element.py", line 17, in __init__
    icecream.ic(element.values()[0])
AttributeError: 'NoneType' object has no attribute 'values'
16:53:10 - TestReport - ERROR - FAILED reason:'NoneType' object has no attribute 'values'- method_name:test - args:(<async_test.HomePage object at 0x7fcc00244130>,) - kwargs:{}
Traceback (most recent call last):
  File "/Users/bytedance/Desktop/test_framework/util/decorector.py", line 74, in inner_func
    await func(*args, **kwargs)
  File "/Users/bytedance/Desktop/test_framework/async_selenium/async_test.py", line 20, in test
    element = await self.async_driver.find_element('xpath', '//*[@id="frame_box"]/header/header/div/ul/li[2]/a')
  File "/Users/bytedance/Desktop/test_framework/async_selenium/async_webdriver.py", line 74, in find_element
    return AsyncElement(element_info, self._url, self._session)
  File "/Users/bytedance/Desktop/test_framework/util/decorector.py", line 54, in inner_func
    func(*args, **kwargs)
  File "/Users/bytedance/Desktop/test_framework/async_selenium/async_element.py", line 17, in __init__
    icecream.ic(element.values()[0])
AttributeError: 'NoneType' object has no attribute 'values'
16:53:10 - TestReport - DEBUG - PASS- method_name:_command: - args:(<async_webdriver.AsyncBrowser object at 0x7fcc00244df0>, 'DELETE') - kwargs:{'endpoint': ''}
16:56:25 - TestReport - DEBUG - PASS- method_name:_command: - args:(<async_webdriver.AsyncBrowser object at 0x7fbde02a4df0>, 'POST', '/url') - kwargs:{'json': {'url': 'http://www.zhixuetong.com.cn/'}}
16:56:25 - TestReport - DEBUG - PASS- method_name:_command: - args:(<async_webdriver.AsyncBrowser object at 0x7fbde02a4df0>, 'POST', '/element') - kwargs:{'json': {'using': 'xpath', 'value': '//*[@id="frame_box"]/header/header/div/ul/li[2]/a'}}
16:56:25 - TestReport - ERROR - FAILED reason:'NoneType' object has no attribute 'values'- method_name:__init__: - args:(<async_selenium.async_element.AsyncElement object at 0x7fbde02ac760>, None, 'http://localhost:60352/session/046840eacee40f512f655b4f2e089f07', <aiohttp.client.ClientSession object at 0x7fbde02a4820>) - kwargs:{}
Traceback (most recent call last):
  File "/Users/bytedance/Desktop/test_framework/util/decorector.py", line 54, in inner_func
    func(*args, **kwargs)
  File "/Users/bytedance/Desktop/test_framework/async_selenium/async_element.py", line 18, in __init__
    self.element_id = element.values()[0]
AttributeError: 'NoneType' object has no attribute 'values'
16:56:25 - TestReport - ERROR - FAILED reason:'NoneType' object has no attribute 'values'- method_name:test - args:(<async_test.HomePage object at 0x7fbde02a4130>,) - kwargs:{}
Traceback (most recent call last):
  File "/Users/bytedance/Desktop/test_framework/util/decorector.py", line 74, in inner_func
    await func(*args, **kwargs)
  File "/Users/bytedance/Desktop/test_framework/async_selenium/async_test.py", line 20, in test
    element = await self.async_driver.find_element('xpath', '//*[@id="frame_box"]/header/header/div/ul/li[2]/a')
  File "/Users/bytedance/Desktop/test_framework/async_selenium/async_webdriver.py", line 74, in find_element
    return AsyncElement(element_info, self._url, self._session)
  File "/Users/bytedance/Desktop/test_framework/util/decorector.py", line 54, in inner_func
    func(*args, **kwargs)
  File "/Users/bytedance/Desktop/test_framework/async_selenium/async_element.py", line 18, in __init__
    self.element_id = element.values()[0]
AttributeError: 'NoneType' object has no attribute 'values'
16:56:25 - TestReport - DEBUG - PASS- method_name:_command: - args:(<async_webdriver.AsyncBrowser object at 0x7fbde02a4df0>, 'DELETE') - kwargs:{'endpoint': ''}
18:45:00 - TestReport - DEBUG - PASS- method_name:_command: - args:(<async_webdriver.AsyncBrowser object at 0x7fc7b05da7c0>, 'POST', '/url') - kwargs:{'json': {'url': 'http://www.zhixuetong.com.cn/'}}
18:45:00 - TestReport - DEBUG - PASS- method_name:_command: - args:(<async_webdriver.AsyncBrowser object at 0x7fc7b05da7c0>, 'POST', '/element') - kwargs:{'json': {'using': 'xpath', 'value': '//*[@id="frame_box"]/header/header/div/ul/li[2]/a'}}
18:45:00 - TestReport - ERROR - FAILED reason:'NoneType' object has no attribute 'values'- method_name:__init__: - args:(<async_selenium.async_element.AsyncElement object at 0x7fc7a0116ac0>, None, 'http://localhost:64607/session/97c6acb6dfc4c8db4bc69a49ce7d6dbd', <aiohttp.client.ClientSession object at 0x7fc7b05da6a0>) - kwargs:{}
Traceback (most recent call last):
  File "/Users/bytedance/Desktop/test_framework/util/decorector.py", line 51, in inner_func
    func(*args, **kwargs)
  File "/Users/bytedance/Desktop/test_framework/async_selenium/async_element.py", line 17, in __init__
    self.element_id = element.values()[0]
AttributeError: 'NoneType' object has no attribute 'values'
18:45:00 - TestReport - ERROR - FAILED reason:'NoneType' object has no attribute 'values'- method_name:test - args:(<async_test.HomePage object at 0x7fc7b05da9a0>,) - kwargs:{}
Traceback (most recent call last):
  File "/Users/bytedance/Desktop/test_framework/util/decorector.py", line 71, in inner_func
    await func(*args, **kwargs)
  File "/Users/bytedance/Desktop/test_framework/async_selenium/async_test.py", line 20, in test
    element = await self.async_driver.find_element('xpath', '//*[@id="frame_box"]/header/header/div/ul/li[2]/a')
  File "/Users/bytedance/Desktop/test_framework/async_selenium/async_webdriver.py", line 74, in find_element
    return AsyncElement(element_info, self._url, self._session)
  File "/Users/bytedance/Desktop/test_framework/util/decorector.py", line 51, in inner_func
    func(*args, **kwargs)
  File "/Users/bytedance/Desktop/test_framework/async_selenium/async_element.py", line 17, in __init__
    self.element_id = element.values()[0]
AttributeError: 'NoneType' object has no attribute 'values'
18:45:00 - TestReport - DEBUG - PASS- method_name:_command: - args:(<async_webdriver.AsyncBrowser object at 0x7fc7b05da7c0>, 'DELETE') - kwargs:{'endpoint': ''}
18:59:36 - TestReport - DEBUG - PASS- method_name:_command: - args:(<async_webdriver.AsyncBrowser object at 0x7fd0682b2850>, 'POST', '/url') - kwargs:{'json': {'url': 'http://www.zhixuetong.com.cn/'}}
18:59:36 - TestReport - DEBUG - PASS- method_name:_command: - args:(<async_webdriver.AsyncBrowser object at 0x7fd0682b2850>, 'POST', '/element') - kwargs:{'json': {'using': 'xpath', 'value': '//*[@id="frame_box"]/header/header/div/ul/li[2]/a'}}
18:59:36 - TestReport - ERROR - FAILED reason:'NoneType' object has no attribute 'values'- method_name:__init__: - args:(<async_selenium.async_element.AsyncElement object at 0x7fd0580fbf70>, None, 'http://localhost:64737/session/03c5086b58e521aad71215765102ae4c', <aiohttp.client.ClientSession object at 0x7fd0682b2730>) - kwargs:{}
Traceback (most recent call last):
  File "/Users/bytedance/Desktop/test_framework/util/decorector.py", line 51, in inner_func
    func(*args, **kwargs)
  File "/Users/bytedance/Desktop/test_framework/async_selenium/async_element.py", line 17, in __init__
    self.element_id = element.values()[0]
AttributeError: 'NoneType' object has no attribute 'values'
18:59:36 - TestReport - ERROR - FAILED reason:'NoneType' object has no attribute 'values'- method_name:test - args:(<async_test.HomePage object at 0x7fd0682b2a30>,) - kwargs:{}
Traceback (most recent call last):
  File "/Users/bytedance/Desktop/test_framework/util/decorector.py", line 71, in inner_func
    await func(*args, **kwargs)
  File "/Users/bytedance/Desktop/test_framework/async_selenium/async_test.py", line 20, in test
    element = await self.async_driver.find_element('xpath', '//*[@id="frame_box"]/header/header/div/ul/li[2]/a')
  File "/Users/bytedance/Desktop/test_framework/async_selenium/async_webdriver.py", line 73, in find_element
    return AsyncElement(element_info, self._url, self._session)
  File "/Users/bytedance/Desktop/test_framework/util/decorector.py", line 51, in inner_func
    func(*args, **kwargs)
  File "/Users/bytedance/Desktop/test_framework/async_selenium/async_element.py", line 17, in __init__
    self.element_id = element.values()[0]
AttributeError: 'NoneType' object has no attribute 'values'
18:59:36 - TestReport - DEBUG - PASS- method_name:_command: - args:(<async_webdriver.AsyncBrowser object at 0x7fd0682b2850>, 'DELETE') - kwargs:{'endpoint': ''}
19:13:24 - TestReport - DEBUG - PASS- method_name:_command: - args:(<async_webdriver.AsyncBrowser object at 0x7fe6e04e2790>, 'POST', '/url') - kwargs:{'json': {'url': 'http://www.zhixuetong.com.cn/'}}
19:13:24 - TestReport - DEBUG - PASS- method_name:_command: - args:(<async_webdriver.AsyncBrowser object at 0x7fe6e04e2790>, 'POST', '/element') - kwargs:{'json': {'using': 'xpath', 'value': '//*[@id="frame_box"]/header/header/div/ul/li[2]/a'}}
19:13:24 - TestReport - ERROR - FAILED reason:__init__() takes 4 positional arguments but 5 were given- method_name:__init__: - args:(<async_selenium.async_element.AsyncElement object at 0x7fe720628eb0>, <async_webdriver.AsyncBrowser object at 0x7fe6e04e2790>, None, 'http://localhost:64823/session/7a65c81e330a933fba6faa97256ced06', <aiohttp.client.ClientSession object at 0x7fe6e04e2670>) - kwargs:{}
Traceback (most recent call last):
  File "/Users/bytedance/Desktop/test_framework/util/decorector.py", line 51, in inner_func
    func(*args, **kwargs)
TypeError: __init__() takes 4 positional arguments but 5 were given
19:13:24 - TestReport - ERROR - FAILED reason:__init__() takes 4 positional arguments but 5 were given- method_name:test - args:(<async_test.HomePage object at 0x7fe6e04e2970>,) - kwargs:{}
Traceback (most recent call last):
  File "/Users/bytedance/Desktop/test_framework/util/decorector.py", line 71, in inner_func
    await func(*args, **kwargs)
  File "/Users/bytedance/Desktop/test_framework/async_selenium/async_test.py", line 20, in test
    element = await self.async_driver.find_element('xpath', '//*[@id="frame_box"]/header/header/div/ul/li[2]/a')
  File "/Users/bytedance/Desktop/test_framework/async_selenium/async_webdriver.py", line 73, in find_element
    return AsyncElement(self, element_info, self._url, self._session)
  File "/Users/bytedance/Desktop/test_framework/util/decorector.py", line 51, in inner_func
    func(*args, **kwargs)
TypeError: __init__() takes 4 positional arguments but 5 were given
19:13:24 - TestReport - DEBUG - PASS- method_name:_command: - args:(<async_webdriver.AsyncBrowser object at 0x7fe6e04e2790>, 'DELETE') - kwargs:{'endpoint': ''}
19:14:05 - TestReport - DEBUG - PASS- method_name:_command: - args:(<async_webdriver.AsyncBrowser object at 0x7f99003da820>, 'POST', '/url') - kwargs:{'json': {'url': 'http://www.zhixuetong.com.cn/'}}
19:14:05 - TestReport - DEBUG - PASS- method_name:_command: - args:(<async_webdriver.AsyncBrowser object at 0x7f99003da820>, 'POST', '/element') - kwargs:{'json': {'using': 'xpath', 'value': '//*[@id="frame_box"]/header/header/div/ul/li[2]/a'}}
19:14:05 - TestReport - ERROR - FAILED reason:'NoneType' object has no attribute 'values'- method_name:__init__: - args:(<async_selenium.async_element.AsyncElement object at 0x7f9928717f70>, None, 'http://localhost:64861/session/93639bb82387b29b7e1106c7e1c0b58c', <aiohttp.client.ClientSession object at 0x7f99003da700>) - kwargs:{}
Traceback (most recent call last):
  File "/Users/bytedance/Desktop/test_framework/util/decorector.py", line 51, in inner_func
    func(*args, **kwargs)
  File "/Users/bytedance/Desktop/test_framework/async_selenium/async_element.py", line 17, in __init__
    self.element_id = element.values()[0]
AttributeError: 'NoneType' object has no attribute 'values'
19:14:05 - TestReport - ERROR - FAILED reason:'NoneType' object has no attribute 'values'- method_name:test - args:(<async_test.HomePage object at 0x7f99003daa00>,) - kwargs:{}
Traceback (most recent call last):
  File "/Users/bytedance/Desktop/test_framework/util/decorector.py", line 71, in inner_func
    await func(*args, **kwargs)
  File "/Users/bytedance/Desktop/test_framework/async_selenium/async_test.py", line 20, in test
    element = await self.async_driver.find_element('xpath', '//*[@id="frame_box"]/header/header/div/ul/li[2]/a')
  File "/Users/bytedance/Desktop/test_framework/async_selenium/async_webdriver.py", line 74, in find_element
    return AsyncElement(element_info, self._url, self._session)
  File "/Users/bytedance/Desktop/test_framework/util/decorector.py", line 51, in inner_func
    func(*args, **kwargs)
  File "/Users/bytedance/Desktop/test_framework/async_selenium/async_element.py", line 17, in __init__
    self.element_id = element.values()[0]
AttributeError: 'NoneType' object has no attribute 'values'
19:14:05 - TestReport - DEBUG - PASS- method_name:_command: - args:(<async_webdriver.AsyncBrowser object at 0x7f99003da820>, 'DELETE') - kwargs:{'endpoint': ''}
19:17:59 - TestReport - DEBUG - PASS- method_name:_command: - args:(<async_webdriver.AsyncBrowser object at 0x7fa7a049a790>, 'POST', '/url') - kwargs:{'json': {'url': 'http://www.zhixuetong.com.cn/'}}
19:17:59 - TestReport - DEBUG - PASS- method_name:_command: - args:(<async_webdriver.AsyncBrowser object at 0x7fa7a049a790>, 'POST', '/element') - kwargs:{'json': {'using': 'xpath', 'value': '//*[@id="frame_box"]/header/header/div/ul/li[2]/a'}}
19:17:59 - TestReport - ERROR - FAILED reason:'NoneType' object has no attribute 'values'- method_name:__init__: - args:(<async_selenium.async_element.AsyncElement object at 0x7fa79827b460>, None, 'http://localhost:64913/session/9177c6ebd6c0ef3d474fb979bbcaf97d', <aiohttp.client.ClientSession object at 0x7fa7a049a670>) - kwargs:{}
Traceback (most recent call last):
  File "/Users/bytedance/Desktop/test_framework/util/decorector.py", line 51, in inner_func
    func(*args, **kwargs)
  File "/Users/bytedance/Desktop/test_framework/async_selenium/async_element.py", line 17, in __init__
    self.element_id = element.values()[0]
AttributeError: 'NoneType' object has no attribute 'values'
19:17:59 - TestReport - ERROR - FAILED reason:'NoneType' object has no attribute 'values'- method_name:test - args:(<async_test.HomePage object at 0x7fa7a049a970>,) - kwargs:{}
Traceback (most recent call last):
  File "/Users/bytedance/Desktop/test_framework/util/decorector.py", line 71, in inner_func
    await func(*args, **kwargs)
  File "/Users/bytedance/Desktop/test_framework/async_selenium/async_test.py", line 20, in test
    element = await self.async_driver.find_element('xpath', '//*[@id="frame_box"]/header/header/div/ul/li[2]/a')
  File "/Users/bytedance/Desktop/test_framework/async_selenium/async_webdriver.py", line 74, in find_element
    return AsyncElement(element_info, self._url, self._session)
  File "/Users/bytedance/Desktop/test_framework/util/decorector.py", line 51, in inner_func
    func(*args, **kwargs)
  File "/Users/bytedance/Desktop/test_framework/async_selenium/async_element.py", line 17, in __init__
    self.element_id = element.values()[0]
AttributeError: 'NoneType' object has no attribute 'values'
19:17:59 - TestReport - DEBUG - PASS- method_name:_command: - args:(<async_webdriver.AsyncBrowser object at 0x7fa7a049a790>, 'DELETE') - kwargs:{'endpoint': ''}
01:25:36 - TestReport - ERROR - FAILED reason:Message: invalid session id
- method_name:_command - args:(<async_webdriver.AsyncBrowser object at 0x0000025743DDBD00>, 'POST', '/url') - kwargs:{'json': {'url': 'http://www.zhixuetong.com.cn/'}}
Traceback (most recent call last):
  File "C:\Users\iam2cc\Desktop\selfProject\test_framework\util\decorector.py", line 71, in inner_func
    await func(*args, **kwargs)
  File "C:\Users\iam2cc\Desktop\selfProject\test_framework\async_selenium\async_webdriver.py", line 50, in _command
    await super(AsyncBrowser, self)._command(method, self._url + endpoint, self._session, **kwargs)
  File "C:\Users\iam2cc\Desktop\selfProject\test_framework\async_selenium\async_http_client.py", line 26, in _command
    self._error_handler.check_response(json_res)
  File "C:\Users\iam2cc\AppData\Roaming\Python\Python38\site-packages\selenium\webdriver\remote\errorhandler.py", line 242, in check_response
    raise exception_class(message, screen, stacktrace)
selenium.common.exceptions.WebDriverException: Message: invalid session id

01:25:36 - TestReport - ERROR - FAILED reason:Message: invalid session id
- method_name:test - args:(<async_test.HomePage object at 0x0000025743DDBDC0>,) - kwargs:{}
Traceback (most recent call last):
  File "C:\Users\iam2cc\Desktop\selfProject\test_framework\util\decorector.py", line 71, in inner_func
    await func(*args, **kwargs)
  File "C:\Users\iam2cc\Desktop\selfProject\test_framework\async_selenium\async_test.py", line 19, in test
    await self.get(url=PROJECT_URL)
  File "C:\Users\iam2cc\Desktop\selfProject\test_framework\async_selenium\async_test.py", line 13, in get
    await self.async_driver.get(url)
  File "C:\Users\iam2cc\Desktop\selfProject\test_framework\async_selenium\async_webdriver.py", line 56, in get
    return await self._command("POST", "/url", json=body)
  File "C:\Users\iam2cc\Desktop\selfProject\test_framework\util\decorector.py", line 71, in inner_func
    await func(*args, **kwargs)
  File "C:\Users\iam2cc\Desktop\selfProject\test_framework\async_selenium\async_webdriver.py", line 50, in _command
    await super(AsyncBrowser, self)._command(method, self._url + endpoint, self._session, **kwargs)
  File "C:\Users\iam2cc\Desktop\selfProject\test_framework\async_selenium\async_http_client.py", line 26, in _command
    self._error_handler.check_response(json_res)
  File "C:\Users\iam2cc\AppData\Roaming\Python\Python38\site-packages\selenium\webdriver\remote\errorhandler.py", line 242, in check_response
    raise exception_class(message, screen, stacktrace)
selenium.common.exceptions.WebDriverException: Message: invalid session id

01:25:36 - TestReport - DEBUG - PASS- method_name:_command: - args:(<async_webdriver.AsyncBrowser object at 0x0000025743DDBD00>, 'DELETE') - kwargs:{'endpoint': ''}
01:33:31 - TestReport - ERROR - FAILED reason:Message: invalid session id
- method_name:_command - args:(<async_webdriver.AsyncBrowser object at 0x00000254BF66AD00>, 'POST', '/url') - kwargs:{'json': {'url': 'http://www.zhixuetong.com.cn/'}}
Traceback (most recent call last):
  File "C:\Users\iam2cc\Desktop\selfProject\test_framework\util\decorector.py", line 71, in inner_func
    await func(*args, **kwargs)
  File "C:\Users\iam2cc\Desktop\selfProject\test_framework\async_selenium\async_webdriver.py", line 50, in _command
    await super(AsyncBrowser, self)._command(method, self._url + endpoint, self._session, **kwargs)
  File "C:\Users\iam2cc\Desktop\selfProject\test_framework\async_selenium\async_http_client.py", line 26, in _command
    self._error_handler.check_response(json_res)
  File "C:\Users\iam2cc\AppData\Roaming\Python\Python38\site-packages\selenium\webdriver\remote\errorhandler.py", line 242, in check_response
    raise exception_class(message, screen, stacktrace)
selenium.common.exceptions.WebDriverException: Message: invalid session id

01:33:31 - TestReport - ERROR - FAILED reason:Message: invalid session id
- method_name:test - args:(<async_test.HomePage object at 0x00000254BF66ADC0>,) - kwargs:{}
Traceback (most recent call last):
  File "C:\Users\iam2cc\Desktop\selfProject\test_framework\util\decorector.py", line 71, in inner_func
    await func(*args, **kwargs)
  File "C:\Users\iam2cc\Desktop\selfProject\test_framework\async_selenium\async_test.py", line 19, in test
    await self.get(url=PROJECT_URL)
  File "C:\Users\iam2cc\Desktop\selfProject\test_framework\async_selenium\async_test.py", line 13, in get
    await self.async_driver.get(url)
  File "C:\Users\iam2cc\Desktop\selfProject\test_framework\async_selenium\async_webdriver.py", line 56, in get
    return await self._command("POST", "/url", json=body)
  File "C:\Users\iam2cc\Desktop\selfProject\test_framework\util\decorector.py", line 71, in inner_func
    await func(*args, **kwargs)
  File "C:\Users\iam2cc\Desktop\selfProject\test_framework\async_selenium\async_webdriver.py", line 50, in _command
    await super(AsyncBrowser, self)._command(method, self._url + endpoint, self._session, **kwargs)
  File "C:\Users\iam2cc\Desktop\selfProject\test_framework\async_selenium\async_http_client.py", line 26, in _command
    self._error_handler.check_response(json_res)
  File "C:\Users\iam2cc\AppData\Roaming\Python\Python38\site-packages\selenium\webdriver\remote\errorhandler.py", line 242, in check_response
    raise exception_class(message, screen, stacktrace)
selenium.common.exceptions.WebDriverException: Message: invalid session id

01:33:31 - TestReport - DEBUG - PASS- method_name:_command: - args:(<async_webdriver.AsyncBrowser object at 0x00000254BF66AD00>, 'DELETE') - kwargs:{'endpoint': ''}
01:33:50 - TestReport - ERROR - FAILED reason:Message: invalid session id
- method_name:_command - args:(<async_webdriver.AsyncBrowser object at 0x00000284CACB9760>, 'POST', '/url') - kwargs:{'json': {'url': 'http://www.zhixuetong.com.cn/'}}
Traceback (most recent call last):
  File "C:\Users\iam2cc\Desktop\selfProject\test_framework\util\decorector.py", line 71, in inner_func
    await func(*args, **kwargs)
  File "C:\Users\iam2cc\Desktop\selfProject\test_framework\async_selenium\async_webdriver.py", line 50, in _command
    await super(AsyncBrowser, self)._command(method, self._url + endpoint, self._session, **kwargs)
  File "C:\Users\iam2cc\Desktop\selfProject\test_framework\async_selenium\async_http_client.py", line 26, in _command
    self._error_handler.check_response(json_res)
  File "C:\Users\iam2cc\AppData\Roaming\Python\Python38\site-packages\selenium\webdriver\remote\errorhandler.py", line 242, in check_response
    raise exception_class(message, screen, stacktrace)
selenium.common.exceptions.WebDriverException: Message: invalid session id

01:33:50 - TestReport - ERROR - FAILED reason:Message: invalid session id
- method_name:test - args:(<async_test.HomePage object at 0x00000284CACB9970>,) - kwargs:{}
Traceback (most recent call last):
  File "C:\Users\iam2cc\Desktop\selfProject\test_framework\util\decorector.py", line 71, in inner_func
    await func(*args, **kwargs)
  File "C:\Users\iam2cc\Desktop\selfProject\test_framework\async_selenium\async_test.py", line 19, in test
    await self.get(url=PROJECT_URL)
  File "C:\Users\iam2cc\Desktop\selfProject\test_framework\async_selenium\async_test.py", line 13, in get
    await self.async_driver.get(url)
  File "C:\Users\iam2cc\Desktop\selfProject\test_framework\async_selenium\async_webdriver.py", line 56, in get
    return await self._command("POST", "/url", json=body)
  File "C:\Users\iam2cc\Desktop\selfProject\test_framework\util\decorector.py", line 71, in inner_func
    await func(*args, **kwargs)
  File "C:\Users\iam2cc\Desktop\selfProject\test_framework\async_selenium\async_webdriver.py", line 50, in _command
    await super(AsyncBrowser, self)._command(method, self._url + endpoint, self._session, **kwargs)
  File "C:\Users\iam2cc\Desktop\selfProject\test_framework\async_selenium\async_http_client.py", line 26, in _command
    self._error_handler.check_response(json_res)
  File "C:\Users\iam2cc\AppData\Roaming\Python\Python38\site-packages\selenium\webdriver\remote\errorhandler.py", line 242, in check_response
    raise exception_class(message, screen, stacktrace)
selenium.common.exceptions.WebDriverException: Message: invalid session id

01:33:50 - TestReport - DEBUG - PASS- method_name:_command: - args:(<async_webdriver.AsyncBrowser object at 0x00000284CACB9760>, 'DELETE') - kwargs:{'endpoint': ''}
10:44:03 - TestReport - ERROR - FAILED reason:Message: invalid session id
- method_name:_command - args:(<async_webdriver.AsyncBrowser object at 0x000001C36B309760>, 'POST', '/url') - kwargs:{'json': {'url': 'http://www.zhixuetong.com.cn/'}}
Traceback (most recent call last):
  File "C:\Users\iam2cc\Desktop\selfProject\test_framework\util\decorector.py", line 71, in inner_func
    await func(*args, **kwargs)
  File "C:\Users\iam2cc\Desktop\selfProject\test_framework\async_selenium\async_webdriver.py", line 50, in _command
    await super(AsyncBrowser, self)._command(method, self._url + endpoint, self._session, **kwargs)
  File "C:\Users\iam2cc\Desktop\selfProject\test_framework\async_selenium\async_http_client.py", line 26, in _command
    self._error_handler.check_response(json_res)
  File "C:\Users\iam2cc\AppData\Roaming\Python\Python38\site-packages\selenium\webdriver\remote\errorhandler.py", line 242, in check_response
    raise exception_class(message, screen, stacktrace)
selenium.common.exceptions.WebDriverException: Message: invalid session id

10:44:03 - TestReport - ERROR - FAILED reason:Message: invalid session id
- method_name:test - args:(<async_test.HomePage object at 0x000001C36B309970>,) - kwargs:{}
Traceback (most recent call last):
  File "C:\Users\iam2cc\Desktop\selfProject\test_framework\util\decorector.py", line 71, in inner_func
    await func(*args, **kwargs)
  File "C:\Users\iam2cc\Desktop\selfProject\test_framework\async_selenium\async_test.py", line 19, in test
    await self.get(url=PROJECT_URL)
  File "C:\Users\iam2cc\Desktop\selfProject\test_framework\async_selenium\async_test.py", line 13, in get
    await self.async_driver.get(url)
  File "C:\Users\iam2cc\Desktop\selfProject\test_framework\async_selenium\async_webdriver.py", line 56, in get
    return await self._command("POST", "/url", json=body)
  File "C:\Users\iam2cc\Desktop\selfProject\test_framework\util\decorector.py", line 71, in inner_func
    await func(*args, **kwargs)
  File "C:\Users\iam2cc\Desktop\selfProject\test_framework\async_selenium\async_webdriver.py", line 50, in _command
    await super(AsyncBrowser, self)._command(method, self._url + endpoint, self._session, **kwargs)
  File "C:\Users\iam2cc\Desktop\selfProject\test_framework\async_selenium\async_http_client.py", line 26, in _command
    self._error_handler.check_response(json_res)
  File "C:\Users\iam2cc\AppData\Roaming\Python\Python38\site-packages\selenium\webdriver\remote\errorhandler.py", line 242, in check_response
    raise exception_class(message, screen, stacktrace)
selenium.common.exceptions.WebDriverException: Message: invalid session id

10:44:04 - TestReport - DEBUG - PASS- method_name:_command: - args:(<async_webdriver.AsyncBrowser object at 0x000001C36B309760>, 'DELETE') - kwargs:{'endpoint': ''}
11:17:44 - TestReport - DEBUG - PASS- method_name:_command: - args:(<async_webdriver.AsyncBrowser object at 0x000001CA6602AC70>, 'POST', '/url') - kwargs:{'json': {'url': 'http://www.zhixuetong.com.cn/'}}
11:17:44 - TestReport - DEBUG - PASS- method_name:_command: - args:(<async_webdriver.AsyncBrowser object at 0x000001CA6602AC70>, 'POST', '/element') - kwargs:{'json': {'using': 'xpath', 'value': '//*[@id="frame_box"]/header/header/div/ul/li[2]/a'}}
11:17:44 - TestReport - ERROR - FAILED reason:'NoneType' object has no attribute 'values'- method_name:__init__: - args:(<async_selenium.async_element.AsyncElement object at 0x000001CA6613D1F0>, None, 'http://localhost:63527/session/28d7745e0b9e13ae529cedb4d559d24a', <aiohttp.client.ClientSession object at 0x000001CA6602A400>) - kwargs:{}
Traceback (most recent call last):
  File "C:\Users\iam2cc\Desktop\selfProject\test_framework\util\decorector.py", line 51, in inner_func
    func(*args, **kwargs)
  File "C:\Users\iam2cc\Desktop\selfProject\test_framework\async_selenium\async_element.py", line 17, in __init__
    self.element_id = element.values()[0]
AttributeError: 'NoneType' object has no attribute 'values'
11:17:44 - TestReport - ERROR - FAILED reason:'NoneType' object has no attribute 'values'- method_name:test - args:(<async_test.HomePage object at 0x000001CA6602AD30>,) - kwargs:{}
Traceback (most recent call last):
  File "C:\Users\iam2cc\Desktop\selfProject\test_framework\util\decorector.py", line 71, in inner_func
    await func(*args, **kwargs)
  File "C:\Users\iam2cc\Desktop\selfProject\test_framework\async_selenium\async_test.py", line 20, in test
    element = await self.async_driver.find_element('xpath', '//*[@id="frame_box"]/header/header/div/ul/li[2]/a')
  File "C:\Users\iam2cc\Desktop\selfProject\test_framework\async_selenium\async_webdriver.py", line 74, in find_element
    return AsyncElement(element_info, self._url, self._session)
  File "C:\Users\iam2cc\Desktop\selfProject\test_framework\util\decorector.py", line 51, in inner_func
    func(*args, **kwargs)
  File "C:\Users\iam2cc\Desktop\selfProject\test_framework\async_selenium\async_element.py", line 17, in __init__
    self.element_id = element.values()[0]
AttributeError: 'NoneType' object has no attribute 'values'
11:17:44 - TestReport - DEBUG - PASS- method_name:_command: - args:(<async_webdriver.AsyncBrowser object at 0x000001CA6602AC70>, 'DELETE') - kwargs:{'endpoint': ''}
12:01:05 - TestReport - DEBUG - PASS- method_name:_command: - args:(<async_webdriver.AsyncBrowser object at 0x000002549AEB5D00>, 'POST', '/url') - kwargs:{'json': {'url': 'http://www.zhixuetong.com.cn/'}}
12:01:05 - TestReport - DEBUG - PASS- method_name:_command: - args:(<async_webdriver.AsyncBrowser object at 0x000002549AEB5D00>, 'POST', '/element') - kwargs:{'json': {'using': 'xpath', 'value': '//*[@id="frame_box"]/header/header/div/ul/li[2]/a'}}
12:01:05 - TestReport - ERROR - FAILED reason:'NoneType' object has no attribute 'values'- method_name:__init__: - args:(<async_selenium.async_element.AsyncElement object at 0x000002549AFD4280>, None, 'http://localhost:54338/session/dc98d473bd541e8a86eecdb822bf5073', <aiohttp.client.ClientSession object at 0x000002549AEB5490>) - kwargs:{}
Traceback (most recent call last):
  File "C:\Users\iam2cc\Desktop\selfProject\test_framework\util\decorector.py", line 51, in inner_func
    func(*args, **kwargs)
  File "C:\Users\iam2cc\Desktop\selfProject\test_framework\async_selenium\async_element.py", line 17, in __init__
    self.element_id = element.values()[0]
AttributeError: 'NoneType' object has no attribute 'values'
12:01:05 - TestReport - ERROR - FAILED reason:'NoneType' object has no attribute 'values'- method_name:test - args:(<async_test.HomePage object at 0x000002549AEB5DC0>,) - kwargs:{}
Traceback (most recent call last):
  File "C:\Users\iam2cc\Desktop\selfProject\test_framework\util\decorector.py", line 71, in inner_func
    await func(*args, **kwargs)
  File "C:\Users\iam2cc\Desktop\selfProject\test_framework\async_selenium\async_test.py", line 20, in test
    element = await self.async_driver.find_element('xpath', '//*[@id="frame_box"]/header/header/div/ul/li[2]/a')
  File "C:\Users\iam2cc\Desktop\selfProject\test_framework\async_selenium\async_webdriver.py", line 74, in find_element
    return AsyncElement(element_info, self._url, self._session)
  File "C:\Users\iam2cc\Desktop\selfProject\test_framework\util\decorector.py", line 51, in inner_func
    func(*args, **kwargs)
  File "C:\Users\iam2cc\Desktop\selfProject\test_framework\async_selenium\async_element.py", line 17, in __init__
    self.element_id = element.values()[0]
AttributeError: 'NoneType' object has no attribute 'values'
12:01:05 - TestReport - DEBUG - PASS- method_name:_command: - args:(<async_webdriver.AsyncBrowser object at 0x000002549AEB5D00>, 'DELETE') - kwargs:{'endpoint': ''}
12:01:20 - TestReport - DEBUG - PASS- method_name:_command: - args:(<async_webdriver.AsyncBrowser object at 0x000001FADB80ACA0>, 'POST', '/url') - kwargs:{'json': {'url': 'http://www.zhixuetong.com.cn/'}}
12:01:20 - TestReport - DEBUG - PASS- method_name:_command: - args:(<async_webdriver.AsyncBrowser object at 0x000001FADB80ACA0>, 'POST', '/element') - kwargs:{'json': {'using': 'xpath', 'value': '//*[@id="frame_box"]/header/header/div/ul/li[2]/a'}}
12:01:20 - TestReport - ERROR - FAILED reason:'NoneType' object has no attribute 'values'- method_name:__init__: - args:(<async_selenium.async_element.AsyncElement object at 0x000001FADB91C220>, None, 'http://localhost:54378/session/807f2900228bafe2d19d9585737d3034', <aiohttp.client.ClientSession object at 0x000001FADB80A430>) - kwargs:{}
Traceback (most recent call last):
  File "C:\Users\iam2cc\Desktop\selfProject\test_framework\util\decorector.py", line 51, in inner_func
    func(*args, **kwargs)
  File "C:\Users\iam2cc\Desktop\selfProject\test_framework\async_selenium\async_element.py", line 17, in __init__
    self.element_id = element.values()[0]
AttributeError: 'NoneType' object has no attribute 'values'
12:01:20 - TestReport - ERROR - FAILED reason:'NoneType' object has no attribute 'values'- method_name:test - args:(<async_test.HomePage object at 0x000001FADB80AD60>,) - kwargs:{}
Traceback (most recent call last):
  File "C:\Users\iam2cc\Desktop\selfProject\test_framework\util\decorector.py", line 71, in inner_func
    await func(*args, **kwargs)
  File "C:\Users\iam2cc\Desktop\selfProject\test_framework\async_selenium\async_test.py", line 20, in test
    element = await self.async_driver.find_element('xpath', '//*[@id="frame_box"]/header/header/div/ul/li[2]/a')
  File "C:\Users\iam2cc\Desktop\selfProject\test_framework\async_selenium\async_webdriver.py", line 74, in find_element
    return AsyncElement(element_info, self._url, self._session)
  File "C:\Users\iam2cc\Desktop\selfProject\test_framework\util\decorector.py", line 51, in inner_func
    func(*args, **kwargs)
  File "C:\Users\iam2cc\Desktop\selfProject\test_framework\async_selenium\async_element.py", line 17, in __init__
    self.element_id = element.values()[0]
AttributeError: 'NoneType' object has no attribute 'values'
12:01:20 - TestReport - DEBUG - PASS- method_name:_command: - args:(<async_webdriver.AsyncBrowser object at 0x000001FADB80ACA0>, 'DELETE') - kwargs:{'endpoint': ''}
12:02:59 - TestReport - DEBUG - PASS- method_name:_command: - args:(<async_webdriver.AsyncBrowser object at 0x000001E6CAF5ACD0>, 'POST', '/url') - kwargs:{'json': {'url': 'http://www.zhixuetong.com.cn/'}}
12:02:59 - TestReport - DEBUG - PASS- method_name:_command: - args:(<async_webdriver.AsyncBrowser object at 0x000001E6CAF5ACD0>, 'POST', '/element') - kwargs:{'json': {'using': 'xpath', 'value': '//*[@id="frame_box"]/header/header/div/ul/li[2]/a'}}
12:02:59 - TestReport - ERROR - FAILED reason:'NoneType' object has no attribute 'values'- method_name:__init__: - args:(<async_selenium.async_element.AsyncElement object at 0x000001E6CB0BDF10>, None, 'http://localhost:54437/session/b8bfce43e5614f4b41109e14358e6726', <aiohttp.client.ClientSession object at 0x000001E6CAF5A460>) - kwargs:{}
Traceback (most recent call last):
  File "C:\Users\iam2cc\Desktop\selfProject\test_framework\util\decorector.py", line 51, in inner_func
    func(*args, **kwargs)
  File "C:\Users\iam2cc\Desktop\selfProject\test_framework\async_selenium\async_element.py", line 17, in __init__
    self.element_id = element.values()[0]
AttributeError: 'NoneType' object has no attribute 'values'
12:02:59 - TestReport - ERROR - FAILED reason:'NoneType' object has no attribute 'values'- method_name:test - args:(<async_test.HomePage object at 0x000001E6CAF5AD90>,) - kwargs:{}
Traceback (most recent call last):
  File "C:\Users\iam2cc\Desktop\selfProject\test_framework\util\decorector.py", line 71, in inner_func
    await func(*args, **kwargs)
  File "C:\Users\iam2cc\Desktop\selfProject\test_framework\async_selenium\async_test.py", line 20, in test
    element = await self.async_driver.find_element('xpath', '//*[@id="frame_box"]/header/header/div/ul/li[2]/a')
  File "C:\Users\iam2cc\Desktop\selfProject\test_framework\async_selenium\async_webdriver.py", line 75, in find_element
    return AsyncElement(element_info, self._url, self._session)
  File "C:\Users\iam2cc\Desktop\selfProject\test_framework\util\decorector.py", line 51, in inner_func
    func(*args, **kwargs)
  File "C:\Users\iam2cc\Desktop\selfProject\test_framework\async_selenium\async_element.py", line 17, in __init__
    self.element_id = element.values()[0]
AttributeError: 'NoneType' object has no attribute 'values'
12:02:59 - TestReport - DEBUG - PASS- method_name:_command: - args:(<async_webdriver.AsyncBrowser object at 0x000001E6CAF5ACD0>, 'DELETE') - kwargs:{'endpoint': ''}
12:03:47 - TestReport - ERROR - FAILED reason:'NoneType' object has no attribute 'value'- method_name:_command - args:(<async_webdriver.AsyncBrowser object at 0x0000026C413BACA0>, 'POST', '/url') - kwargs:{'json': {'url': 'http://www.zhixuetong.com.cn/'}}
Traceback (most recent call last):
  File "C:\Users\iam2cc\Desktop\selfProject\test_framework\util\decorector.py", line 71, in inner_func
    await func(*args, **kwargs)
  File "C:\Users\iam2cc\Desktop\selfProject\test_framework\async_selenium\async_webdriver.py", line 51, in _command
    ic(res.value())
AttributeError: 'NoneType' object has no attribute 'value'
12:03:47 - TestReport - ERROR - FAILED reason:'NoneType' object has no attribute 'value'- method_name:test - args:(<async_test.HomePage object at 0x0000026C413BAD60>,) - kwargs:{}
Traceback (most recent call last):
  File "C:\Users\iam2cc\Desktop\selfProject\test_framework\util\decorector.py", line 71, in inner_func
    await func(*args, **kwargs)
  File "C:\Users\iam2cc\Desktop\selfProject\test_framework\async_selenium\async_test.py", line 19, in test
    await self.get(url=PROJECT_URL)
  File "C:\Users\iam2cc\Desktop\selfProject\test_framework\async_selenium\async_test.py", line 13, in get
    await self.async_driver.get(url)
  File "C:\Users\iam2cc\Desktop\selfProject\test_framework\async_selenium\async_webdriver.py", line 57, in get
    return await self._command("POST", "/url", json=body)
  File "C:\Users\iam2cc\Desktop\selfProject\test_framework\util\decorector.py", line 71, in inner_func
    await func(*args, **kwargs)
  File "C:\Users\iam2cc\Desktop\selfProject\test_framework\async_selenium\async_webdriver.py", line 51, in _command
    ic(res.value())
AttributeError: 'NoneType' object has no attribute 'value'
12:03:47 - TestReport - ERROR - FAILED reason:'NoneType' object has no attribute 'value'- method_name:_command - args:(<async_webdriver.AsyncBrowser object at 0x0000026C413BACA0>, 'DELETE') - kwargs:{'endpoint': ''}
Traceback (most recent call last):
  File "C:/Users/iam2cc/Desktop/selfProject/test_framework/async_selenium/async_main.py", line 19, in main
    await eval(f'instance.{attr}()')
  File "C:\Users\iam2cc\Desktop\selfProject\test_framework\util\decorector.py", line 71, in inner_func
    await func(*args, **kwargs)
  File "C:\Users\iam2cc\Desktop\selfProject\test_framework\async_selenium\async_test.py", line 19, in test
    await self.get(url=PROJECT_URL)
  File "C:\Users\iam2cc\Desktop\selfProject\test_framework\async_selenium\async_test.py", line 13, in get
    await self.async_driver.get(url)
  File "C:\Users\iam2cc\Desktop\selfProject\test_framework\async_selenium\async_webdriver.py", line 57, in get
    return await self._command("POST", "/url", json=body)
  File "C:\Users\iam2cc\Desktop\selfProject\test_framework\util\decorector.py", line 71, in inner_func
    await func(*args, **kwargs)
  File "C:\Users\iam2cc\Desktop\selfProject\test_framework\async_selenium\async_webdriver.py", line 51, in _command
    ic(res.value())
AttributeError: 'NoneType' object has no attribute 'value'

During handling of the above exception, another exception occurred:

Traceback (most recent call last):
  File "C:\Users\iam2cc\Desktop\selfProject\test_framework\util\decorector.py", line 71, in inner_func
    await func(*args, **kwargs)
  File "C:\Users\iam2cc\Desktop\selfProject\test_framework\async_selenium\async_webdriver.py", line 51, in _command
    ic(res.value())
AttributeError: 'NoneType' object has no attribute 'value'
12:04:12 - TestReport - DEBUG - PASS- method_name:_command: - args:(<async_webdriver.AsyncBrowser object at 0x0000021008895D00>, 'POST', '/url') - kwargs:{'json': {'url': 'http://www.zhixuetong.com.cn/'}}
12:04:12 - TestReport - DEBUG - PASS- method_name:_command: - args:(<async_webdriver.AsyncBrowser object at 0x0000021008895D00>, 'POST', '/element') - kwargs:{'json': {'using': 'xpath', 'value': '//*[@id="frame_box"]/header/header/div/ul/li[2]/a'}}
12:04:12 - TestReport - ERROR - FAILED reason:'NoneType' object has no attribute 'values'- method_name:__init__: - args:(<async_selenium.async_element.AsyncElement object at 0x00000210091FAF40>, None, 'http://localhost:54531/session/0425365b811660ce25b50ea17ca9c2ff', <aiohttp.client.ClientSession object at 0x0000021008895490>) - kwargs:{}
Traceback (most recent call last):
  File "C:\Users\iam2cc\Desktop\selfProject\test_framework\util\decorector.py", line 51, in inner_func
    func(*args, **kwargs)
  File "C:\Users\iam2cc\Desktop\selfProject\test_framework\async_selenium\async_element.py", line 17, in __init__
    self.element_id = element.values()[0]
AttributeError: 'NoneType' object has no attribute 'values'
12:04:12 - TestReport - ERROR - FAILED reason:'NoneType' object has no attribute 'values'- method_name:test - args:(<async_test.HomePage object at 0x0000021008895DC0>,) - kwargs:{}
Traceback (most recent call last):
  File "C:\Users\iam2cc\Desktop\selfProject\test_framework\util\decorector.py", line 71, in inner_func
    await func(*args, **kwargs)
  File "C:\Users\iam2cc\Desktop\selfProject\test_framework\async_selenium\async_test.py", line 20, in test
    element = await self.async_driver.find_element('xpath', '//*[@id="frame_box"]/header/header/div/ul/li[2]/a')
  File "C:\Users\iam2cc\Desktop\selfProject\test_framework\async_selenium\async_webdriver.py", line 75, in find_element
    return AsyncElement(element_info, self._url, self._session)
  File "C:\Users\iam2cc\Desktop\selfProject\test_framework\util\decorector.py", line 51, in inner_func
    func(*args, **kwargs)
  File "C:\Users\iam2cc\Desktop\selfProject\test_framework\async_selenium\async_element.py", line 17, in __init__
    self.element_id = element.values()[0]
AttributeError: 'NoneType' object has no attribute 'values'
12:04:12 - TestReport - DEBUG - PASS- method_name:_command: - args:(<async_webdriver.AsyncBrowser object at 0x0000021008895D00>, 'DELETE') - kwargs:{'endpoint': ''}
12:05:30 - TestReport - DEBUG - PASS- method_name:_command: - args:(<async_webdriver.AsyncBrowser object at 0x00000220ACDFAC40>, 'POST', '/url') - kwargs:{'json': {'url': 'http://www.zhixuetong.com.cn/'}}
12:05:30 - TestReport - DEBUG - PASS- method_name:_command: - args:(<async_webdriver.AsyncBrowser object at 0x00000220ACDFAC40>, 'POST', '/element') - kwargs:{'json': {'using': 'xpath', 'value': '//*[@id="frame_box"]/header/header/div/ul/li[2]/a'}}
12:05:30 - TestReport - ERROR - FAILED reason:can only concatenate str (not "NoneType") to str- method_name:test - args:(<async_test.HomePage object at 0x00000220ACDFAD00>,) - kwargs:{}
Traceback (most recent call last):
  File "C:\Users\iam2cc\Desktop\selfProject\test_framework\util\decorector.py", line 71, in inner_func
    await func(*args, **kwargs)
  File "C:\Users\iam2cc\Desktop\selfProject\test_framework\async_selenium\async_test.py", line 20, in test
    element = await self.async_driver.find_element('xpath', '//*[@id="frame_box"]/header/header/div/ul/li[2]/a')
  File "C:\Users\iam2cc\Desktop\selfProject\test_framework\async_selenium\async_webdriver.py", line 73, in find_element
    ic('12312312'+element_info)
TypeError: can only concatenate str (not "NoneType") to str
12:05:30 - TestReport - DEBUG - PASS- method_name:_command: - args:(<async_webdriver.AsyncBrowser object at 0x00000220ACDFAC40>, 'DELETE') - kwargs:{'endpoint': ''}
12:05:53 - TestReport - DEBUG - PASS- method_name:_command: - args:(<async_webdriver.AsyncBrowser object at 0x000002857C09ACA0>, 'POST', '/url') - kwargs:{'json': {'url': 'http://www.zhixuetong.com.cn/'}}
12:05:53 - TestReport - DEBUG - PASS- method_name:_command: - args:(<async_webdriver.AsyncBrowser object at 0x000002857C09ACA0>, 'POST', '/element') - kwargs:{'json': {'using': 'xpath', 'value': '//*[@id="frame_box"]/header/header/div/ul/li[2]/a'}}
12:05:53 - TestReport - ERROR - FAILED reason:'NoneType' object has no attribute 'values'- method_name:__init__: - args:(<async_selenium.async_element.AsyncElement object at 0x000002857C0E9790>, None, 'http://localhost:54798/session/1cc4295391101b5e237c17e947139a16', <aiohttp.client.ClientSession object at 0x000002857C09A430>) - kwargs:{}
Traceback (most recent call last):
  File "C:\Users\iam2cc\Desktop\selfProject\test_framework\util\decorector.py", line 51, in inner_func
    func(*args, **kwargs)
  File "C:\Users\iam2cc\Desktop\selfProject\test_framework\async_selenium\async_element.py", line 17, in __init__
    self.element_id = element.values()[0]
AttributeError: 'NoneType' object has no attribute 'values'
12:05:53 - TestReport - ERROR - FAILED reason:'NoneType' object has no attribute 'values'- method_name:test - args:(<async_test.HomePage object at 0x000002857C09AD60>,) - kwargs:{}
Traceback (most recent call last):
  File "C:\Users\iam2cc\Desktop\selfProject\test_framework\util\decorector.py", line 71, in inner_func
    await func(*args, **kwargs)
  File "C:\Users\iam2cc\Desktop\selfProject\test_framework\async_selenium\async_test.py", line 20, in test
    element = await self.async_driver.find_element('xpath', '//*[@id="frame_box"]/header/header/div/ul/li[2]/a')
  File "C:\Users\iam2cc\Desktop\selfProject\test_framework\async_selenium\async_webdriver.py", line 75, in find_element
    return AsyncElement(element_info, self._url, self._session)
  File "C:\Users\iam2cc\Desktop\selfProject\test_framework\util\decorector.py", line 51, in inner_func
    func(*args, **kwargs)
  File "C:\Users\iam2cc\Desktop\selfProject\test_framework\async_selenium\async_element.py", line 17, in __init__
    self.element_id = element.values()[0]
AttributeError: 'NoneType' object has no attribute 'values'
12:05:53 - TestReport - DEBUG - PASS- method_name:_command: - args:(<async_webdriver.AsyncBrowser object at 0x000002857C09ACA0>, 'DELETE') - kwargs:{'endpoint': ''}
12:07:56 - TestReport - DEBUG - PASS- method_name:_command: - args:(<async_webdriver.AsyncBrowser object at 0x000001A76ED1ACA0>, 'POST', '/url') - kwargs:{'json': {'url': 'http://www.zhixuetong.com.cn/'}}
12:07:56 - TestReport - DEBUG - PASS- method_name:_command: - args:(<async_webdriver.AsyncBrowser object at 0x000001A76ED1ACA0>, 'POST', '/element') - kwargs:{'json': {'using': 'xpath', 'value': '//*[@id="frame_box"]/header/header/div/ul/li[2]/a'}}
12:07:56 - TestReport - ERROR - FAILED reason:'NoneType' object has no attribute 'values'- method_name:__init__: - args:(<async_selenium.async_element.AsyncElement object at 0x000001A76ED69790>, None, 'http://localhost:54862/session/96d9c69633b89f3c71e678e9ecfd7623', <aiohttp.client.ClientSession object at 0x000001A76ED1A430>) - kwargs:{}
Traceback (most recent call last):
  File "C:\Users\iam2cc\Desktop\selfProject\test_framework\util\decorector.py", line 51, in inner_func
    func(*args, **kwargs)
  File "C:\Users\iam2cc\Desktop\selfProject\test_framework\async_selenium\async_element.py", line 17, in __init__
    self.element_id = element.values()[0]
AttributeError: 'NoneType' object has no attribute 'values'
12:07:56 - TestReport - ERROR - FAILED reason:'NoneType' object has no attribute 'values'- method_name:test - args:(<async_test.HomePage object at 0x000001A76ED1AD60>,) - kwargs:{}
Traceback (most recent call last):
  File "C:\Users\iam2cc\Desktop\selfProject\test_framework\util\decorector.py", line 71, in inner_func
    await func(*args, **kwargs)
  File "C:\Users\iam2cc\Desktop\selfProject\test_framework\async_selenium\async_test.py", line 20, in test
    element = await self.async_driver.find_element('xpath', '//*[@id="frame_box"]/header/header/div/ul/li[2]/a')
  File "C:\Users\iam2cc\Desktop\selfProject\test_framework\async_selenium\async_webdriver.py", line 76, in find_element
    return AsyncElement(element_info, self._url, self._session)
  File "C:\Users\iam2cc\Desktop\selfProject\test_framework\util\decorector.py", line 51, in inner_func
    func(*args, **kwargs)
  File "C:\Users\iam2cc\Desktop\selfProject\test_framework\async_selenium\async_element.py", line 17, in __init__
    self.element_id = element.values()[0]
AttributeError: 'NoneType' object has no attribute 'values'
12:07:56 - TestReport - DEBUG - PASS- method_name:_command: - args:(<async_webdriver.AsyncBrowser object at 0x000001A76ED1ACA0>, 'DELETE') - kwargs:{'endpoint': ''}
12:09:46 - TestReport - DEBUG - PASS- method_name:_command: - args:(<async_webdriver.AsyncBrowser object at 0x000001D122E8ACA0>, 'POST', '/url') - kwargs:{'json': {'url': 'http://www.zhixuetong.com.cn/'}}
12:09:46 - TestReport - DEBUG - PASS- method_name:_command: - args:(<async_webdriver.AsyncBrowser object at 0x000001D122E8ACA0>, 'POST', '/element') - kwargs:{'json': {'using': 'xpath', 'value': '//*[@id="frame_box"]/header/header/div/ul/li[2]/a'}}
12:09:46 - TestReport - ERROR - FAILED reason:'NoneType' object has no attribute 'values'- method_name:__init__: - args:(<async_selenium.async_element.AsyncElement object at 0x000001D122ED9790>, None, 'http://localhost:54985/session/7b90b285c20ac15883fcafc773a3cef7', <aiohttp.client.ClientSession object at 0x000001D122E8A430>) - kwargs:{}
Traceback (most recent call last):
  File "C:\Users\iam2cc\Desktop\selfProject\test_framework\util\decorector.py", line 51, in inner_func
    func(*args, **kwargs)
  File "C:\Users\iam2cc\Desktop\selfProject\test_framework\async_selenium\async_element.py", line 17, in __init__
    self.element_id = element.values()[0]
AttributeError: 'NoneType' object has no attribute 'values'
12:09:46 - TestReport - ERROR - FAILED reason:'NoneType' object has no attribute 'values'- method_name:test - args:(<async_test.HomePage object at 0x000001D122E8AD60>,) - kwargs:{}
Traceback (most recent call last):
  File "C:\Users\iam2cc\Desktop\selfProject\test_framework\util\decorector.py", line 71, in inner_func
    await func(*args, **kwargs)
  File "C:\Users\iam2cc\Desktop\selfProject\test_framework\async_selenium\async_test.py", line 20, in test
    element = await self.async_driver.find_element('xpath', '//*[@id="frame_box"]/header/header/div/ul/li[2]/a')
  File "C:\Users\iam2cc\Desktop\selfProject\test_framework\async_selenium\async_webdriver.py", line 77, in find_element
    return AsyncElement(element_info, self._url, self._session)
  File "C:\Users\iam2cc\Desktop\selfProject\test_framework\util\decorector.py", line 51, in inner_func
    func(*args, **kwargs)
  File "C:\Users\iam2cc\Desktop\selfProject\test_framework\async_selenium\async_element.py", line 17, in __init__
    self.element_id = element.values()[0]
AttributeError: 'NoneType' object has no attribute 'values'
12:09:47 - TestReport - DEBUG - PASS- method_name:_command: - args:(<async_webdriver.AsyncBrowser object at 0x000001D122E8ACA0>, 'DELETE') - kwargs:{'endpoint': ''}
12:12:25 - TestReport - DEBUG - PASS- method_name:_command: - args:(<async_webdriver.AsyncBrowser object at 0x00000274ECA45D30>, 'POST', '/url') - kwargs:{'json': {'url': 'http://www.zhixuetong.com.cn/'}}
12:12:25 - TestReport - DEBUG - PASS- method_name:_command: - args:(<async_webdriver.AsyncBrowser object at 0x00000274ECA45D30>, 'POST', '/element') - kwargs:{'json': {'using': 'xpath', 'value': '//*[@id="frame_box"]/header/header/div/ul/li[2]/a'}}
12:12:25 - TestReport - ERROR - FAILED reason:'NoneType' object has no attribute 'click'- method_name:test - args:(<async_test.HomePage object at 0x00000274ECA45DF0>,) - kwargs:{}
Traceback (most recent call last):
  File "C:\Users\iam2cc\Desktop\selfProject\test_framework\util\decorector.py", line 71, in inner_func
    await func(*args, **kwargs)
  File "C:\Users\iam2cc\Desktop\selfProject\test_framework\async_selenium\async_test.py", line 22, in test
    element.click()
AttributeError: 'NoneType' object has no attribute 'click'
12:12:25 - TestReport - DEBUG - PASS- method_name:_command: - args:(<async_webdriver.AsyncBrowser object at 0x00000274ECA45D30>, 'DELETE') - kwargs:{'endpoint': ''}
12:13:55 - TestReport - DEBUG - PASS- method_name:_command: - args:(<async_webdriver.AsyncBrowser object at 0x0000024031C2DC10>, 'POST', '/url') - kwargs:{'json': {'url': 'http://www.zhixuetong.com.cn/'}}
12:13:55 - TestReport - DEBUG - PASS- method_name:_command: - args:(<async_webdriver.AsyncBrowser object at 0x0000024031C2DC10>, 'POST', '/element') - kwargs:{'json': {'using': 'xpath', 'value': '//*[@id="frame_box"]/header/header/div/ul/li[2]/a'}}
12:13:55 - TestReport - ERROR - FAILED reason:'NoneType' object has no attribute 'click'- method_name:test - args:(<async_test.HomePage object at 0x0000024031C2DCD0>,) - kwargs:{}
Traceback (most recent call last):
  File "C:\Users\iam2cc\Desktop\selfProject\test_framework\util\decorector.py", line 71, in inner_func
    await func(*args, **kwargs)
  File "C:\Users\iam2cc\Desktop\selfProject\test_framework\async_selenium\async_test.py", line 22, in test
    element.click()
AttributeError: 'NoneType' object has no attribute 'click'
12:13:55 - TestReport - DEBUG - PASS- method_name:_command: - args:(<async_webdriver.AsyncBrowser object at 0x0000024031C2DC10>, 'DELETE') - kwargs:{'endpoint': ''}
12:16:31 - TestReport - DEBUG - PASS- method_name:_command: - args:(<async_webdriver.AsyncBrowser object at 0x00000213AC00DBE0>, 'POST', '/url') - kwargs:{'json': {'url': 'http://www.zhixuetong.com.cn/'}}
12:16:31 - TestReport - DEBUG - PASS- method_name:_command: - args:(<async_webdriver.AsyncBrowser object at 0x00000213AC00DBE0>, 'POST', '/element') - kwargs:{'json': {'using': 'xpath', 'value': '//*[@id="frame_box"]/header/header/div/ul/li[2]/a'}}
12:16:31 - TestReport - ERROR - FAILED reason:'NoneType' object has no attribute 'click'- method_name:test - args:(<async_test.HomePage object at 0x00000213AC00DCA0>,) - kwargs:{}
Traceback (most recent call last):
  File "C:\Users\iam2cc\Desktop\selfProject\test_framework\util\decorector.py", line 71, in inner_func
    await func(*args, **kwargs)
  File "C:\Users\iam2cc\Desktop\selfProject\test_framework\async_selenium\async_test.py", line 22, in test
    element.click()
AttributeError: 'NoneType' object has no attribute 'click'
12:16:31 - TestReport - DEBUG - PASS- method_name:_command: - args:(<async_webdriver.AsyncBrowser object at 0x00000213AC00DBE0>, 'DELETE') - kwargs:{'endpoint': ''}
12:19:47 - TestReport - DEBUG - PASS- method_name:_command: - args:(<async_webdriver.AsyncBrowser object at 0x0000029A960FAC40>, 'POST', '/url') - kwargs:{'json': {'url': 'http://www.zhixuetong.com.cn/'}}
12:19:47 - TestReport - DEBUG - PASS- method_name:_command: - args:(<async_webdriver.AsyncBrowser object at 0x0000029A960FAC40>, 'POST', '/element') - kwargs:{'json': {'using': 'xpath', 'value': '//*[@id="frame_box"]/header/header/div/ul/li[2]/a'}}
12:19:47 - TestReport - ERROR - FAILED reason:'NoneType' object has no attribute 'click'- method_name:test - args:(<async_test.HomePage object at 0x0000029A960FAD00>,) - kwargs:{}
Traceback (most recent call last):
  File "C:\Users\iam2cc\Desktop\selfProject\test_framework\util\decorector.py", line 71, in inner_func
    await func(*args, **kwargs)
  File "C:\Users\iam2cc\Desktop\selfProject\test_framework\async_selenium\async_test.py", line 22, in test
    element.click()
AttributeError: 'NoneType' object has no attribute 'click'
12:19:47 - TestReport - DEBUG - PASS- method_name:_command: - args:(<async_webdriver.AsyncBrowser object at 0x0000029A960FAC40>, 'DELETE') - kwargs:{'endpoint': ''}
12:22:22 - TestReport - DEBUG - PASS- method_name:_command: - args:(<async_webdriver.AsyncBrowser object at 0x00000194BEDCACA0>, 'POST', '/url') - kwargs:{'json': {'url': 'http://www.zhixuetong.com.cn/'}}
12:22:22 - TestReport - DEBUG - PASS- method_name:_command: - args:(<async_webdriver.AsyncBrowser object at 0x00000194BEDCACA0>, 'POST', '/element') - kwargs:{'json': {'using': 'xpath', 'value': '//*[@id="frame_box"]/header/header/div/ul/li[2]/a'}}
12:22:22 - TestReport - ERROR - FAILED reason:'NoneType' object has no attribute 'values'- method_name:__init__: - args:(<async_selenium.async_element.AsyncElement object at 0x00000194BEDCAF40>, None, 'http://localhost:59526/session/15575533bcafd9b19f93b57acf935b97', <aiohttp.client.ClientSession object at 0x00000194BEDCA430>) - kwargs:{}
Traceback (most recent call last):
  File "C:\Users\iam2cc\Desktop\selfProject\test_framework\util\decorector.py", line 51, in inner_func
    func(*args, **kwargs)
  File "C:\Users\iam2cc\Desktop\selfProject\test_framework\async_selenium\async_element.py", line 17, in __init__
    self.element_id = element.values()[0]
AttributeError: 'NoneType' object has no attribute 'values'
12:22:22 - TestReport - ERROR - FAILED reason:'NoneType' object has no attribute 'values'- method_name:test - args:(<async_test.HomePage object at 0x00000194BEDCAD60>,) - kwargs:{}
Traceback (most recent call last):
  File "C:\Users\iam2cc\Desktop\selfProject\test_framework\util\decorector.py", line 71, in inner_func
    await func(*args, **kwargs)
  File "C:\Users\iam2cc\Desktop\selfProject\test_framework\async_selenium\async_test.py", line 20, in test
    element = await self.async_driver.find_element('xpath', '//*[@id="frame_box"]/header/header/div/ul/li[2]/a')
  File "C:\Users\iam2cc\Desktop\selfProject\test_framework\async_selenium\async_webdriver.py", line 76, in find_element
    return AsyncElement(element_info, self._url, self._session)
  File "C:\Users\iam2cc\Desktop\selfProject\test_framework\util\decorector.py", line 51, in inner_func
    func(*args, **kwargs)
  File "C:\Users\iam2cc\Desktop\selfProject\test_framework\async_selenium\async_element.py", line 17, in __init__
    self.element_id = element.values()[0]
AttributeError: 'NoneType' object has no attribute 'values'
12:22:22 - TestReport - DEBUG - PASS- method_name:_command: - args:(<async_webdriver.AsyncBrowser object at 0x00000194BEDCACA0>, 'DELETE') - kwargs:{'endpoint': ''}
12:22:59 - TestReport - DEBUG - PASS- method_name:_command: - args:(<async_webdriver.AsyncBrowser object at 0x0000027255B25D00>, 'POST', '/url') - kwargs:{'json': {'url': 'http://www.zhixuetong.com.cn/'}}
12:22:59 - TestReport - DEBUG - PASS- method_name:_command: - args:(<async_webdriver.AsyncBrowser object at 0x0000027255B25D00>, 'POST', '/element') - kwargs:{'json': {'using': 'xpath', 'value': '//*[@id="frame_box"]/header/header/div/ul/li[2]/a'}}
12:22:59 - TestReport - ERROR - FAILED reason:'NoneType' object has no attribute 'values'- method_name:__init__: - args:(<async_selenium.async_element.AsyncElement object at 0x0000027255B25FA0>, None, 'http://localhost:59572/session/7ec7a2097a97614e51a211a114f6b7bc', <aiohttp.client.ClientSession object at 0x0000027255B25490>) - kwargs:{}
Traceback (most recent call last):
  File "C:\Users\iam2cc\Desktop\selfProject\test_framework\util\decorector.py", line 51, in inner_func
    func(*args, **kwargs)
  File "C:\Users\iam2cc\Desktop\selfProject\test_framework\async_selenium\async_element.py", line 17, in __init__
    self.element_id = element.values()[0]
AttributeError: 'NoneType' object has no attribute 'values'
12:22:59 - TestReport - ERROR - FAILED reason:'NoneType' object has no attribute 'values'- method_name:test - args:(<async_test.HomePage object at 0x0000027255B25DC0>,) - kwargs:{}
Traceback (most recent call last):
  File "C:\Users\iam2cc\Desktop\selfProject\test_framework\util\decorector.py", line 71, in inner_func
    await func(*args, **kwargs)
  File "C:\Users\iam2cc\Desktop\selfProject\test_framework\async_selenium\async_test.py", line 20, in test
    element = await self.async_driver.find_element('xpath', '//*[@id="frame_box"]/header/header/div/ul/li[2]/a')
  File "C:\Users\iam2cc\Desktop\selfProject\test_framework\async_selenium\async_webdriver.py", line 77, in find_element
    return AsyncElement(element_info, self._url, self._session)
  File "C:\Users\iam2cc\Desktop\selfProject\test_framework\util\decorector.py", line 51, in inner_func
    func(*args, **kwargs)
  File "C:\Users\iam2cc\Desktop\selfProject\test_framework\async_selenium\async_element.py", line 17, in __init__
    self.element_id = element.values()[0]
AttributeError: 'NoneType' object has no attribute 'values'
12:22:59 - TestReport - DEBUG - PASS- method_name:_command: - args:(<async_webdriver.AsyncBrowser object at 0x0000027255B25D00>, 'DELETE') - kwargs:{'endpoint': ''}
12:24:52 - TestReport - DEBUG - PASS- method_name:_command: - args:(<async_webdriver.AsyncBrowser object at 0x0000013A6792BCA0>, 'POST', '/url') - kwargs:{'json': {'url': 'http://www.zhixuetong.com.cn/'}}
12:24:52 - TestReport - DEBUG - PASS- method_name:_command: - args:(<async_webdriver.AsyncBrowser object at 0x0000013A6792BCA0>, 'POST', '/element') - kwargs:{'json': {'using': 'xpath', 'value': '//*[@id="frame_box"]/header/header/div/ul/li[2]/a'}}
12:24:52 - TestReport - ERROR - FAILED reason:'NoneType' object has no attribute 'values'- method_name:__init__: - args:(<async_selenium.async_element.AsyncElement object at 0x0000013A6792BF40>, None, 'http://localhost:59689/session/70d499428018da9c84b2fa6ca6eb2ba4', <aiohttp.client.ClientSession object at 0x0000013A6792B430>) - kwargs:{}
Traceback (most recent call last):
  File "C:\Users\iam2cc\Desktop\selfProject\test_framework\util\decorector.py", line 51, in inner_func
    func(*args, **kwargs)
  File "C:\Users\iam2cc\Desktop\selfProject\test_framework\async_selenium\async_element.py", line 17, in __init__
    self.element_id = element.values()[0]
AttributeError: 'NoneType' object has no attribute 'values'
12:24:52 - TestReport - ERROR - FAILED reason:'NoneType' object has no attribute 'values'- method_name:test - args:(<async_test.HomePage object at 0x0000013A6792BD60>,) - kwargs:{}
Traceback (most recent call last):
  File "C:\Users\iam2cc\Desktop\selfProject\test_framework\util\decorector.py", line 71, in inner_func
    await func(*args, **kwargs)
  File "C:\Users\iam2cc\Desktop\selfProject\test_framework\async_selenium\async_test.py", line 20, in test
    element = await self.async_driver.click('xpath', '//*[@id="frame_box"]/header/header/div/ul/li[2]/a')
  File "C:\Users\iam2cc\Desktop\selfProject\test_framework\async_selenium\async_webdriver.py", line 80, in click
    element = await self.find_element(*location)
  File "C:\Users\iam2cc\Desktop\selfProject\test_framework\async_selenium\async_webdriver.py", line 77, in find_element
    return AsyncElement(element_info, self._url, self._session)
  File "C:\Users\iam2cc\Desktop\selfProject\test_framework\util\decorector.py", line 51, in inner_func
    func(*args, **kwargs)
  File "C:\Users\iam2cc\Desktop\selfProject\test_framework\async_selenium\async_element.py", line 17, in __init__
    self.element_id = element.values()[0]
AttributeError: 'NoneType' object has no attribute 'values'
12:24:52 - TestReport - DEBUG - PASS- method_name:_command: - args:(<async_webdriver.AsyncBrowser object at 0x0000013A6792BCA0>, 'DELETE') - kwargs:{'endpoint': ''}
12:26:58 - TestReport - DEBUG - PASS- method_name:_command: - args:(<async_webdriver.AsyncBrowser object at 0x000001B47F5CAC40>, 'POST', '/url') - kwargs:{'json': {'url': 'http://www.zhixuetong.com.cn/'}}
12:26:58 - TestReport - DEBUG - PASS- method_name:_command: - args:(<async_webdriver.AsyncBrowser object at 0x000001B47F5CAC40>, 'POST', '/element') - kwargs:{'json': {'using': 'xpath', 'value': '//*[@id="frame_box"]/header/header/div/ul/li[2]/a'}}
12:26:58 - TestReport - ERROR - FAILED reason:'NoneType' object has no attribute 'values'- method_name:__init__: - args:(<async_selenium.async_element.AsyncElement object at 0x000001B47F5CAEE0>, None, 'http://localhost:59761/session/965f71b3769ca141c74f7289b5af6154', <aiohttp.client.ClientSession object at 0x000001B47F5CA3D0>) - kwargs:{}
Traceback (most recent call last):
  File "C:\Users\iam2cc\Desktop\selfProject\test_framework\util\decorector.py", line 51, in inner_func
    func(*args, **kwargs)
  File "C:\Users\iam2cc\Desktop\selfProject\test_framework\async_selenium\async_element.py", line 17, in __init__
    self.element_id = element.values()[0]
AttributeError: 'NoneType' object has no attribute 'values'
12:26:58 - TestReport - ERROR - FAILED reason:'NoneType' object has no attribute 'values'- method_name:test - args:(<async_test.HomePage object at 0x000001B47F5CAD00>,) - kwargs:{}
Traceback (most recent call last):
  File "C:\Users\iam2cc\Desktop\selfProject\test_framework\util\decorector.py", line 71, in inner_func
    await func(*args, **kwargs)
  File "C:\Users\iam2cc\Desktop\selfProject\test_framework\async_selenium\async_test.py", line 20, in test
    element = await self.async_driver.click('xpath', '//*[@id="frame_box"]/header/header/div/ul/li[2]/a')
  File "C:\Users\iam2cc\Desktop\selfProject\test_framework\async_selenium\async_webdriver.py", line 80, in click
    element = await self.find_element(*location)
  File "C:\Users\iam2cc\Desktop\selfProject\test_framework\async_selenium\async_webdriver.py", line 77, in find_element
    return AsyncElement(element_info, self._url, self._session)
  File "C:\Users\iam2cc\Desktop\selfProject\test_framework\util\decorector.py", line 51, in inner_func
    func(*args, **kwargs)
  File "C:\Users\iam2cc\Desktop\selfProject\test_framework\async_selenium\async_element.py", line 17, in __init__
    self.element_id = element.values()[0]
AttributeError: 'NoneType' object has no attribute 'values'
12:26:58 - TestReport - DEBUG - PASS- method_name:_command: - args:(<async_webdriver.AsyncBrowser object at 0x000001B47F5CAC40>, 'DELETE') - kwargs:{'endpoint': ''}
12:28:01 - TestReport - DEBUG - PASS- method_name:_command: - args:(<async_webdriver.AsyncBrowser object at 0x00000249EBAFACD0>, 'POST', '/url') - kwargs:{'json': {'url': 'http://www.zhixuetong.com.cn/'}}
12:28:01 - TestReport - DEBUG - PASS- method_name:_command: - args:(<async_webdriver.AsyncBrowser object at 0x00000249EBAFACD0>, 'POST', '/element') - kwargs:{'json': {'using': 'xpath', 'value': '//*[@id="frame_box"]/header/header/div/ul/li[2]/a'}}
12:28:01 - TestReport - ERROR - FAILED reason:'NoneType' object has no attribute 'values'- method_name:__init__: - args:(<async_selenium.async_element.AsyncElement object at 0x00000249EBAFAEB0>, None, 'http://localhost:59815/session/d0d4f30f7f5438bcf633e3d02708bd7f', <aiohttp.client.ClientSession object at 0x00000249EBAFA460>) - kwargs:{}
Traceback (most recent call last):
  File "C:\Users\iam2cc\Desktop\selfProject\test_framework\util\decorector.py", line 51, in inner_func
    func(*args, **kwargs)
  File "C:\Users\iam2cc\Desktop\selfProject\test_framework\async_selenium\async_element.py", line 17, in __init__
    self.element_id = element.values()[0]
AttributeError: 'NoneType' object has no attribute 'values'
12:28:01 - TestReport - ERROR - FAILED reason:'NoneType' object has no attribute 'values'- method_name:test - args:(<async_test.HomePage object at 0x00000249EBAFAD90>,) - kwargs:{}
Traceback (most recent call last):
  File "C:\Users\iam2cc\Desktop\selfProject\test_framework\util\decorector.py", line 71, in inner_func
    await func(*args, **kwargs)
  File "C:\Users\iam2cc\Desktop\selfProject\test_framework\async_selenium\async_test.py", line 20, in test
    element = await self.async_driver.click('xpath', '//*[@id="frame_box"]/header/header/div/ul/li[2]/a')
  File "C:\Users\iam2cc\Desktop\selfProject\test_framework\async_selenium\async_webdriver.py", line 81, in click
    element = await self.find_element(*location)
  File "C:\Users\iam2cc\Desktop\selfProject\test_framework\async_selenium\async_webdriver.py", line 77, in find_element
    return AsyncElement(element_info, self._url, self._session)
  File "C:\Users\iam2cc\Desktop\selfProject\test_framework\util\decorector.py", line 51, in inner_func
    func(*args, **kwargs)
  File "C:\Users\iam2cc\Desktop\selfProject\test_framework\async_selenium\async_element.py", line 17, in __init__
    self.element_id = element.values()[0]
AttributeError: 'NoneType' object has no attribute 'values'
12:28:01 - TestReport - DEBUG - PASS- method_name:_command: - args:(<async_webdriver.AsyncBrowser object at 0x00000249EBAFACD0>, 'DELETE') - kwargs:{'endpoint': ''}
12:30:45 - TestReport - DEBUG - PASS- method_name:_command: - args:(<async_webdriver.AsyncBrowser object at 0x000001B95EE7AC40>, 'POST', '/url') - kwargs:{'json': {'url': 'http://www.zhixuetong.com.cn/'}}
12:30:45 - TestReport - DEBUG - PASS- method_name:_command: - args:(<async_webdriver.AsyncBrowser object at 0x000001B95EE7AC40>, 'POST', '/element') - kwargs:{'json': {'using': 'xpath', 'value': '//*[@id="frame_box"]/header/header/div/ul/li[2]/a'}}
12:30:45 - TestReport - ERROR - FAILED reason:'NoneType' object has no attribute 'values'- method_name:__init__: - args:(<async_selenium.async_element.AsyncElement object at 0x000001B95EE7AEE0>, None, 'http://localhost:59957/session/496b370082d2820a5cd98e46f3286268', <aiohttp.client.ClientSession object at 0x000001B95EE7A3D0>) - kwargs:{}
Traceback (most recent call last):
  File "C:\Users\iam2cc\Desktop\selfProject\test_framework\util\decorector.py", line 51, in inner_func
    func(*args, **kwargs)
  File "C:\Users\iam2cc\Desktop\selfProject\test_framework\async_selenium\async_element.py", line 17, in __init__
    self.element_id = element.values()[0]
AttributeError: 'NoneType' object has no attribute 'values'
12:30:45 - TestReport - ERROR - FAILED reason:'NoneType' object has no attribute 'values'- method_name:test - args:(<async_test.HomePage object at 0x000001B95EE7AD00>,) - kwargs:{}
Traceback (most recent call last):
  File "C:\Users\iam2cc\Desktop\selfProject\test_framework\util\decorector.py", line 71, in inner_func
    await func(*args, **kwargs)
  File "C:\Users\iam2cc\Desktop\selfProject\test_framework\async_selenium\async_test.py", line 20, in test
    element = await self.async_driver.click('xpath', '//*[@id="frame_box"]/header/header/div/ul/li[2]/a')
  File "C:\Users\iam2cc\Desktop\selfProject\test_framework\async_selenium\async_webdriver.py", line 81, in click
    element = await self.find_element(*location)
  File "C:\Users\iam2cc\Desktop\selfProject\test_framework\async_selenium\async_webdriver.py", line 77, in find_element
    return AsyncElement(element_info, self._url, self._session)
  File "C:\Users\iam2cc\Desktop\selfProject\test_framework\util\decorector.py", line 51, in inner_func
    func(*args, **kwargs)
  File "C:\Users\iam2cc\Desktop\selfProject\test_framework\async_selenium\async_element.py", line 17, in __init__
    self.element_id = element.values()[0]
AttributeError: 'NoneType' object has no attribute 'values'
12:30:45 - TestReport - DEBUG - PASS- method_name:_command: - args:(<async_webdriver.AsyncBrowser object at 0x000001B95EE7AC40>, 'DELETE') - kwargs:{'endpoint': ''}
12:31:48 - TestReport - DEBUG - PASS- method_name:_command: - args:(<async_webdriver.AsyncBrowser object at 0x0000022D0CA9AC70>, 'POST', '/url') - kwargs:{'json': {'url': 'http://www.zhixuetong.com.cn/'}}
12:31:48 - TestReport - DEBUG - PASS- method_name:_command: - args:(<async_webdriver.AsyncBrowser object at 0x0000022D0CA9AC70>, 'POST', '/element') - kwargs:{'json': {'using': 'xpath', 'value': '//*[@id="frame_box"]/header/header/div/ul/li[2]/a'}}
12:31:48 - TestReport - ERROR - FAILED reason:'NoneType' object has no attribute 'values'- method_name:__init__: - args:(<async_selenium.async_element.AsyncElement object at 0x0000022D0CA9AF10>, None, 'http://localhost:60007/session/78ca63717f8b96d3f1f0a6eb707ed075', <aiohttp.client.ClientSession object at 0x0000022D0CA9A400>) - kwargs:{}
Traceback (most recent call last):
  File "C:\Users\iam2cc\Desktop\selfProject\test_framework\util\decorector.py", line 51, in inner_func
    func(*args, **kwargs)
  File "C:\Users\iam2cc\Desktop\selfProject\test_framework\async_selenium\async_element.py", line 17, in __init__
    self.element_id = element.values()[0]
AttributeError: 'NoneType' object has no attribute 'values'
12:31:48 - TestReport - ERROR - FAILED reason:'NoneType' object has no attribute 'values'- method_name:test - args:(<async_test.HomePage object at 0x0000022D0CA9AD30>,) - kwargs:{}
Traceback (most recent call last):
  File "C:\Users\iam2cc\Desktop\selfProject\test_framework\util\decorector.py", line 71, in inner_func
    await func(*args, **kwargs)
  File "C:\Users\iam2cc\Desktop\selfProject\test_framework\async_selenium\async_test.py", line 20, in test
    element = await self.async_driver.click('xpath', '//*[@id="frame_box"]/header/header/div/ul/li[2]/a')
  File "C:\Users\iam2cc\Desktop\selfProject\test_framework\async_selenium\async_webdriver.py", line 82, in click
    element = await self.find_element(*location)
  File "C:\Users\iam2cc\Desktop\selfProject\test_framework\async_selenium\async_webdriver.py", line 78, in find_element
    return AsyncElement(element_info, self._url, self._session)
  File "C:\Users\iam2cc\Desktop\selfProject\test_framework\util\decorector.py", line 51, in inner_func
    func(*args, **kwargs)
  File "C:\Users\iam2cc\Desktop\selfProject\test_framework\async_selenium\async_element.py", line 17, in __init__
    self.element_id = element.values()[0]
AttributeError: 'NoneType' object has no attribute 'values'
12:31:48 - TestReport - DEBUG - PASS- method_name:_command: - args:(<async_webdriver.AsyncBrowser object at 0x0000022D0CA9AC70>, 'DELETE') - kwargs:{'endpoint': ''}
12:34:18 - TestReport - DEBUG - PASS- method_name:_command: - args:(<async_webdriver.AsyncBrowser object at 0x000001865C29AC70>, 'POST', '/url') - kwargs:{'json': {'url': 'http://www.zhixuetong.com.cn/'}}
12:34:18 - TestReport - DEBUG - PASS- method_name:_command: - args:(<async_webdriver.AsyncBrowser object at 0x000001865C29AC70>, 'POST', '/element') - kwargs:{'json': {'using': 'xpath', 'value': '//*[@id="frame_box"]/header/header/div/ul/li[2]/a'}}
12:34:18 - TestReport - ERROR - FAILED reason:'NoneType' object has no attribute 'values'- method_name:__init__: - args:(<async_selenium.async_element.AsyncElement object at 0x000001865C29AF10>, None, 'http://localhost:60073/session/e4533f00ad1ba46042233ae0715a9a6c', <aiohttp.client.ClientSession object at 0x000001865C29A400>) - kwargs:{}
Traceback (most recent call last):
  File "C:\Users\iam2cc\Desktop\selfProject\test_framework\util\decorector.py", line 51, in inner_func
    func(*args, **kwargs)
  File "C:\Users\iam2cc\Desktop\selfProject\test_framework\async_selenium\async_element.py", line 17, in __init__
    self.element_id = element.values()[0]
AttributeError: 'NoneType' object has no attribute 'values'
12:34:18 - TestReport - ERROR - FAILED reason:'NoneType' object has no attribute 'values'- method_name:test - args:(<async_test.HomePage object at 0x000001865C29AD30>,) - kwargs:{}
Traceback (most recent call last):
  File "C:\Users\iam2cc\Desktop\selfProject\test_framework\util\decorector.py", line 71, in inner_func
    await func(*args, **kwargs)
  File "C:\Users\iam2cc\Desktop\selfProject\test_framework\async_selenium\async_test.py", line 20, in test
    element = await self.async_driver.click('xpath', '//*[@id="frame_box"]/header/header/div/ul/li[2]/a')
  File "C:\Users\iam2cc\Desktop\selfProject\test_framework\async_selenium\async_webdriver.py", line 82, in click
    element = await self.find_element(*location)
  File "C:\Users\iam2cc\Desktop\selfProject\test_framework\async_selenium\async_webdriver.py", line 78, in find_element
    return AsyncElement(element_info, self._url, self._session)
  File "C:\Users\iam2cc\Desktop\selfProject\test_framework\util\decorector.py", line 51, in inner_func
    func(*args, **kwargs)
  File "C:\Users\iam2cc\Desktop\selfProject\test_framework\async_selenium\async_element.py", line 17, in __init__
    self.element_id = element.values()[0]
AttributeError: 'NoneType' object has no attribute 'values'
12:34:18 - TestReport - DEBUG - PASS- method_name:_command: - args:(<async_webdriver.AsyncBrowser object at 0x000001865C29AC70>, 'DELETE') - kwargs:{'endpoint': ''}
12:35:07 - TestReport - DEBUG - PASS- method_name:_command: - args:(<async_webdriver.AsyncBrowser object at 0x00000237A881AC40>, 'POST', '/url') - kwargs:{'json': {'url': 'http://www.zhixuetong.com.cn/'}}
12:35:07 - TestReport - DEBUG - PASS- method_name:_command: - args:(<async_webdriver.AsyncBrowser object at 0x00000237A881AC40>, 'POST', '/element') - kwargs:{'json': {'using': 'xpath', 'value': '//*[@id="frame_box"]/header/header/div/ul/li[2]/a'}}
12:35:07 - TestReport - ERROR - FAILED reason:'NoneType' object has no attribute 'click'- method_name:test - args:(<async_test.HomePage object at 0x00000237A881AD00>,) - kwargs:{}
Traceback (most recent call last):
  File "C:\Users\iam2cc\Desktop\selfProject\test_framework\util\decorector.py", line 71, in inner_func
    await func(*args, **kwargs)
  File "C:\Users\iam2cc\Desktop\selfProject\test_framework\async_selenium\async_test.py", line 20, in test
    element = await self.async_driver.click('xpath', '//*[@id="frame_box"]/header/header/div/ul/li[2]/a')
  File "C:\Users\iam2cc\Desktop\selfProject\test_framework\async_selenium\async_webdriver.py", line 82, in click
    return await element.click()
AttributeError: 'NoneType' object has no attribute 'click'
12:35:07 - TestReport - DEBUG - PASS- method_name:_command: - args:(<async_webdriver.AsyncBrowser object at 0x00000237A881AC40>, 'DELETE') - kwargs:{'endpoint': ''}
12:37:07 - TestReport - ERROR - FAILED reason:'NoneType' object has no attribute 'click'- method_name:test - args:(<async_test.HomePage object at 0x000001BD57125D60>,) - kwargs:{}
Traceback (most recent call last):
  File "C:\Users\iam2cc\Desktop\selfProject\test_framework\util\decorector.py", line 71, in inner_func
    await func(*args, **kwargs)
  File "C:\Users\iam2cc\Desktop\selfProject\test_framework\async_selenium\async_test.py", line 20, in test
    element = await self.async_driver.click('xpath', '//*[@id="frame_box"]/header/header/div/ul/li[2]/a')
  File "C:\Users\iam2cc\Desktop\selfProject\test_framework\async_selenium\async_webdriver.py", line 81, in click
    return await element.click()
AttributeError: 'NoneType' object has no attribute 'click'
12:37:36 - TestReport - ERROR - FAILED reason:'NoneType' object has no attribute 'click'- method_name:test - args:(<async_test.HomePage object at 0x0000015F3FC4AD00>,) - kwargs:{}
Traceback (most recent call last):
  File "C:\Users\iam2cc\Desktop\selfProject\test_framework\util\decorector.py", line 71, in inner_func
    await func(*args, **kwargs)
  File "C:\Users\iam2cc\Desktop\selfProject\test_framework\async_selenium\async_test.py", line 20, in test
    element = await self.async_driver.click('xpath', '//*[@id="frame_box"]/header/header/div/ul/li[2]/a')
  File "C:\Users\iam2cc\Desktop\selfProject\test_framework\async_selenium\async_webdriver.py", line 81, in click
    return await element.click()
AttributeError: 'NoneType' object has no attribute 'click'
12:40:24 - TestReport - ERROR - FAILED reason:'dict_values' object is not subscriptable- method_name:__init__: - args:(<async_selenium.async_element.AsyncElement object at 0x0000021FA9846F40>, {'element-6066-11e4-a52e-4f735466cecf': '5f9ccbb8-d507-44b6-9917-63717c324e6d'}, 'http://localhost:50579/session/f63ac96fc7419cf6045908908d32a4b4', <aiohttp.client.ClientSession object at 0x0000021FA9846460>) - kwargs:{}
Traceback (most recent call last):
  File "C:\Users\iam2cc\Desktop\selfProject\test_framework\util\decorector.py", line 51, in inner_func
    func(*args, **kwargs)
  File "C:\Users\iam2cc\Desktop\selfProject\test_framework\async_selenium\async_element.py", line 17, in __init__
    self.element_id = element.values()[0]
TypeError: 'dict_values' object is not subscriptable
12:40:24 - TestReport - ERROR - FAILED reason:'dict_values' object is not subscriptable- method_name:test - args:(<async_test.HomePage object at 0x0000021FA9846D60>,) - kwargs:{}
Traceback (most recent call last):
  File "C:\Users\iam2cc\Desktop\selfProject\test_framework\util\decorector.py", line 71, in inner_func
    await func(*args, **kwargs)
  File "C:\Users\iam2cc\Desktop\selfProject\test_framework\async_selenium\async_test.py", line 20, in test
    element = await self.async_driver.click('xpath', '//*[@id="frame_box"]/header/header/div/ul/li[2]/a')
  File "C:\Users\iam2cc\Desktop\selfProject\test_framework\async_selenium\async_webdriver.py", line 80, in click
    element = await self.find_element(*location)
  File "C:\Users\iam2cc\Desktop\selfProject\test_framework\async_selenium\async_webdriver.py", line 76, in find_element
    return AsyncElement(element_info, self._url, self._session)
  File "C:\Users\iam2cc\Desktop\selfProject\test_framework\util\decorector.py", line 51, in inner_func
    func(*args, **kwargs)
  File "C:\Users\iam2cc\Desktop\selfProject\test_framework\async_selenium\async_element.py", line 17, in __init__
    self.element_id = element.values()[0]
TypeError: 'dict_values' object is not subscriptable
12:46:50 - TestReport - DEBUG - PASS- method_name:_command: - args:(<async_webdriver.AsyncBrowser object at 0x00000228882CACA0>, 'POST', '/url') - kwargs:{'json': {'url': 'http://www.zhixuetong.com.cn/'}}
12:46:50 - TestReport - DEBUG - PASS- method_name:_command: - args:(<async_webdriver.AsyncBrowser object at 0x00000228882CACA0>, 'POST', '/element') - kwargs:{'json': {'using': 'xpath', 'value': '//*[@id="frame_box"]/header/header/div/ul/li[2]/a'}}
12:46:50 - TestReport - ERROR - FAILED reason:'NoneType' object has no attribute 'values'- method_name:__init__: - args:(<async_selenium.async_element.AsyncElement object at 0x00000228882CAF40>, None, 'http://localhost:50901/session/79be08f5fa906ec9ffdce8ea2050246d', <aiohttp.client.ClientSession object at 0x00000228882CA430>) - kwargs:{}
Traceback (most recent call last):
  File "C:\Users\iam2cc\Desktop\selfProject\test_framework\util\decorector.py", line 51, in inner_func
    func(*args, **kwargs)
  File "C:\Users\iam2cc\Desktop\selfProject\test_framework\async_selenium\async_element.py", line 17, in __init__
    self.element_id = element.values()[0]
AttributeError: 'NoneType' object has no attribute 'values'
12:46:50 - TestReport - ERROR - FAILED reason:'NoneType' object has no attribute 'values'- method_name:test - args:(<async_test.HomePage object at 0x00000228882CAD60>,) - kwargs:{}
Traceback (most recent call last):
  File "C:\Users\iam2cc\Desktop\selfProject\test_framework\util\decorector.py", line 71, in inner_func
    await func(*args, **kwargs)
  File "C:\Users\iam2cc\Desktop\selfProject\test_framework\async_selenium\async_test.py", line 20, in test
    element = await self.async_driver.click('xpath', '//*[@id="frame_box"]/header/header/div/ul/li[2]/a')
  File "C:\Users\iam2cc\Desktop\selfProject\test_framework\async_selenium\async_webdriver.py", line 81, in click
    element = await self.find_element(*location)
  File "C:\Users\iam2cc\Desktop\selfProject\test_framework\async_selenium\async_webdriver.py", line 77, in find_element
    return AsyncElement(element_info, self._url, self._session)
  File "C:\Users\iam2cc\Desktop\selfProject\test_framework\util\decorector.py", line 51, in inner_func
    func(*args, **kwargs)
  File "C:\Users\iam2cc\Desktop\selfProject\test_framework\async_selenium\async_element.py", line 17, in __init__
    self.element_id = element.values()[0]
AttributeError: 'NoneType' object has no attribute 'values'
12:46:50 - TestReport - DEBUG - PASS- method_name:_command: - args:(<async_webdriver.AsyncBrowser object at 0x00000228882CACA0>, 'DELETE') - kwargs:{'endpoint': ''}
12:48:00 - TestReport - DEBUG - PASS- method_name:_command: - args:(<async_webdriver.AsyncBrowser object at 0x0000022180FF5D00>, 'POST', '/url') - kwargs:{'json': {'url': 'http://www.zhixuetong.com.cn/'}}
12:48:00 - TestReport - DEBUG - PASS- method_name:_command: - args:(<async_webdriver.AsyncBrowser object at 0x0000022180FF5D00>, 'POST', '/element') - kwargs:{'json': {'using': 'xpath', 'value': '//*[@id="frame_box"]/header/header/div/ul/li[2]/a'}}
12:48:00 - TestReport - ERROR - FAILED reason:'NoneType' object has no attribute 'values'- method_name:__init__: - args:(<async_selenium.async_element.AsyncElement object at 0x0000022180FF5EE0>, None, 'http://localhost:51023/session/0f7e7cc2cbe986252660498de4c8f409', <aiohttp.client.ClientSession object at 0x0000022180FF5490>) - kwargs:{}
Traceback (most recent call last):
  File "C:\Users\iam2cc\Desktop\selfProject\test_framework\util\decorector.py", line 51, in inner_func
    func(*args, **kwargs)
  File "C:\Users\iam2cc\Desktop\selfProject\test_framework\async_selenium\async_element.py", line 17, in __init__
    self.element_id = element.values()[0]
AttributeError: 'NoneType' object has no attribute 'values'
12:48:00 - TestReport - ERROR - FAILED reason:'NoneType' object has no attribute 'values'- method_name:test - args:(<async_test.HomePage object at 0x0000022180FF5DC0>,) - kwargs:{}
Traceback (most recent call last):
  File "C:\Users\iam2cc\Desktop\selfProject\test_framework\util\decorector.py", line 71, in inner_func
    await func(*args, **kwargs)
  File "C:\Users\iam2cc\Desktop\selfProject\test_framework\async_selenium\async_test.py", line 20, in test
    element = await self.async_driver.click('xpath', '//*[@id="frame_box"]/header/header/div/ul/li[2]/a')
  File "C:\Users\iam2cc\Desktop\selfProject\test_framework\async_selenium\async_webdriver.py", line 82, in click
    element = await self.find_element(*location)
  File "C:\Users\iam2cc\Desktop\selfProject\test_framework\async_selenium\async_webdriver.py", line 78, in find_element
    return AsyncElement(element_info, self._url, self._session)
  File "C:\Users\iam2cc\Desktop\selfProject\test_framework\util\decorector.py", line 51, in inner_func
    func(*args, **kwargs)
  File "C:\Users\iam2cc\Desktop\selfProject\test_framework\async_selenium\async_element.py", line 17, in __init__
    self.element_id = element.values()[0]
AttributeError: 'NoneType' object has no attribute 'values'
12:48:00 - TestReport - DEBUG - PASS- method_name:_command: - args:(<async_webdriver.AsyncBrowser object at 0x0000022180FF5D00>, 'DELETE') - kwargs:{'endpoint': ''}
12:48:26 - TestReport - ERROR - FAILED reason:'dict_values' object is not subscriptable- method_name:__init__: - args:(<async_selenium.async_element.AsyncElement object at 0x000001A29333AEB0>, {'element-6066-11e4-a52e-4f735466cecf': '0e25c3ae-b19e-4812-b19c-937de9b0ed0a'}, 'http://localhost:51085/session/8b72db44c68ab11354dcc7ebaed5e948', <aiohttp.client.ClientSession object at 0x000001A29333A3D0>) - kwargs:{}
Traceback (most recent call last):
  File "C:\Users\iam2cc\Desktop\selfProject\test_framework\util\decorector.py", line 51, in inner_func
    func(*args, **kwargs)
  File "C:\Users\iam2cc\Desktop\selfProject\test_framework\async_selenium\async_element.py", line 17, in __init__
    self.element_id = element.values()[0]
TypeError: 'dict_values' object is not subscriptable
12:48:26 - TestReport - ERROR - FAILED reason:'dict_values' object is not subscriptable- method_name:test - args:(<async_test.HomePage object at 0x000001A29333ACD0>,) - kwargs:{}
Traceback (most recent call last):
  File "C:\Users\iam2cc\Desktop\selfProject\test_framework\util\decorector.py", line 71, in inner_func
    await func(*args, **kwargs)
  File "C:\Users\iam2cc\Desktop\selfProject\test_framework\async_selenium\async_test.py", line 20, in test
    element = await self.async_driver.click('xpath', '//*[@id="frame_box"]/header/header/div/ul/li[2]/a')
  File "C:\Users\iam2cc\Desktop\selfProject\test_framework\async_selenium\async_webdriver.py", line 82, in click
    element = await self.find_element(*location)
  File "C:\Users\iam2cc\Desktop\selfProject\test_framework\async_selenium\async_webdriver.py", line 78, in find_element
    return AsyncElement(element_info, self._url, self._session)
  File "C:\Users\iam2cc\Desktop\selfProject\test_framework\util\decorector.py", line 51, in inner_func
    func(*args, **kwargs)
  File "C:\Users\iam2cc\Desktop\selfProject\test_framework\async_selenium\async_element.py", line 17, in __init__
    self.element_id = element.values()[0]
TypeError: 'dict_values' object is not subscriptable
12:49:31 - TestReport - ERROR - FAILED reason:'dict_values' object is not subscriptable- method_name:__init__: - args:(<async_selenium.async_element.AsyncElement object at 0x000001F980D7AEE0>, {'element-6066-11e4-a52e-4f735466cecf': 'a3b577b8-451e-4b41-b832-04ba8378f40a'}, 'http://localhost:51220/session/290a5e969c8256e14e2718ee1b577674', <aiohttp.client.ClientSession object at 0x000001F980D7A400>) - kwargs:{}
Traceback (most recent call last):
  File "C:\Users\iam2cc\Desktop\selfProject\test_framework\util\decorector.py", line 51, in inner_func
    func(*args, **kwargs)
  File "C:\Users\iam2cc\Desktop\selfProject\test_framework\async_selenium\async_element.py", line 18, in __init__
    self.element_id = element.values()[0]
TypeError: 'dict_values' object is not subscriptable
12:49:31 - TestReport - ERROR - FAILED reason:'dict_values' object is not subscriptable- method_name:test - args:(<async_test.HomePage object at 0x000001F980D7AD00>,) - kwargs:{}
Traceback (most recent call last):
  File "C:\Users\iam2cc\Desktop\selfProject\test_framework\util\decorector.py", line 71, in inner_func
    await func(*args, **kwargs)
  File "C:\Users\iam2cc\Desktop\selfProject\test_framework\async_selenium\async_test.py", line 20, in test
    element = await self.async_driver.click('xpath', '//*[@id="frame_box"]/header/header/div/ul/li[2]/a')
  File "C:\Users\iam2cc\Desktop\selfProject\test_framework\async_selenium\async_webdriver.py", line 81, in click
    element = await self.find_element(*location)
  File "C:\Users\iam2cc\Desktop\selfProject\test_framework\async_selenium\async_webdriver.py", line 77, in find_element
    return AsyncElement(element_info, self._url, self._session)
  File "C:\Users\iam2cc\Desktop\selfProject\test_framework\util\decorector.py", line 51, in inner_func
    func(*args, **kwargs)
  File "C:\Users\iam2cc\Desktop\selfProject\test_framework\async_selenium\async_element.py", line 18, in __init__
    self.element_id = element.values()[0]
TypeError: 'dict_values' object is not subscriptable
13:11:25 - TestReport - DEBUG - PASS- method_name:__init__: - args:(<async_selenium.async_element.AsyncElement object at 0x000001B605B9AEE0>, {'element-6066-11e4-a52e-4f735466cecf': 'edd07eff-273a-45cb-8437-482e57ea63dd'}, 'http://localhost:54946/session/3498ef27fad944d3a6feeae97a9269b4', <aiohttp.client.ClientSession object at 0x000001B605B9A3D0>) - kwargs:{}
13:11:25 - TestReport - DEBUG - PASS- method_name:test: - args:(<async_test.HomePage object at 0x000001B605B9ACD0>,) - kwargs:{}
13:12:35 - TestReport - DEBUG - PASS- method_name:__init__: - args:(<async_selenium.async_element.AsyncElement object at 0x000002A54F5CAEB0>, {'element-6066-11e4-a52e-4f735466cecf': '56076336-504d-4132-9faa-3a952672c2a6'}, 'http://localhost:55041/session/a4b096c1bd5f35fc9de13129d34e07fe', <aiohttp.client.ClientSession object at 0x000002A54F5CA400>) - kwargs:{}
13:12:35 - TestReport - DEBUG - PASS- method_name:test: - args:(<async_test.HomePage object at 0x000002A54F5CACD0>,) - kwargs:{}
13:14:24 - TestReport - DEBUG - PASS- method_name:__init__: - args:(<async_selenium.async_element.AsyncElement object at 0x000001C53370DE20>, {'element-6066-11e4-a52e-4f735466cecf': 'a4edf704-4372-4c0c-ab1f-9a42fb8d9736'}, 'http://localhost:55243/session/8a0ff9bc204b3bdbb246ecc2fe817e00', <aiohttp.client.ClientSession object at 0x000001C53370D310>) - kwargs:{}
13:14:24 - TestReport - DEBUG - PASS- method_name:test: - args:(<async_test.HomePage object at 0x000001C53370DFA0>,) - kwargs:{}
13:15:33 - TestReport - DEBUG - PASS- method_name:__init__: - args:(<async_selenium.async_element.AsyncElement object at 0x0000027FEB3ECE50>, {'element-6066-11e4-a52e-4f735466cecf': '55f03a9f-1e09-4502-9977-5cafcc732635'}, 'http://localhost:55437/session/1bb3b98b6a24d7cc6f8b65b54c9099d4', <aiohttp.client.ClientSession object at 0x0000027FEB3EC370>) - kwargs:{}
13:15:33 - TestReport - DEBUG - PASS- method_name:test: - args:(<async_test.HomePage object at 0x0000027FEB3ECFA0>,) - kwargs:{}
13:16:10 - TestReport - DEBUG - PASS- method_name:__init__: - args:(<async_selenium.async_element.AsyncElement object at 0x000001889530AEE0>, {'element-6066-11e4-a52e-4f735466cecf': '1284f32a-871d-48bc-a76c-4b1876f71ba5'}, 'http://localhost:55529/session/42dc74064a44d012142341dcfbfa5f1b', <aiohttp.client.ClientSession object at 0x000001889530A3D0>) - kwargs:{}
13:16:10 - TestReport - DEBUG - PASS- method_name:test: - args:(<async_test.HomePage object at 0x000001889530ACD0>,) - kwargs:{}
13:22:17 - TestReport - DEBUG - PASS- method_name:__init__: - args:(<async_selenium.async_element.AsyncElement object at 0x0000021A35AAAEE0>, {'element-6066-11e4-a52e-4f735466cecf': '2ccd7a1f-f3ea-4b03-8ac0-9a20b481ac47'}, 'http://localhost:58259/session/62f69d8d8497281b930225a941a822f1', <aiohttp.client.ClientSession object at 0x0000021A35AAA400>) - kwargs:{}
13:22:17 - TestReport - DEBUG - PASS- method_name:test: - args:(<async_test.HomePage object at 0x0000021A35AAAD00>,) - kwargs:{}
13:23:22 - TestReport - DEBUG - PASS- method_name:__init__: - args:(<async_selenium.async_element.AsyncElement object at 0x000001E5986BAF10>, {'element-6066-11e4-a52e-4f735466cecf': '73c20019-0dcc-471c-a52c-6592c52f2b7b'}, 'http://localhost:58375/session/4c34e08e592a02b11be17ff8f03ef75a', <aiohttp.client.ClientSession object at 0x000001E5986BA430>) - kwargs:{}
13:23:22 - TestReport - DEBUG - PASS- method_name:test: - args:(<async_test.HomePage object at 0x000001E5986BAD30>,) - kwargs:{}
13:24:42 - TestReport - DEBUG - PASS- method_name:__init__: - args:(<async_selenium.async_element.AsyncElement object at 0x000001453B2ADE80>, {'element-6066-11e4-a52e-4f735466cecf': 'b42a049d-9747-4e12-833f-78a01c2b5122'}, 'http://localhost:58545/session/2608f2d512c9664827f6ccdc715cea84', <aiohttp.client.ClientSession object at 0x000001453B2AD3A0>) - kwargs:{}
13:24:42 - TestReport - DEBUG - PASS- method_name:test: - args:(<async_test.HomePage object at 0x000001453B2ADCA0>,) - kwargs:{}
13:25:20 - TestReport - DEBUG - PASS- method_name:__init__: - args:(<async_selenium.async_element.AsyncElement object at 0x000001EDBECCAEE0>, {'element-6066-11e4-a52e-4f735466cecf': 'f1c1c956-8d61-4dea-89f6-be7c4dee144e'}, 'http://localhost:58658/session/0f2e5509552ba1ba3a049b6e8c2f8316', <aiohttp.client.ClientSession object at 0x000001EDBECCA400>) - kwargs:{}
13:25:20 - TestReport - DEBUG - PASS- method_name:test: - args:(<async_test.HomePage object at 0x000001EDBECCAD00>,) - kwargs:{}
13:26:25 - TestReport - DEBUG - PASS- method_name:__init__: - args:(<async_selenium.async_element.AsyncElement object at 0x000002C9D3A1DE50>, {'element-6066-11e4-a52e-4f735466cecf': 'fc66d795-1c37-462c-811e-43909e54c0c6'}, 'http://localhost:58778/session/8f260fa9c412546cb5a15ba71c294383', <aiohttp.client.ClientSession object at 0x000002C9D3A1D370>) - kwargs:{}
13:26:25 - TestReport - ERROR - FAILED reason:Message: unknown command: unknown command: session/8f260fa9c412546cb5a15ba71c294383/click
- method_name:test - args:(<async_test.HomePage object at 0x000002C9D3A1DFA0>,) - kwargs:{}
Traceback (most recent call last):
  File "C:\Users\iam2cc\Desktop\selfProject\test_framework\util\decorector.py", line 71, in inner_func
    await func(*args, **kwargs)
  File "C:\Users\iam2cc\Desktop\selfProject\test_framework\async_selenium\async_test.py", line 20, in test
    await self.async_driver.click('xpath', '//*[@id="frame_body"]/div/div[2]/div[1]/div[2]/div[2]/div[2]/div[1]/img')
  File "C:\Users\iam2cc\Desktop\selfProject\test_framework\async_selenium\async_webdriver.py", line 78, in click
    return await element.click()
  File "C:\Users\iam2cc\Desktop\selfProject\test_framework\async_selenium\async_element.py", line 43, in click
    return await self._command("AOST", '/click', json=json)
  File "C:\Users\iam2cc\Desktop\selfProject\test_framework\async_selenium\async_element.py", line 26, in _command
    return await super()._command(method, self.url + endpoint, self.session, **kwargs)
  File "C:\Users\iam2cc\Desktop\selfProject\test_framework\async_selenium\async_http_client.py", line 26, in _command
    self._error_handler.check_response(json_res)
  File "C:\Users\iam2cc\AppData\Roaming\Python\Python38\site-packages\selenium\webdriver\remote\errorhandler.py", line 242, in check_response
    raise exception_class(message, screen, stacktrace)
selenium.common.exceptions.WebDriverException: Message: unknown command: unknown command: session/8f260fa9c412546cb5a15ba71c294383/click

13:27:28 - TestReport - DEBUG - PASS- method_name:__init__: - args:(<async_selenium.async_element.AsyncElement object at 0x0000018C6E06AEE0>, {'element-6066-11e4-a52e-4f735466cecf': '26cebd19-b8ee-44e6-abad-f19d74d124d2'}, 'http://localhost:58889/session/c184c75c43b664ea065086c218e84e55', <aiohttp.client.ClientSession object at 0x0000018C6E06A400>) - kwargs:{}
13:27:28 - TestReport - DEBUG - PASS- method_name:test: - args:(<async_test.HomePage object at 0x0000018C6E06AD00>,) - kwargs:{}
13:28:04 - TestReport - DEBUG - PASS- method_name:__init__: - args:(<async_selenium.async_element.AsyncElement object at 0x000001A2490F5E20>, {'element-6066-11e4-a52e-4f735466cecf': 'd4725629-4fb0-434c-9c1b-a2a7d35ee245'}, 'http://localhost:58972/session/e9d88d2fff76966ba81be62fe5022291', <aiohttp.client.ClientSession object at 0x000001A2490F54C0>) - kwargs:{}
13:28:08 - TestReport - DEBUG - PASS- method_name:test: - args:(<async_test.HomePage object at 0x000001A2490F5D90>,) - kwargs:{}
13:30:33 - TestReport - DEBUG - PASS- method_name:__init__: - args:(<async_selenium.async_element.AsyncElement object at 0x0000021F3AD45F10>, {'element-6066-11e4-a52e-4f735466cecf': '036d654c-5e6e-430c-a3ef-6eca293c75e6'}, 'http://localhost:59308/session/17748b0d11ef500c4058e37c004b3a94', <aiohttp.client.ClientSession object at 0x0000021F3AD45460>) - kwargs:{}
13:30:33 - TestReport - DEBUG - PASS- method_name:test: - args:(<async_test.HomePage object at 0x0000021F3AD45D30>,) - kwargs:{}
13:32:26 - TestReport - DEBUG - PASS- method_name:__init__: - args:(<async_selenium.async_element.AsyncElement object at 0x000002665DB44F10>, {'element-6066-11e4-a52e-4f735466cecf': '902ad887-05ac-4e4c-8d82-08780fee9ea2'}, 'http://localhost:59480/session/3522f621b8b6c9abea07cf7c33467af0', <aiohttp.client.ClientSession object at 0x000002665DB44460>) - kwargs:{}
13:32:26 - TestReport - DEBUG - PASS- method_name:test: - args:(<async_test.HomePage object at 0x000002665DB44D30>,) - kwargs:{}
13:33:23 - TestReport - DEBUG - PASS- method_name:__init__: - args:(<async_selenium.async_element.AsyncElement object at 0x0000024D37C55E20>, {'element-6066-11e4-a52e-4f735466cecf': 'b99ce0e2-de72-4763-afc8-0b6a1d1d8773'}, 'http://localhost:59589/session/7d90203c4382b6e5ce0043c57b1c5da9', <aiohttp.client.ClientSession object at 0x0000024D37C554C0>) - kwargs:{}
13:33:23 - TestReport - DEBUG - PASS- method_name:test: - args:(<async_test.HomePage object at 0x0000024D37C55D90>,) - kwargs:{}
13:33:48 - TestReport - DEBUG - PASS- method_name:__init__: - args:(<async_selenium.async_element.AsyncElement object at 0x000001CCD395AEE0>, {'element-6066-11e4-a52e-4f735466cecf': 'a44ee1e0-9d85-426c-aaea-6b67a80456f0'}, 'http://localhost:59663/session/75563db59fb2fc8fa28c41abfd0430b0', <aiohttp.client.ClientSession object at 0x000001CCD395A430>) - kwargs:{}
13:33:48 - TestReport - DEBUG - PASS- method_name:test: - args:(<async_test.HomePage object at 0x000001CCD395AD00>,) - kwargs:{}
13:37:29 - TestReport - DEBUG - PASS- method_name:__init__: - args:(<async_selenium.async_element.AsyncElement object at 0x0000023128195F10>, {'element-6066-11e4-a52e-4f735466cecf': '40af8d0f-360e-49d3-8d8a-c1f8a3a2577e'}, 'http://localhost:57038/session/4e737100155544292d6fbca977202f58', <aiohttp.client.ClientSession object at 0x0000023128195460>) - kwargs:{}
13:37:29 - TestReport - DEBUG - PASS- method_name:test: - args:(<async_test.HomePage object at 0x0000023128195D30>,) - kwargs:{}
13:38:53 - TestReport - DEBUG - PASS- method_name:__init__: - args:(<async_selenium.async_element.AsyncElement object at 0x00000208CAEDDE50>, {'element-6066-11e4-a52e-4f735466cecf': 'b8ab2eed-c633-4780-8d5c-fbf7baca32ef'}, 'http://localhost:57175/session/1a639d0ad41a6e40dd86d2e9cf9db7d8', <aiohttp.client.ClientSession object at 0x00000208CAEDD370>) - kwargs:{}
13:38:53 - TestReport - DEBUG - PASS- method_name:test: - args:(<async_test.HomePage object at 0x00000208CAEDDF70>,) - kwargs:{}
13:41:59 - TestReport - ERROR - FAILED reason:Message: no such element: Unable to locate element: {"method":"xpath","selector":"//*[@id="frame_body"]/div/div[2]/div[1]/div[2]/div[2]/div[2]/div[1]/img"}
  (Session info: chrome=95.0.4638.69)
- method_name:test - args:(<async_test.HomePage object at 0x000001E006675D90>,) - kwargs:{}
Traceback (most recent call last):
  File "C:\Users\iam2cc\Desktop\selfProject\test_framework\util\decorector.py", line 71, in inner_func
    await func(*args, **kwargs)
  File "C:\Users\iam2cc\Desktop\selfProject\test_framework\async_selenium\async_test.py", line 20, in test
    await self.async_driver.click('xpath', '//*[@id="frame_body"]/div/div[2]/div[1]/div[2]/div[2]/div[2]/div[1]/img')
  File "C:\Users\iam2cc\Desktop\selfProject\test_framework\async_selenium\async_webdriver.py", line 77, in click
    element = await self.find_element(*location)
  File "C:\Users\iam2cc\Desktop\selfProject\test_framework\async_selenium\async_webdriver.py", line 73, in find_element
    element_info = await self._command('POST', endpoint, json=body)
  File "C:\Users\iam2cc\Desktop\selfProject\test_framework\async_selenium\async_webdriver.py", line 51, in _command
    return await super(AsyncBrowser, self)._command(method, self._url + endpoint, self._session, **kwargs)
  File "C:\Users\iam2cc\Desktop\selfProject\test_framework\async_selenium\async_http_client.py", line 27, in _command
    self._error_handler.check_response(json_res)
  File "C:\Users\iam2cc\AppData\Roaming\Python\Python38\site-packages\selenium\webdriver\remote\errorhandler.py", line 242, in check_response
    raise exception_class(message, screen, stacktrace)
selenium.common.exceptions.WebDriverException: Message: no such element: Unable to locate element: {"method":"xpath","selector":"//*[@id="frame_body"]/div/div[2]/div[1]/div[2]/div[2]/div[2]/div[1]/img"}
  (Session info: chrome=95.0.4638.69)

13:43:17 - TestReport - DEBUG - PASS- method_name:__init__: - args:(<async_selenium.async_element.AsyncElement object at 0x000001BBC5E1CEB0>, {'element-6066-11e4-a52e-4f735466cecf': '9df08164-38f8-4cf6-946b-01b74a41b081'}, 'http://localhost:57646/session/6c3efed80104d12c3cf10c91dbfe4305', <aiohttp.client.ClientSession object at 0x000001BBC5E1C400>) - kwargs:{}
13:43:17 - TestReport - DEBUG - PASS- method_name:test: - args:(<async_test.HomePage object at 0x000001BBC5E1CCD0>,) - kwargs:{}
13:44:28 - TestReport - ERROR - FAILED reason:Message: no such element: Unable to locate element: {"method":"xpath","selector":"//*[@id="s_kw_wrap"]/span[1]"}
  (Session info: chrome=95.0.4638.69)
- method_name:test - args:(<async_test.HomePage object at 0x000002C1A5F7BCA0>,) - kwargs:{}
Traceback (most recent call last):
  File "C:\Users\iam2cc\Desktop\selfProject\test_framework\util\decorector.py", line 71, in inner_func
    await func(*args, **kwargs)
  File "C:\Users\iam2cc\Desktop\selfProject\test_framework\async_selenium\async_test.py", line 20, in test
    await self.async_driver.click('xpath', '//*[@id="s_kw_wrap"]/span[1]')
  File "C:\Users\iam2cc\Desktop\selfProject\test_framework\async_selenium\async_webdriver.py", line 77, in click
    element = await self.find_element(*location)
  File "C:\Users\iam2cc\Desktop\selfProject\test_framework\async_selenium\async_webdriver.py", line 73, in find_element
    element_info = await self._command('POST', endpoint, json=body)
  File "C:\Users\iam2cc\Desktop\selfProject\test_framework\async_selenium\async_webdriver.py", line 51, in _command
    return await super(AsyncBrowser, self)._command(method, self._url + endpoint, self._session, **kwargs)
  File "C:\Users\iam2cc\Desktop\selfProject\test_framework\async_selenium\async_http_client.py", line 27, in _command
    self._error_handler.check_response(json_res)
  File "C:\Users\iam2cc\AppData\Roaming\Python\Python38\site-packages\selenium\webdriver\remote\errorhandler.py", line 242, in check_response
    raise exception_class(message, screen, stacktrace)
selenium.common.exceptions.WebDriverException: Message: no such element: Unable to locate element: {"method":"xpath","selector":"//*[@id="s_kw_wrap"]/span[1]"}
  (Session info: chrome=95.0.4638.69)

13:46:12 - TestReport - ERROR - FAILED reason:Message: no such element: Unable to locate element: {"method":"xpath","selector":"//*[@id="s_kw_wrap"]/span[1]"}
  (Session info: chrome=95.0.4638.69)
- method_name:test - args:(<async_test.HomePage object at 0x0000016A10C4AD00>,) - kwargs:{}
Traceback (most recent call last):
  File "C:\Users\iam2cc\Desktop\selfProject\test_framework\util\decorector.py", line 71, in inner_func
    await func(*args, **kwargs)
  File "C:\Users\iam2cc\Desktop\selfProject\test_framework\async_selenium\async_test.py", line 20, in test
    await self.async_driver.click('xpath', '//*[@id="s_kw_wrap"]/span[1]')
  File "C:\Users\iam2cc\Desktop\selfProject\test_framework\async_selenium\async_webdriver.py", line 77, in click
    element = await self.find_element(*location)
  File "C:\Users\iam2cc\Desktop\selfProject\test_framework\async_selenium\async_webdriver.py", line 73, in find_element
    element_info = await self._command('POST', endpoint, json=body)
  File "C:\Users\iam2cc\Desktop\selfProject\test_framework\async_selenium\async_webdriver.py", line 51, in _command
    return await super(AsyncBrowser, self)._command(method, self._url + endpoint, self._session, **kwargs)
  File "C:\Users\iam2cc\Desktop\selfProject\test_framework\async_selenium\async_http_client.py", line 27, in _command
    self._error_handler.check_response(json_res)
  File "C:\Users\iam2cc\AppData\Roaming\Python\Python38\site-packages\selenium\webdriver\remote\errorhandler.py", line 242, in check_response
    raise exception_class(message, screen, stacktrace)
selenium.common.exceptions.WebDriverException: Message: no such element: Unable to locate element: {"method":"xpath","selector":"//*[@id="s_kw_wrap"]/span[1]"}
  (Session info: chrome=95.0.4638.69)

13:47:17 - TestReport - ERROR - FAILED reason:Message: no such element: Unable to locate element: {"method":"xpath","selector":"//*[@id="s_kw_wrap"]/span[1]"}
  (Session info: chrome=95.0.4638.69)
- method_name:test - args:(<async_test.HomePage object at 0x00000215AA38DD00>,) - kwargs:{}
Traceback (most recent call last):
  File "C:\Users\iam2cc\Desktop\selfProject\test_framework\util\decorector.py", line 71, in inner_func
    await func(*args, **kwargs)
  File "C:\Users\iam2cc\Desktop\selfProject\test_framework\async_selenium\async_test.py", line 20, in test
    await self.async_driver.click('xpath', '//*[@id="s_kw_wrap"]/span[1]')
  File "C:\Users\iam2cc\Desktop\selfProject\test_framework\async_selenium\async_webdriver.py", line 78, in click
    element = await self.find_element(*location)
  File "C:\Users\iam2cc\Desktop\selfProject\test_framework\async_selenium\async_webdriver.py", line 74, in find_element
    element_info = await self._command('POST', endpoint, json=body)
  File "C:\Users\iam2cc\Desktop\selfProject\test_framework\async_selenium\async_webdriver.py", line 51, in _command
    return await super(AsyncBrowser, self)._command(method, self._url + endpoint, self._session, **kwargs)
  File "C:\Users\iam2cc\Desktop\selfProject\test_framework\async_selenium\async_http_client.py", line 27, in _command
    self._error_handler.check_response(json_res)
  File "C:\Users\iam2cc\AppData\Roaming\Python\Python38\site-packages\selenium\webdriver\remote\errorhandler.py", line 242, in check_response
    raise exception_class(message, screen, stacktrace)
selenium.common.exceptions.WebDriverException: Message: no such element: Unable to locate element: {"method":"xpath","selector":"//*[@id="s_kw_wrap"]/span[1]"}
  (Session info: chrome=95.0.4638.69)

13:48:22 - TestReport - DEBUG - PASS- method_name:__init__: - args:(<async_selenium.async_element.AsyncElement object at 0x0000022209175F40>, {'element-6066-11e4-a52e-4f735466cecf': 'f27dcae9-e984-4657-96d7-018534991e2d'}, 'http://localhost:60379/session/cbd168fa3ab77bdf1beb0eab9e408408', <aiohttp.client.ClientSession object at 0x0000022209175490>) - kwargs:{}
13:48:22 - TestReport - DEBUG - PASS- method_name:test: - args:(<async_test.HomePage object at 0x0000022209175D60>,) - kwargs:{}
13:48:51 - TestReport - DEBUG - PASS- method_name:__init__: - args:(<async_selenium.async_element.AsyncElement object at 0x000001C9E12FAE80>, {'element-6066-11e4-a52e-4f735466cecf': '516dbdc9-89b1-4e05-ac89-71f803d75f4f'}, 'http://localhost:60443/session/57500ce2b3d4a3da41adcb9f09a4a870', <aiohttp.client.ClientSession object at 0x000001C9E12FA3A0>) - kwargs:{}
13:48:52 - TestReport - DEBUG - PASS- method_name:test: - args:(<async_test.HomePage object at 0x000001C9E12FAFA0>,) - kwargs:{}
13:51:21 - TestReport - ERROR - FAILED reason:send_keys() missing 1 required keyword-only argument: 'text'- method_name:test - args:(<async_test.HomePage object at 0x000001FC64856D60>,) - kwargs:{}
Traceback (most recent call last):
  File "C:\Users\iam2cc\Desktop\selfProject\test_framework\util\decorector.py", line 71, in inner_func
    await func(*args, **kwargs)
  File "C:\Users\iam2cc\Desktop\selfProject\test_framework\async_selenium\async_test.py", line 20, in test
    await self.async_driver.send_keys('xpath', '//*[@id="su"]','123')
TypeError: send_keys() missing 1 required keyword-only argument: 'text'
13:53:05 - TestReport - DEBUG - PASS- method_name:__init__: - args:(<async_selenium.async_element.AsyncElement object at 0x0000019796015FD0>, {'element-6066-11e4-a52e-4f735466cecf': '20cc9b67-1d66-4e05-9103-985dafbacc76'}, 'http://localhost:60882/session/aa959cb1eb103c49cc03669a84de80b0', <aiohttp.client.ClientSession object at 0x00000197960154F0>) - kwargs:{}
13:53:05 - TestReport - DEBUG - PASS- method_name:test: - args:(<async_test.HomePage object at 0x0000019796015DF0>,) - kwargs:{}
14:33:56 - TestReport - DEBUG - PASS- method_name:__init__: - args:(<async_selenium.async_element.AsyncElement object at 0x0000013E5B545FA0>, {'element-6066-11e4-a52e-4f735466cecf': '8cb6d889-bc18-4fa0-952d-8c42578e1699'}, 'http://localhost:59087/session/e7cd067a6a7c2d382f4104462e32f1d6', <aiohttp.client.ClientSession object at 0x0000013E5B5454C0>) - kwargs:{}
14:33:57 - TestReport - DEBUG - PASS- method_name:test: - args:(<async_test.HomePage object at 0x0000013E5B545DC0>,) - kwargs:{}
14:34:09 - TestReport - DEBUG - PASS- method_name:__init__: - args:(<async_selenium.async_element.AsyncElement object at 0x000002239A1C5FA0>, {'element-6066-11e4-a52e-4f735466cecf': '9ab504f2-6c78-4641-b351-caa4d2cdec68'}, 'http://localhost:59139/session/c5367314ac53e76961ca196f4e9799e6', <aiohttp.client.ClientSession object at 0x000002239A1C54C0>) - kwargs:{}
14:34:09 - TestReport - DEBUG - PASS- method_name:test: - args:(<async_test.HomePage object at 0x000002239A1C5DC0>,) - kwargs:{}
14:34:14 - TestReport - DEBUG - PASS- method_name:__init__: - args:(<async_selenium.async_element.AsyncElement object at 0x0000020012515F40>, {'element-6066-11e4-a52e-4f735466cecf': '948e36f3-efef-4eaa-8dc0-dedfce32a7bd'}, 'http://localhost:59180/session/ac928c2700a05639d29bfdd3a5a41f66', <aiohttp.client.ClientSession object at 0x0000020012515460>) - kwargs:{}
14:34:15 - TestReport - DEBUG - PASS- method_name:test: - args:(<async_test.HomePage object at 0x0000020012515D60>,) - kwargs:{}
14:34:59 - TestReport - DEBUG - PASS- method_name:__init__: - args:(<async_selenium.async_element.AsyncElement object at 0x000001FDCF00BF10>, {'element-6066-11e4-a52e-4f735466cecf': '48215b27-2ad6-4d79-80ed-dfab91184b65'}, 'http://localhost:59329/session/bc04faf074266923bd06bcc10b37b333', <aiohttp.client.ClientSession object at 0x000001FDCF00B460>) - kwargs:{}
14:35:02 - TestReport - DEBUG - PASS- method_name:test: - args:(<async_test.HomePage object at 0x000001FDCF00BD30>,) - kwargs:{}
14:35:49 - TestReport - DEBUG - PASS- method_name:__init__: - args:(<async_selenium.async_element.AsyncElement object at 0x000001F5D391CEE0>, {'element-6066-11e4-a52e-4f735466cecf': 'ea4d8143-ad99-46ba-ae53-78702b9e5498'}, 'http://localhost:59422/session/7308e65e94b402c39a575bf8f4863d91', <aiohttp.client.ClientSession object at 0x000001F5D391C430>) - kwargs:{}
14:35:59 - TestReport - DEBUG - PASS- method_name:test: - args:(<async_test.HomePage object at 0x000001F5D391CD00>,) - kwargs:{}
14:37:01 - TestReport - DEBUG - PASS- method_name:__init__: - args:(<async_selenium.async_element.AsyncElement object at 0x0000020E3F325FD0>, {'element-6066-11e4-a52e-4f735466cecf': 'baaac0eb-063f-4572-9f1b-c94b81e135d2'}, 'http://localhost:59542/session/eb4a757c09f4cf8a7355e450143ea4d3', <aiohttp.client.ClientSession object at 0x0000020E3F3254F0>) - kwargs:{}
14:37:11 - TestReport - DEBUG - PASS- method_name:test: - args:(<async_test.HomePage object at 0x0000020E3F325DF0>,) - kwargs:{}
14:38:44 - TestReport - DEBUG - PASS- method_name:__init__: - args:(<async_selenium.async_element.AsyncElement object at 0x000001F5D792AF10>, {'element-6066-11e4-a52e-4f735466cecf': '39eca16b-9691-47a3-b5e5-b57cb37a68d2'}, 'http://localhost:59708/session/9155792bbf73b3659c9e1f0c6d67a90c', <aiohttp.client.ClientSession object at 0x000001F5D792A430>) - kwargs:{}
14:38:55 - TestReport - DEBUG - PASS- method_name:test: - args:(<async_test.HomePage object at 0x000001F5D792AD30>,) - kwargs:{}
14:40:09 - TestReport - DEBUG - PASS- method_name:__init__: - args:(<async_selenium.async_element.AsyncElement object at 0x000001A30297AF10>, {'element-6066-11e4-a52e-4f735466cecf': '6e9dd1f4-87d7-413d-a1de-8d0c8488e9f1'}, 'http://localhost:59960/session/7f60d986e89c04abea298b8637b2cfa5', <aiohttp.client.ClientSession object at 0x000001A30297A430>) - kwargs:{}
14:40:20 - TestReport - DEBUG - PASS- method_name:test: - args:(<async_test.HomePage object at 0x000001A30297AD30>,) - kwargs:{}
